1.5714285714285714
0.9285714285714286
1.4285714285714286
0.9285714285714286
1.5714285714285714
1.5
1.0714285714285714
1.5714285714285714
1.1428571428571428
1.5
1.7142857142857142
1.5714285714285714
1.6428571428571428
1.2142857142857142
0.7857142857142857
1.3571428571428572
1.6428571428571428
1.2142857142857142
1.7142857142857142
1.7142857142857142
1.2857142857142858
1.5
1.8571428571428572
1.4285714285714286
1.8571428571428572
1.5
1.2857142857142858
1.7142857142857142
1.4285714285714286
1.7857142857142858
1.5714285714285714
1.2857142857142858
1.2142857142857142
1.7142857142857142
1.6428571428571428
1.2857142857142858
1.5
1.4285714285714286
1.3571428571428572
1.5
1.5714285714285714
1.5
1.2857142857142858
1.6428571428571428
1.5714285714285714
1.8571428571428572
1
1.4285714285714286
1.3571428571428572
1.7142857142857142
