0.06666666666666667
1.3333333333333333
0.06666666666666667
0.13333333333333333
0.13333333333333333
1.3333333333333333
0.13333333333333333
0.13333333333333333
0.06666666666666667
0
0.06666666666666667
0.13333333333333333
0
0.13333333333333333
0.13333333333333333
0.13333333333333333
0.13333333333333333
0.3333333333333333
1.5333333333333334
0.06666666666666667
1.5333333333333334
0.4
1.6666666666666667
0.13333333333333333
0
0.2
0.26666666666666666
0.26666666666666666
0.06666666666666667
0.06666666666666667
1.3333333333333333
1.5333333333333334
1.6666666666666667
1.8
0.06666666666666667
0.06666666666666667
1.2666666666666666
1.4
0.13333333333333333
0.3333333333333333
0.06666666666666667
1.4666666666666666
1.5333333333333334
0.06666666666666667
0.13333333333333333
0.13333333333333333
0.13333333333333333
1.4666666666666666
1.7333333333333334
1.2
