0.7555555555555555
0.6
0.7
0.6888888888888889
0.7222222222222222
0.7111111111111111
0.6444444444444445
0.6666666666666666
0.7
0.7777777777777778
0.6777777777777778
0.6333333333333333
0.7
0.6555555555555556
0.7222222222222222
0.6555555555555556
0.7555555555555555
0.7111111111111111
0.8111111111111111
0.7111111111111111
0.7333333333333333
0.7
0.7
0.6222222222222222
0.7666666666666667
0.6222222222222222
0.6333333333333333
0.7777777777777778
0.6666666666666666
0.7111111111111111
0.7666666666666667
0.6666666666666666
0.6888888888888889
0.6666666666666666
0.6666666666666666
0.7111111111111111
0.7
0.7444444444444445
0.6333333333333333
0.6888888888888889
0.7333333333333333
0.6555555555555556
0.7111111111111111
0.5777777777777777
0.6444444444444445
0.6888888888888889
0.7
0.7111111111111111
0.6222222222222222
0.6
