0.7833333333333333
0.7166666666666667
0.7
0.6833333333333333
0.65
0.7666666666666667
0.7666666666666667
0.7333333333333333
0.65
0.6
0.6666666666666666
0.6833333333333333
0.7166666666666667
0.6833333333333333
0.7833333333333333
0.7166666666666667
0.6666666666666666
0.7333333333333333
0.6333333333333333
0.7166666666666667
0.7333333333333333
0.7333333333333333
0.7
0.6333333333333333
0.75
0.6666666666666666
0.6333333333333333
0.6666666666666666
0.65
0.6833333333333333
0.6833333333333333
0.6833333333333333
0.65
0.6166666666666667
0.7166666666666667
0.6833333333333333
0.7
0.6333333333333333
0.5833333333333334
0.8
0.5666666666666667
0.5833333333333334
0.7666666666666667
0.8166666666666667
0.65
0.6833333333333333
0.75
0.5833333333333334
0.7
0.75
