0.05555555555555555
0.05555555555555555
1.3333333333333333
0.05555555555555555
0.05555555555555555
0
0
0
0
0.2777777777777778
0.16666666666666666
0.05555555555555555
1.4444444444444444
0
0.1111111111111111
0.1111111111111111
0
0.16666666666666666
0.1111111111111111
1.4444444444444444
1.3333333333333333
0.05555555555555555
0
1.4444444444444444
0.16666666666666666
0.2777777777777778
0.3333333333333333
0.1111111111111111
0.1111111111111111
0
0.1111111111111111
0.1111111111111111
0.16666666666666666
0.05555555555555555
0.3333333333333333
0.05555555555555555
0
0.1111111111111111
0
0
0.05555555555555555
0.05555555555555555
0.1111111111111111
0.16666666666666666
0.05555555555555555
0.1111111111111111
0.1111111111111111
0.05555555555555555
0
0.05555555555555555
