0.07142857142857142
0.07142857142857142
0.14285714285714285
0.03571428571428571
0.07142857142857142
0
0.03571428571428571
0.03571428571428571
0.03571428571428571
0.14285714285714285
0.07142857142857142
0
0
0
0.03571428571428571
0
0.03571428571428571
0.17857142857142858
0
0.03571428571428571
0
0
0
0.03571428571428571
0.03571428571428571
0
0.03571428571428571
0.07142857142857142
0.25
0.03571428571428571
0.03571428571428571
0
0
0.03571428571428571
0.10714285714285714
0
0.03571428571428571
0
0.03571428571428571
0
0.07142857142857142
0.07142857142857142
0.03571428571428571
0.10714285714285714
0
0.07142857142857142
0.07142857142857142
0.07142857142857142
0
0.07142857142857142
