0.5769230769230769
0.7307692307692307
0.7307692307692307
0.6538461538461539
0.8846153846153846
1.1923076923076923
1.2692307692307692
0.46153846153846156
1.2307692307692308
1.0384615384615385
1.3846153846153846
1.2307692307692308
1.2307692307692308
1.1538461538461537
0.6153846153846154
1.1923076923076923
1.1538461538461537
0.9615384615384616
0.6538461538461539
0.6538461538461539
0.7692307692307693
1
1.3076923076923077
0.6153846153846154
0.5769230769230769
1.1538461538461537
1
1.0384615384615385
0.9230769230769231
1.0769230769230769
0.6923076923076923
1.1153846153846154
0.6923076923076923
1
0.5
0.5384615384615384
0.9615384615384616
1.2307692307692308
1.3461538461538463
0.7692307692307693
0.6923076923076923
1.0769230769230769
1.0769230769230769
0.7692307692307693
0.6538461538461539
1.0384615384615385
0.6923076923076923
0.7307692307692307
0.7692307692307693
0.8461538461538461
