1.2727272727272727
0.8636363636363636
1
1.1818181818181819
1.1818181818181819
1.2272727272727273
1.0454545454545454
0.7272727272727273
1.2272727272727273
1.4090909090909092
1.3636363636363635
0.6818181818181818
1.0909090909090908
1.3636363636363635
1.2272727272727273
1.2727272727272727
1.0909090909090908
1.3636363636363635
0.7272727272727273
1.0454545454545454
1.0909090909090908
1.0909090909090908
1.1818181818181819
1.2727272727272727
1
1.1818181818181819
1.1363636363636365
1.1818181818181819
1.3636363636363635
1.2727272727272727
1.1818181818181819
1.2272727272727273
1.3636363636363635
0.45454545454545453
0.5909090909090909
0.7272727272727273
1.2727272727272727
0.6363636363636364
1.2727272727272727
1.2272727272727273
1
0.5909090909090909
1.4090909090909092
0.5909090909090909
0.9545454545454546
1.3636363636363635
1.0909090909090908
1.1818181818181819
0.5909090909090909
0.45454545454545453
