0.041666666666666664
0.08333333333333333
0
0
0
0.041666666666666664
0.041666666666666664
0.041666666666666664
0.041666666666666664
0.041666666666666664
0
0.041666666666666664
0.16666666666666666
0.041666666666666664
0.20833333333333334
0
0
0.041666666666666664
0
0.041666666666666664
0.5833333333333334
0.041666666666666664
0
0
0.041666666666666664
0
0.125
0.041666666666666664
0
0.041666666666666664
0
0.125
0
0.041666666666666664
0.16666666666666666
0
0.25
0.375
0
0.041666666666666664
0.20833333333333334
0.08333333333333333
0.041666666666666664
1.375
0.041666666666666664
0.08333333333333333
0.041666666666666664
0.08333333333333333
0.041666666666666664
0.041666666666666664
