1.5
0.07142857142857142
0
0.07142857142857142
1.3571428571428572
1.5
0
1.7857142857142858
1.2857142857142858
1.0714285714285714
1.5
1.7142857142857142
1.5
0
0.14285714285714285
0.14285714285714285
1.2142857142857142
1.9285714285714286
1.7142857142857142
1.8571428571428572
1.4285714285714286
1.2142857142857142
1.5
0.07142857142857142
1.5
0.07142857142857142
0.21428571428571427
0.14285714285714285
0.07142857142857142
0.07142857142857142
0.14285714285714285
0.07142857142857142
1.6428571428571428
0.21428571428571427
1.7857142857142858
0.2857142857142857
0.14285714285714285
1.8571428571428572
1.6428571428571428
0.07142857142857142
0
0.07142857142857142
0
0.07142857142857142
0.21428571428571427
0.21428571428571427
1.4285714285714286
0.14285714285714285
1.3571428571428572
1.9285714285714286
