1.5333333333333334
1.6
1.6666666666666667
1.2666666666666666
1.5333333333333334
0.9333333333333333
1.4
1.4
0.8
1.6666666666666667
1.3333333333333333
1.5333333333333334
1.8666666666666667
1.3333333333333333
1.3333333333333333
1.8
1.6
1.6
1.2666666666666666
1.6666666666666667
1.2666666666666666
1.7333333333333334
1.2
0.6666666666666666
1.4
1.6
1.3333333333333333
1.6
1.5333333333333334
1.2666666666666666
1.4
1.5333333333333334
1.5333333333333334
1.3333333333333333
1.2666666666666666
1.6666666666666667
1.4
1.5333333333333334
1.8
1.2666666666666666
1.3333333333333333
1.5333333333333334
1.4666666666666666
1.1333333333333333
1.6666666666666667
1.7333333333333334
1.7333333333333334
1.5333333333333334
1.4
1.6
