1.6666666666666667
1.8333333333333333
1.8333333333333333
1.8333333333333333
1.5833333333333333
2.25
1.8333333333333333
1.5
1.4166666666666667
1.5
1.6666666666666667
1.75
1.5
1
1.5833333333333333
1.6666666666666667
1.6666666666666667
1.9166666666666667
1.6666666666666667
1.6666666666666667
2
1.6666666666666667
1.8333333333333333
1.8333333333333333
1.4166666666666667
1.8333333333333333
1.4166666666666667
2
1.8333333333333333
1.5833333333333333
1.6666666666666667
1.75
1.25
1.1666666666666667
1.6666666666666667
1.6666666666666667
1.8333333333333333
1.75
1.6666666666666667
1.5833333333333333
2.0833333333333335
1.5833333333333333
1.5833333333333333
1.8333333333333333
1.3333333333333333
1.5833333333333333
1.1666666666666667
1.5833333333333333
1.8333333333333333
1.3333333333333333
