1.2777777777777777
1.2777777777777777
1.2777777777777777
1.5
1.2222222222222223
0.4444444444444444
1.5555555555555556
1.3333333333333333
0.6111111111111112
1.5555555555555556
1.5
1.2222222222222223
1.3888888888888888
1.3333333333333333
1.6111111111111112
1.1666666666666667
1.1666666666666667
0.5555555555555556
1.3333333333333333
1.3888888888888888
0.8333333333333334
1.2222222222222223
1.3888888888888888
1.6111111111111112
1.4444444444444444
0.8888888888888888
1.2777777777777777
1.3333333333333333
1.0555555555555556
0.9444444444444444
1.5555555555555556
1.3888888888888888
1.0555555555555556
1.6666666666666667
1.4444444444444444
1.3333333333333333
1.0555555555555556
1.3888888888888888
1.4444444444444444
1.5
1.1666666666666667
1.2777777777777777
1.1666666666666667
1.4444444444444444
0.6111111111111112
1.2222222222222223
1.5555555555555556
1.1666666666666667
0.7777777777777778
1.1666666666666667
