0.5833333333333334
1.125
1.4166666666666667
1.2083333333333333
1.2916666666666667
0.625
1.25
1.2916666666666667
0.7916666666666666
1.125
1.2083333333333333
1.0833333333333333
0.5833333333333334
0.75
0.9166666666666666
1.1666666666666667
0.6666666666666666
0.625
0.75
1.25
0.5416666666666666
0.75
0.8333333333333334
1.2916666666666667
1.25
1.125
0.8333333333333334
1.1666666666666667
1.25
1.2083333333333333
1.2083333333333333
1.3333333333333333
1.0833333333333333
0.5416666666666666
0.9583333333333334
0.7083333333333334
1.2083333333333333
1
0.5416666666666666
0.625
1.3333333333333333
0.5
0.7916666666666666
1.0833333333333333
0.6666666666666666
1.375
0.6666666666666666
0.6666666666666666
1.25
0.7083333333333334
