0.14285714285714285
0
0
1.6428571428571428
0
0.5
1.6428571428571428
1.4285714285714286
0.07142857142857142
0
0.14285714285714285
0.07142857142857142
0
0.07142857142857142
1.6428571428571428
1.3571428571428572
1.3571428571428572
0.07142857142857142
1.2857142857142858
0.07142857142857142
0.07142857142857142
0
0
0.07142857142857142
1.3571428571428572
1.7142857142857142
1.4285714285714286
0.07142857142857142
0
0.07142857142857142
1.5714285714285714
0
0
0
0.2857142857142857
0
0.14285714285714285
1.4285714285714286
0.14285714285714285
0
1.3571428571428572
0.14285714285714285
1.5
0
1.5
1.6428571428571428
0
1.5714285714285714
1.7142857142857142
0
