0.16666666666666666
1.75
0.08333333333333333
1.6666666666666667
1.8333333333333333
0.16666666666666666
0.08333333333333333
1.8333333333333333
0
1.5
1.75
1.75
0
0
1.4166666666666667
1.4166666666666667
0
0
1.75
1.8333333333333333
1.6666666666666667
1.8333333333333333
0.08333333333333333
1.75
1.5833333333333333
0
0
0.16666666666666666
0.16666666666666666
1.8333333333333333
0
1.75
1.75
1.6666666666666667
1.4166666666666667
0
1.3333333333333333
0
0
0
0
1.5833333333333333
0
1.3333333333333333
1.6666666666666667
0.08333333333333333
1.5833333333333333
0
1.75
1.6666666666666667
