0.9666666666666667
1.1666666666666667
0.6
1.3666666666666667
0.6333333333333333
0.6666666666666666
0.7
0.7333333333333333
1.1666666666666667
0.6333333333333333
0.7666666666666667
0.8333333333333334
0.8333333333333334
0.5333333333333333
1.0333333333333334
0.9
0.8666666666666667
1.2333333333333334
0.6333333333333333
0.7333333333333333
0.7666666666666667
1.0666666666666667
1.1333333333333333
0.5333333333333333
1.2666666666666666
0.9666666666666667
1.1
0.7666666666666667
1.0666666666666667
1.0666666666666667
1.2666666666666666
0.6333333333333333
0.7333333333333333
0.6333333333333333
0.7333333333333333
0.7333333333333333
0.6666666666666666
1.1
1.1666666666666667
1.0333333333333334
0.6666666666666666
0.5666666666666667
0.8
0.8666666666666667
0.6
0.5
1.2
0.5666666666666667
0.6666666666666666
0.7333333333333333
