0.05555555555555555
0.1111111111111111
0.05555555555555555
0
0.1111111111111111
0
0.1111111111111111
0.1111111111111111
0
1.2777777777777777
0.16666666666666666
1.5
0.05555555555555555
0.05555555555555555
0.05555555555555555
0.05555555555555555
0
0
0.05555555555555555
0.1111111111111111
1.5555555555555556
0.1111111111111111
0.1111111111111111
1.6666666666666667
0.05555555555555555
1.2222222222222223
0
0.16666666666666666
0.05555555555555555
1.4444444444444444
1.6111111111111112
0.3888888888888889
0
0.1111111111111111
0.3333333333333333
1.2777777777777777
0.1111111111111111
1.2222222222222223
0.1111111111111111
0.05555555555555555
0
0.1111111111111111
0.1111111111111111
0
1.4444444444444444
0.1111111111111111
0
1.2777777777777777
0.2222222222222222
1.3333333333333333
