0
0.1111111111111111
0.1111111111111111
0.05555555555555555
0
0.1111111111111111
0.05555555555555555
0
0.1111111111111111
0
1.2777777777777777
0
0
0
0.05555555555555555
0
1.4444444444444444
0.1111111111111111
0.05555555555555555
0.2777777777777778
0
0
0.1111111111111111
0
0
0
0
0
0
0
0.05555555555555555
1.4444444444444444
0
0.05555555555555555
0
0
0
1.4444444444444444
0
0.2777777777777778
1.3888888888888888
0.05555555555555555
0
0.05555555555555555
0.05555555555555555
0
1.3888888888888888
0
0
0
