0.07142857142857142
1.5714285714285714
1.4285714285714286
1.7142857142857142
0.14285714285714285
1.2857142857142858
0.07142857142857142
0
0.14285714285714285
0.14285714285714285
0
0.14285714285714285
0.07142857142857142
0.07142857142857142
1.6428571428571428
1.4285714285714286
1.7857142857142858
0.21428571428571427
1.2857142857142858
1.4285714285714286
0.07142857142857142
0
1.2142857142857142
0.07142857142857142
0.07142857142857142
1.1428571428571428
0.8571428571428571
0.14285714285714285
1.7857142857142858
1.4285714285714286
0
0.2857142857142857
0.07142857142857142
0.21428571428571427
0.21428571428571427
1.5714285714285714
1.5714285714285714
1.7857142857142858
0
0.07142857142857142
1.5714285714285714
1.8571428571428572
0.07142857142857142
1.7142857142857142
1.4285714285714286
0.21428571428571427
1.4285714285714286
1.6428571428571428
1.8571428571428572
1.5
