0
0.038461538461538464
0.07692307692307693
0
0.07692307692307693
0.038461538461538464
0.07692307692307693
0.19230769230769232
0.038461538461538464
0.3076923076923077
0.07692307692307693
0.038461538461538464
0.038461538461538464
0.07692307692307693
0.038461538461538464
0.07692307692307693
0.11538461538461539
0.038461538461538464
0.038461538461538464
0
0
0.038461538461538464
0.038461538461538464
0.07692307692307693
0
0.038461538461538464
0.038461538461538464
0.11538461538461539
0
0
1.3461538461538463
0
0.038461538461538464
0
0.038461538461538464
0
0.07692307692307693
0.11538461538461539
0
0.15384615384615385
0
0.038461538461538464
0.038461538461538464
0.07692307692307693
0.038461538461538464
0.07692307692307693
0
0.07692307692307693
0.15384615384615385
0.11538461538461539
