0.7681159420289855
0.6666666666666666
0.5797101449275363
0.6086956521739131
0.6811594202898551
0.6811594202898551
0.6376811594202898
0.5942028985507246
0.7246376811594203
0.7391304347826086
0.6376811594202898
0.6376811594202898
0.7536231884057971
0.6956521739130435
0.7101449275362319
0.7536231884057971
0.6811594202898551
0.5797101449275363
0.6521739130434783
0.7681159420289855
0.5507246376811594
0.6811594202898551
0.6666666666666666
0.9420289855072463
0.6666666666666666
0.7101449275362319
0.6956521739130435
0.6376811594202898
0.6376811594202898
0.6956521739130435
0.6376811594202898
0.6956521739130435
0.6956521739130435
0.6811594202898551
0.782608695652174
0.6666666666666666
0.7536231884057971
0.6231884057971014
0.5797101449275363
0.5942028985507246
0.7681159420289855
0.7971014492753623
0.6086956521739131
0.6666666666666666
0.7391304347826086
0.7101449275362319
0.6811594202898551
0.6811594202898551
0.6666666666666666
0.6376811594202898
