        2.359854e-32
        8.532351e-32
        7.164811e-32
        5.349035e-32
        3.488260e-32
        1.356377e-30
        1.450052e-32
        1.659275e-01
        3.324143e-01
        2.945175e-01
        8.329607e-32
        5.302478e-01
        2.471746e-07
        7.072322e-01
        1.029581e-07
        2.877836e-01
        2.951492e-02
        2.305488e-31
        2.493559e-09
        1.716834e-02
        5.890677e-01
        5.376753e-32
        2.499765e-01
        5.718045e-02
        3.459293e-01
        2.916300e-08
        2.136180e-07
        4.247513e-32
        1.000857e+00
        2.302603e-07
        1.036317e-07
        1.422160e-31
        1.786080e-32
        8.374055e-11
        9.486555e-08
        1.230455e-31
        5.227447e-31
        9.131040e-02
        6.253561e-02
        3.043545e-01
        4.854802e-32
        2.510463e-32
        7.804675e-33
        1.544697e-01
        2.237825e-32
        5.988573e-32
        7.446731e-02
        1.064636e-32
        1.589202e-32
        5.575015e-01
