        9.638439e-08
        1.249159e-31
        5.264413e-32
        1.151410e-31
        2.103087e-08
        4.113182e-32
        7.170135e-33
        4.234872e-32
        4.070124e-09
        1.224505e-32
        2.048257e-32
        7.295251e-09
        1.966109e-33
        1.676318e-08
        7.456309e-33
        1.229684e-31
        4.819127e-32
        5.843927e-32
        3.384675e-32
        6.249012e-32
        7.835364e-08
        3.276554e-32
        6.964484e-32
        2.162988e-32
        2.072710e-32
        2.860037e-32
        6.526346e-32
        1.482713e-32
        4.904668e-32
        1.567064e-31
        3.138739e-32
        7.674368e-33
        2.494881e-33
        2.268400e-08
        1.524080e-32
        1.731052e-31
        7.129207e-32
        3.100069e-32
        3.718595e-32
        2.155261e-08
        9.813004e-33
        3.027266e-32
        4.914993e-34
        3.734373e-32
        5.451852e-08
        3.293705e-32
        4.331247e-32
        4.482925e-32
        6.057307e-32
        1.722547e-08
