        1.386048e-31
        1.298181e-07
        3.022912e-32
        8.176742e-32
        3.619969e-32
        3.165057e-09
        2.971641e-31
        9.431345e-02
        1.147493e-08
        1.765525e-32
        1.577671e-01
        5.232823e-32
        2.862364e-07
        4.630761e-01
        4.801476e-07
        9.333190e-02
        9.313961e-32
        2.473828e-01
        5.886080e-32
        5.556744e-07
        4.632682e-32
        2.593726e-32
        4.051049e-01
        5.553292e-02
        1.796871e-07
        8.888339e-10
        7.038895e-02
        4.791116e-01
        5.742787e-32
        3.134789e-01
        1.345972e-01
        7.451761e-32
        1.128396e-01
        1.172783e-07
        7.116022e-09
        3.902713e-01
        4.031014e-01
        5.155393e-02
        1.730158e-08
        2.385505e-07
        2.696600e-32
        2.638371e-02
        3.997776e-01
        3.387216e-01
        1.743226e-31
        7.708296e-33
        8.012712e-32
        2.552310e-07
        1.580968e-32
        3.552651e-01
