        5.180765e-01
        9.775701e-01
        9.792673e-02
        3.315387e-01
        1.485280e-01
        9.503290e-01
        9.277542e-03
        1.460364e+00
        2.228683e-01
        8.722096e-01
        7.437349e-01
        1.114314e-02
        4.096406e-02
        7.258867e-01
        1.087418e+00
        2.447878e-01
        3.591639e-01
        8.486515e-32
        1.192221e+00
        1.958631e-01
        2.816380e-02
        4.315061e-01
        2.986825e-01
        1.205775e+00
        8.380613e-02
        3.915430e-01
        1.711263e-01
        1.321745e-01
        4.791393e-01
        7.709201e-02
        5.951856e-01
        1.929104e-01
        1.254053e-03
        6.699728e-02
        3.222876e-01
        1.825991e-01
        1.128634e-01
        1.363393e+00
        2.606722e-01
        8.033371e-02
        5.745146e-02
        5.602048e-02
        2.134548e-01
        5.048519e-01
        1.113544e+00
        1.184925e-01
        5.565389e-04
        1.301884e+00
        2.999363e-01
        2.784108e-02
