        1.356936e-08
        1.276323e-07
        8.978029e-34
        1.019029e-32
        8.740867e-32
        5.575630e-32
        1.836526e-32
        6.507237e-32
        1.410732e-31
        1.915507e-32
        1.900430e-09
        5.720663e-32
        3.995447e-32
        9.274546e-32
        3.252112e-32
        5.834195e-32
        5.679712e-10
        4.095870e-32
        1.357832e-31
        4.692680e-32
        1.712340e-09
        7.505864e-32
        8.089106e-32
        5.186335e-32
        2.254650e-32
        1.363400e-32
        1.257687e-32
        1.321168e-32
        1.017429e-32
        3.479191e-09
        1.491564e-09
        5.341562e-09
