        1.049909e-31
        6.271294e-32
        4.692402e-32
        1.466138e-31
        1.946981e-32
        4.420228e-32
        4.669356e-32
        6.350579e-10
        2.851378e-32
        5.100306e-32
        1.641640e-09
        8.703518e-32
        2.018292e-10
        1.538476e-32
        3.725146e-32
        7.515487e-32
        3.172368e-32
        4.592172e-32
        1.707130e-32
        9.691979e-32
        3.784604e-32
        1.147601e-32
        1.283804e-31
        1.570689e-32
        2.807824e-08
        5.983509e-32
        5.683247e-32
        3.953532e-33
        4.017221e-33
        4.740431e-32
        2.450059e-32
        1.465129e-32
        1.688041e-32
        5.094558e-32
        1.655075e-32
        8.949153e-32
        1.019473e-32
        6.320134e-32
        1.483913e-31
        3.959453e-32
        6.834089e-33
        4.726574e-32
        5.877619e-32
        2.025383e-32
        2.189481e-08
        5.450288e-09
        7.936979e-32
        8.265348e-32
        7.943277e-33
        3.770169e-32
