        6.738922e-10
        1.875721e-08
        5.526774e-32
        4.466049e-01
        1.149951e-07
        5.504301e-32
        3.929781e-32
        5.081176e-32
        7.741332e-08
        3.534674e-31
        1.602891e-31
        1.981102e-32
        1.139785e-07
        3.392859e-32
        2.367970e-32
        3.340350e-33
        1.103832e-07
        1.145081e-31
        4.165350e-32
        3.010921e-31
        2.599379e-32
        1.866779e-07
        1.904554e-32
        6.469261e-08
        4.929124e-32
        5.773751e-33
        3.246158e-08
        1.415556e-07
        6.481803e-08
        3.483567e-32
        1.036470e-07
        1.402407e-08
        2.121662e-32
        1.520826e-32
        3.178912e-31
        1.720014e-33
        4.792349e-33
        4.129583e-08
        2.087519e-32
        1.310125e-32
        4.806215e-01
        5.194415e-32
        4.145082e-08
        5.790896e-32
        4.343127e-32
        5.975803e-32
        1.313702e-01
        4.595667e-32
        4.473045e-08
        6.322565e-32
