        1.607271e-31
        2.865170e-32
        2.009610e-32
        1.266541e-32
        6.271647e-33
        6.470108e-02
        5.976995e-32
        9.026318e-32
        2.308529e-32
        1.360041e-32
        3.767446e-32
        1.990185e-09
        6.135813e-08
        1.241743e-32
        7.759045e-32
        5.421221e-08
        3.038447e-32
        7.923148e-10
        2.563198e-32
        2.185764e-09
        1.022433e-30
        6.717913e-08
        2.297109e-32
        1.956159e-32
        6.755667e-32
        1.297989e-07
        6.357740e-32
        7.282560e-32
        2.255245e-08
        4.957109e-32
        1.223482e-32
        1.111960e-07
        4.179585e-08
        1.789928e-32
        4.592140e-32
        2.613179e-01
        1.071828e-09
        2.160312e-32
        1.274773e-08
        1.364626e-32
        3.899834e-15
        4.784335e-10
        7.689211e-33
        1.727992e-32
        2.826721e-32
        3.469557e-32
        4.780061e-32
        8.627650e-08
        3.122388e-32
        7.538560e-33
