        3.072095e-32
        1.317126e-31
        4.566989e-32
        1.861519e-09
        3.963889e-32
        6.229892e-32
        1.714689e-07
        1.309297e-31
        5.621899e-33
        3.256307e-32
        2.366638e-32
        9.664894e-32
        1.624597e-32
        3.161271e-32
        5.332116e-33
        8.046737e-33
        7.089111e-08
        7.005566e-08
        9.247461e-32
        4.636777e-32
        2.203425e-31
        1.844840e-32
        6.787470e-32
        6.110482e-08
        1.251304e-32
        4.691870e-32
        1.641228e-32
        1.759297e-32
        4.878244e-08
        1.983474e-32
        3.393684e-32
        7.829670e-08
        4.175036e-32
        4.825687e-32
        2.729092e-32
        6.496282e-09
        6.032150e-32
        2.757725e-32
        2.862553e-08
        4.410283e-32
        1.888310e-34
        2.697221e-32
        8.833452e-08
        3.164973e-32
        1.263589e+00
        4.491196e-07
        5.692656e-33
        1.488056e-32
        2.392988e-32
        2.277938e-32
