        1.469044e-09
        2.848885e-32
        6.632236e-32
        5.867734e-09
        6.176900e-32
        4.585334e-08
        3.929357e-07
        1.482792e-07
        8.779363e-08
        4.332055e-32
        1.577006e-08
        1.438174e-32
        2.069774e-07
        9.923717e-10
        5.386444e-32
        3.402334e-32
        8.551490e-33
        1.137851e-31
        6.368979e-32
        2.949197e-08
        4.058440e-32
        1.696525e-32
        1.078569e-10
        7.435715e-32
        4.767417e-08
        2.017746e-32
        1.118181e-32
        1.081616e-08
        3.204693e-32
        3.955094e-32
        1.966385e-32
        5.078110e-31
        1.001034e-32
        1.337052e-32
        9.639006e-09
        4.705523e-32
        2.406062e-32
        5.645041e-08
        1.096469e-32
        8.065160e-08
        1.138553e-09
        2.139004e-08
        4.952193e-32
        2.923670e-32
        6.307388e-32
        3.834182e-32
        1.510246e-32
        1.392587e-32
        2.370568e-10
        2.660378e-32
