        3.446244e-33
        9.129043e-32
        6.255072e-08
        1.321518e-07
        7.227267e-01
        1.093905e-01
        5.669119e-33
        8.688243e-01
        3.066841e-07
        4.429330e-32
        2.055600e-32
        1.213103e-02
        5.145890e-08
        3.845052e-32
        1.806634e-02
        3.122714e-03
        7.513173e-32
        2.336674e-01
        1.339037e-32
        3.200231e-01
        1.244607e-01
        8.980754e-32
        2.530197e-01
        1.047335e-07
        4.511154e-07
        3.405909e-01
        1.449141e-01
        3.748703e-01
        7.116059e-02
        1.313712e-07
        4.108336e-32
        1.145181e-32
        2.322432e-01
        1.189626e-32
        2.253088e-32
        5.626957e-01
        2.422364e-32
        3.667782e-01
        1.247056e-01
        8.092088e-33
        2.065602e-01
        3.045630e-01
        1.080028e-33
        5.724388e-01
        1.132075e-10
        2.560665e-01
        3.156952e-31
        6.095174e-02
        2.079862e-32
        5.011874e-02
