        3.548310e-01
        2.562588e-01
        5.324311e-01
        3.895814e-07
        3.945079e-01
        6.331092e-01
        4.957697e-01
        1.131944e-31
        5.895796e-07
        3.137524e-01
        4.029508e-06
        7.518613e-02
        7.267461e-02
        6.555145e-01
        7.208786e-02
        5.512983e-07
        8.972621e-01
        5.624054e-01
        5.797351e-08
        3.101556e-01
        6.514896e-01
        5.513194e-01
        9.049288e-32
        3.593208e-01
        1.529870e-01
        2.060533e-02
        1.810139e-01
        2.393431e-01
        1.197662e-01
        1.009195e-02
        4.149880e-01
        3.370067e-01
        4.343470e-29
        9.753765e-03
        1.263077e-01
        1.697680e-02
        3.419762e-01
        8.359079e-02
        7.806348e-01
        1.104228e-01
        1.415293e-32
        3.661863e-08
        7.408883e-01
        5.648052e-01
        2.705195e-01
        2.083239e-02
        5.693363e-01
        8.763051e-02
        5.719841e-02
        6.470470e-01
