        1.338391e-31
        3.082047e-08
        1.085040e-08
        4.419461e-32
        4.530966e-32
        1.730851e-08
        7.016351e-32
        1.972425e-31
        7.794305e-32
        6.926635e-32
        7.964747e-08
        3.068616e-32
        1.161145e-10
        5.067406e-08
        1.558483e-31
        2.414061e-08
        1.955222e-33
        2.712341e-32
        6.577267e-32
        5.781431e-12
        7.328875e-32
        2.355267e-08
        2.063520e-32
        2.678690e-32
        8.112769e-32
        4.648263e-32
        1.719772e-09
        2.075425e-32
        2.299687e-32
        2.291957e-32
        2.501826e-08
        1.887558e-08
        2.014609e-32
        1.040975e-31
        4.610261e-32
        7.117947e-32
        3.189288e-08
        5.804699e-32
        5.568652e-32
        1.655866e-31
        7.683071e-32
        7.071256e-32
        1.838116e-08
        9.042486e-32
        2.827642e-08
        3.036042e-32
        1.332122e-31
        1.553528e-09
        1.857797e-31
        2.421445e-32
