        1.396968e+00
        4.227015e-02
        2.929796e-01
        7.852022e-02
        2.802353e-06
        9.465213e-01
        7.613037e-01
        1.908470e-01
        1.378084e+00
        7.301079e-01
        7.610559e-01
        4.529414e-01
        1.423627e-01
        9.473484e-02
        1.542512e-01
        5.710131e-01
        2.241072e-01
        1.052887e-01
        1.166106e-02
        2.322144e-01
        3.453377e-01
        4.162948e-03
        3.279514e-01
        9.284825e-02
        8.658898e-01
        1.086412e+00
        2.151524e-08
        2.604662e-32
        3.835556e-01
        6.001524e-01
        9.305870e-01
        1.032218e+00
        6.735956e-02
        2.922187e-01
        6.475782e-09
        7.293557e-01
        1.052712e-01
        6.202226e-01
        2.268129e-01
        1.511326e-01
        9.162985e-01
        8.106743e-02
        3.236310e-01
        2.959323e-32
        7.502078e-01
        8.407036e-02
        5.754802e-01
        9.828138e-01
        1.173823e-01
        1.668452e-01
