        4.813101e-32
        5.470548e-32
        9.961981e-33
        2.994602e-08
        3.072294e-32
        1.594006e-32
        1.482757e-32
        5.513220e-32
        1.412380e-32
        1.042112e-32
        8.189038e-07
        4.522154e-32
        2.791832e-32
        2.576550e-32
        1.964337e-09
        1.823136e-08
        4.671538e-32
        1.856822e-32
        3.574475e-08
        6.509023e-32
        2.986611e-32
        3.659189e-32
        1.043061e-08
        1.114933e-31
        3.634659e-08
        7.332805e-32
        4.401199e-01
        4.190898e-32
        1.191510e-31
        8.835484e-02
        2.505825e-32
        2.800705e-32
        6.137839e-32
        3.117537e-08
        3.754470e-32
        7.905471e-02
        6.912572e-08
        3.219661e-32
        6.712967e-08
        8.147704e-32
        1.627476e-32
        6.059298e-02
        4.852462e-32
        1.401367e-31
        1.546678e-31
        4.459604e-32
        1.205722e-31
        7.987606e-32
        1.028401e-02
        9.226930e-08
