        9.906157e-32
        2.195453e-32
        8.209835e-32
        1.709974e-31
        8.893868e-08
        6.665005e-32
        4.578400e-32
        1.846719e-08
        6.730322e-32
        6.531611e-32
        3.272459e-32
        1.677889e-32
        2.078643e-08
        2.320301e-32
        1.743429e-08
        5.848293e-08
        4.798047e-09
        3.334341e-32
        5.766256e-08
        4.513603e-33
        2.146025e-08
        7.328262e-32
        5.385856e-32
        9.230531e-32
        4.505758e-08
        4.910501e-09
        1.067664e-08
        3.340189e-32
        5.458857e-32
        3.812485e-08
        4.516861e-32
        1.106818e-31
        5.873471e-32
        3.919682e-08
        3.286659e-32
        1.504593e-10
        2.996044e-32
        9.920326e-08
        1.839654e-32
        1.327948e-32
        4.263556e-32
        3.391253e-32
        1.254914e-32
        1.803491e-32
        1.177549e-07
        4.135178e-32
        1.750230e-32
        4.200244e-08
        3.325734e-32
        1.744383e-32
