        5.229165e-01
        1.009028e-01
        1.256301e+00
        2.567800e-01
        1.201117e+00
        8.613350e-01
        5.175025e-01
        1.062974e+00
        5.645843e-01
        1.318633e+00
        9.727786e-01
        6.832096e-01
        8.965202e-01
        7.174651e-01
        1.691589e-01
        8.019617e-01
        1.006053e+00
        7.160907e-03
        4.105870e-02
        2.453993e-06
        7.438090e-01
        1.397985e-01
        5.019161e-01
        7.050774e-01
        1.189149e+00
        3.417476e-32
        4.546248e-01
        5.083284e-01
        6.522690e-01
        1.209120e+00
        2.815107e-01
        1.378878e-01
        1.439194e+00
        3.313262e-01
        3.614593e-01
        2.784728e-01
        1.204698e-01
        2.579145e-01
        5.719734e-01
        7.187071e-01
        3.309561e-02
        1.262631e-01
        2.327486e-01
        4.801439e-01
        7.250936e-02
        1.789394e+00
        5.004228e-03
        3.374642e-02
        1.772128e-01
        5.817329e-01
