0.13333333333333333
0.26666666666666666
0
0
1.2
0.3333333333333333
1.5333333333333334
0.06666666666666667
1.3333333333333333
1.2666666666666666
0
0
1.4666666666666666
0
0
0.13333333333333333
0.26666666666666666
0
0
0.26666666666666666
1.4666666666666666
1.5333333333333334
0.13333333333333333
0.2
1.4666666666666666
0
0.06666666666666667
0.06666666666666667
0.13333333333333333
0.2
0.26666666666666666
0
0
1.5333333333333334
0
1.5333333333333334
0.26666666666666666
0.13333333333333333
0.2
0.06666666666666667
0
0
0.06666666666666667
0.06666666666666667
0.26666666666666666
0.2
1.2666666666666666
1.3333333333333333
0
0.2
