0.2857142857142857
0.07142857142857142
0
1.6428571428571428
0
1.5
1.5
1.5714285714285714
0.07142857142857142
0
0.21428571428571427
0.35714285714285715
0
0.2857142857142857
1.4285714285714286
0.14285714285714285
1.5714285714285714
0.07142857142857142
1.5714285714285714
0
0.07142857142857142
0.07142857142857142
0.14285714285714285
0
0.14285714285714285
1.5
1.5
0.07142857142857142
0.07142857142857142
0.14285714285714285
1.4285714285714286
0
0
0
1.6428571428571428
0.14285714285714285
1.3571428571428572
1.5
0.21428571428571427
0
1.5
1.5714285714285714
1.5714285714285714
0
0.14285714285714285
1.6428571428571428
0.07142857142857142
0.21428571428571427
1.2857142857142858
0.07142857142857142
