case = 1
p = 0.8

:      theta         T         X_true         X      outliervec   Z    :=
1    -0.587859   -0.587859    0.417384    -0.0533034      1       1
2     1.07413     1.07413     5.88049      5.88049        0       0
3     0.566521    0.566521   -1.13924     -1.13924        0       0
4     0.508618    0.508618   -1.2674      -0.0542406      1       1
5    -0.150676   -0.150676   -1.76872     -0.903138       1       1
6        .           .        2.45097      2.45097        0       0
7        .           .        1.83222      0.0847189      1       1
8        .           .       -1.89983     -0.471332       1       1
9        .           .        1.85008      0.840448       1       1
10       .           .        0.46628     -0.879502       1       1
11       .           .        2.2258       0.608657       1       1
12       .           .        1.75203      1.30623        1       1
13       .           .       -2.87886     -2.03385        1       1
14       .           .       -0.629935    -0.15579        1       1
15       .           .       -0.244373     0.322056       1       1
16       .           .       -0.635192     0.480291       1       1
17       .           .       -0.013637    -0.013637       0       0
18       .           .        2.46846     -0.0741249      1       1
19       .           .        0.683612     1.53343        1       1
20       .           .        1.05459      0.254592       1       1
21       .           .        1.22727      0.917697       1       1
22       .           .       -0.745975     0.617485       1       1
23       .           .        1.12549      1.12549        0       0
24       .           .        1.58798      0.809484       1       1
25       .           .        2.43954      2.43954        0       0
26       .           .       -1.14965     -1.14965        0       0
27       .           .        1.22781      2.66464        1       1
28       .           .        0.024765     1.13353        1       1
29       .           .        0.818058    -0.187005       1       1
30       .           .        0.0915134   -0.320708       1       1
31       .           .       -1.34961     -1.88596        1       1
32       .           .       -1.25626      0.245012       1       1
33       .           .       -0.680902    -0.680902       0       0
34       .           .       -1.72482     -1.72482        0       0
35       .           .       -1.32717     -1.32717        0       0
36       .           .       -0.573993     0.910446       1       1
37       .           .       -0.908471    -0.908471       0       0
38       .           .        0.0833223    1.72735        1       1
39       .           .        0.417772     1.43216        1       1
40       .           .       -1.31633     -0.591855       1       1
41       .           .        0.507102     0.564393       1       1
42       .           .        0.261178    -0.461488       1       1
43       .           .        2.24492      0.352608       1       1
44       .           .       -0.770886    -1.53253        1       1
45       .           .        3.28004      0.765693       1       1
46       .           .       -0.980754    -0.980754       0       0
47       .           .       -0.413038     1.40985        1       1
48       .           .       -1.58754      0.29224        1       1
49       .           .        1.06062      1.05755        1       1
50       .           .       -0.68004      0.612336       1       1
51       .           .        2.66569      1.78067        1       1
52       .           .        1.3719       1.3719         0       0
53       .           .        0.413305    -0.036152       1       1
54       .           .       -0.514445    -0.514445       0       0
55       .           .       -1.86639     -1.86639        0       0
56       .           .       -0.171271    -0.511507       1       1
57       .           .        0.0740147    0.0740147      0       0
58       .           .       -0.11473      1.1858         1       1
59       .           .       -1.33635      0.239874       1       1
60       .           .       -1.52099     -0.824732       1       1
61       .           .       -2.24208     -2.24208        0       0
62       .           .        1.69592      0.839339       1       1
63       .           .       -1.18001      0.592774       1       1
64       .           .       -1.1842      -0.610911       1       1
65       .           .       -0.695003     0.487638       1       1
66       .           .        0.25531      0.28766        1       1
67       .           .        0.0503346    0.253082       1       1
68       .           .       -1.43935     -0.2477         1       1
69       .           .        1.69057      0.129633       1       1
70       .           .        1.47085      0.898784       1       1
71       .           .       -0.773749    -0.773749       0       0
72       .           .        0.308449     1.35283        1       1
73       .           .        0.170773     0.170773       0       0
74       .           .        0.378157     0.378157       0       0
75       .           .        0.0124377   -1.37513        1       1
76       .           .        1.3203      -0.780193       1       1
;

f = 56

case = 2
p = 0.8

:      theta         T         X_true         X      outliervec   Z    :=
1    -0.587859   -0.587859    0.417384    -0.0533034      1       1
2     1.07413     1.07413     5.88049      5.88049        0       0
3     0.566521    0.566521   -1.13924     -1.13924        0       0
4     0.508618    0.508618   -1.2674      -0.0542406      1       1
5    -0.150676   -0.150676   -1.76872     -0.903138       1       1
6        .           .        2.45097      2.45097        0       0
7        .           .        1.83222      0.0847189      1       1
8        .           .       -1.89983     -0.471332       1       1
9        .           .        1.85008      0.840448       1       1
10       .           .        0.46628     -0.879502       1       1
11       .           .        2.2258       0.608657       1       1
12       .           .        1.75203      1.30623        1       1
13       .           .       -2.87886     -2.03385        1       1
14       .           .       -0.629935    -0.15579        1       1
15       .           .       -0.244373     0.322056       1       1
16       .           .       -0.635192     0.480291       1       1
17       .           .       -0.013637    -0.013637       0       0
18       .           .        2.46846     -0.0741249      1       1
19       .           .        0.683612     1.53343        1       1
20       .           .        1.05459      0.254592       1       1
21       .           .        1.22727      0.917697       1       1
22       .           .       -0.745975     0.617485       1       1
23       .           .        1.12549      1.12549        0       0
24       .           .        1.58798      0.809484       1       1
25       .           .        2.43954      2.43954        0       0
26       .           .       -1.14965     -1.14965        0       0
27       .           .        1.22781      2.66464        1       1
28       .           .        0.024765     1.13353        1       1
29       .           .        0.818058    -0.187005       1       1
30       .           .        0.0915134   -0.320708       1       1
31       .           .       -1.34961     -1.88596        1       1
32       .           .       -1.25626      0.245012       1       1
33       .           .       -0.680902    -0.680902       0       0
34       .           .       -1.72482     -1.72482        0       0
35       .           .       -1.32717     -1.32717        0       0
36       .           .       -0.573993     0.910446       1       1
37       .           .       -0.908471    -0.908471       0       0
38       .           .        0.0833223    1.72735        1       1
39       .           .        0.417772     1.43216        1       1
40       .           .       -1.31633     -0.591855       1       1
41       .           .        0.507102     0.564393       1       1
42       .           .        0.261178    -0.461488       1       1
43       .           .        2.24492      0.352608       1       1
44       .           .       -0.770886    -1.53253        1       1
45       .           .        3.28004      0.765693       1       1
46       .           .       -0.980754    -0.980754       0       0
47       .           .       -0.413038     1.40985        1       1
48       .           .       -1.58754      0.29224        1       1
49       .           .        1.06062      1.05755        1       1
50       .           .       -0.68004      0.612336       1       1
51       .           .        2.66569      1.78067        1       1
52       .           .        1.3719       1.3719         0       0
53       .           .        0.413305    -0.036152       1       1
54       .           .       -0.514445    -0.514445       0       0
55       .           .       -1.86639     -1.86639        0       0
56       .           .       -0.171271    -0.511507       1       1
57       .           .        0.0740147    0.0740147      0       0
58       .           .       -0.11473      1.1858         1       1
59       .           .       -1.33635      0.239874       1       1
60       .           .       -1.52099     -0.824732       1       1
61       .           .       -2.24208     -2.24208        0       0
62       .           .        1.69592      0.839339       1       1
63       .           .       -1.18001      0.592774       1       1
64       .           .       -1.1842      -0.610911       1       1
65       .           .       -0.695003     0.487638       1       1
66       .           .        0.25531      0.28766        1       1
67       .           .        0.0503346    0.253082       1       1
68       .           .       -1.43935     -0.2477         1       1
69       .           .        1.69057      0.129633       1       1
70       .           .        1.47085      0.898784       1       1
71       .           .       -0.773749    -0.773749       0       0
72       .           .        0.308449     1.35283        1       1
73       .           .        0.170773     0.170773       0       0
74       .           .        0.378157     0.378157       0       0
75       .           .        0.0124377   -1.37513        1       1
76       .           .        1.3203      -0.780193       1       1
;

f = 56

case = 3
p = 0.8

:      theta         T         X_true         X      outliervec   Z    :=
1    -0.587859   -0.587859    0.417384    -0.0533034      1       1
2     1.07413     1.07413     5.88049      5.88049        0       0
3     0.566521    0.566521   -1.13924     -1.13924        0       0
4     0.508618    0.508618   -1.2674      -0.0542406      1       1
5    -0.150676   -0.150676   -1.76872     -0.903138       1       1
6        .           .        2.45097      2.45097        0       0
7        .           .        1.83222      0.0847189      1       1
8        .           .       -1.89983     -0.471332       1       1
9        .           .        1.85008      0.840448       1       1
10       .           .        0.46628     -0.879502       1       1
11       .           .        2.2258       0.608657       1       1
12       .           .        1.75203      1.30623        1       1
13       .           .       -2.87886     -2.03385        1       1
14       .           .       -0.629935    -0.15579        1       1
15       .           .       -0.244373     0.322056       1       1
16       .           .       -0.635192     0.480291       1       1
17       .           .       -0.013637    -0.013637       0       0
18       .           .        2.46846     -0.0741249      1       1
19       .           .        0.683612     1.53343        1       1
20       .           .        1.05459      0.254592       1       1
21       .           .        1.22727      0.917697       1       1
22       .           .       -0.745975     0.617485       1       1
23       .           .        1.12549      1.12549        0       0
24       .           .        1.58798      0.809484       1       1
25       .           .        2.43954      2.43954        0       0
26       .           .       -1.14965     -1.14965        0       0
27       .           .        1.22781      2.66464        1       1
28       .           .        0.024765     1.13353        1       1
29       .           .        0.818058    -0.187005       1       1
30       .           .        0.0915134   -0.320708       1       1
31       .           .       -1.34961     -1.88596        1       1
32       .           .       -1.25626      0.245012       1       1
33       .           .       -0.680902    -0.680902       0       0
34       .           .       -1.72482     -1.72482        0       0
35       .           .       -1.32717     -1.32717        0       0
36       .           .       -0.573993     0.910446       1       1
37       .           .       -0.908471    -0.908471       0       0
38       .           .        0.0833223    1.72735        1       1
39       .           .        0.417772     1.43216        1       1
40       .           .       -1.31633     -0.591855       1       1
41       .           .        0.507102     0.564393       1       1
42       .           .        0.261178    -0.461488       1       1
43       .           .        2.24492      0.352608       1       1
44       .           .       -0.770886    -1.53253        1       1
45       .           .        3.28004      0.765693       1       1
46       .           .       -0.980754    -0.980754       0       0
47       .           .       -0.413038     1.40985        1       1
48       .           .       -1.58754      0.29224        1       1
49       .           .        1.06062      1.05755        1       1
50       .           .       -0.68004      0.612336       1       1
51       .           .        2.66569      1.78067        1       1
52       .           .        1.3719       1.3719         0       0
53       .           .        0.413305    -0.036152       1       1
54       .           .       -0.514445    -0.514445       0       0
55       .           .       -1.86639     -1.86639        0       0
56       .           .       -0.171271    -0.511507       1       1
57       .           .        0.0740147    0.0740147      0       0
58       .           .       -0.11473      1.1858         1       1
59       .           .       -1.33635      0.239874       1       1
60       .           .       -1.52099     -0.824732       1       1
61       .           .       -2.24208     -2.24208        0       0
62       .           .        1.69592      0.839339       1       1
63       .           .       -1.18001      0.592774       1       1
64       .           .       -1.1842      -0.610911       1       1
65       .           .       -0.695003     0.487638       1       1
66       .           .        0.25531      0.28766        1       1
67       .           .        0.0503346    0.253082       1       1
68       .           .       -1.43935     -0.2477         1       1
69       .           .        1.69057      0.129633       1       1
70       .           .        1.47085      0.898784       1       1
71       .           .       -0.773749    -0.773749       0       0
72       .           .        0.308449     1.35283        1       1
73       .           .        0.170773     0.170773       0       0
74       .           .        0.378157     0.378157       0       0
75       .           .        0.0124377   -1.37513        1       1
76       .           .        1.3203      -0.780193       1       1
;

f = 56

