1.208794174589295e-13
2.3372369276117456e-14
7.944171782621539e-14
3.600072701931816e-14
1.2801583509817506e-12
2.427333667692537e-14
6.440324462943212e-14
3.092566789241431e-13
3.0577983903360163e-14
2.8265903548619484e-14
2.8495678217561066e-14
5.6196431722884973e-14
3.6921836213317676e-14
1.2773367741999287e-13
4.1681485225967657e-14
2.1473784650628698e-14
6.793823356948082e-14
5.070947194243597e-14
9.076243719260909e-14
5.0536147679131355e-14
6.087879369886033e-14
1.800963729202252e-14
2.98478270389393e-14
1.81296989174605e-14
4.751035964748977e-13
1.4318343415965613e-13
4.199204319343246e-14
2.588204203907373e-13
3.207574688182146e-14
1.3780160153438929e-14
2.6368577461919866e-14
2.8326830648837417e-14
1.7954381596165037e-14
1.2405268592233415e-13
3.5363503079856586e-14
5.965082517605249e-14
8.557502275637613e-14
2.266837052826314e-14
2.1752532772660875e-13
1.747279644018228e-13
1.1840200672856142e-14
7.140293738116456e-14
6.063680519566986e-14
7.900632023929063e-13
3.3704965046843936e-14
4.020836405759729e-13
1.1381575831125996e-13
3.1591510177385876e-14
4.641512136036846e-13
1.6304621606055513e-13
