9.592661037645352e-14
5.2585254538868356e-14
0.16623105558289458
0.980989343906236
0.409783153638026
2.7251876080888488e-14
1.3259013015268224
1.1578824622476362e-13
1.4922809213583273e-14
1.4985711826375927e-14
1.376915419613033e-13
0.8254937997670777
1.1811353457382112
0.8353670309519367
1.8700976518114188e-05
2.6331614569591447e-14
3.752782733522758e-14
5.2142780691824795e-14
3.3467206245911894e-14
1.2816393515462858
0.8650419293489203
0.6243321850411144
7.165919103396997e-14
5.251968418404282e-14
7.178840754312067e-14
5.111751740393104e-13
3.9140744865623034e-13
1.1274522072789346e-13
4.1051701954563734e-14
9.776231135164285e-14
0.35843767006716637
2.412700104711633e-14
7.225419491184e-14
2.765151774648806e-14
1.3016483588190173e-14
0.6944199622514983
5.500262076932627e-14
6.998686681480679e-07
1.145602851652669e-13
0.7547664547684596
5.915175040116015e-14
1.8978295863500373e-13
1.675108760622478e-14
8.973307472840323e-14
1.1879321419694624
0.6515186522034027
1.7820812442207516e-13
9.719920113572568e-14
2.566754590452574e-14
7.455753532264489e-14
