1.095536698930085
8.439281633768004e-14
1.3484720253217024
1.2763989861642054e-13
8.503411437176381e-14
4.407668049955987e-14
2.25964962056486e-13
1.152549866849314e-13
2.1394852864196476e-14
2.3077375262640525e-13
0.9240885681942724
1.4816095637482196
2.0161772285411424e-14
0.33818107327139346
0.37822962958104206
1.2725625703123623e-13
0.1514532517275541
1.2628348732952297
0.6139244092400745
1.0462943462496894e-13
0.8416290094856999
0.7352962337066651
8.998637809271671e-06
8.78439158977714e-14
0.5764841389070031
8.081286536835676e-14
6.028619341658496e-14
9.31832353504692e-14
3.4514525311483485e-14
2.0829488779589264e-14
0.24718340535397326
0.49561873732478534
0.8477532334852124
3.7913399426300587e-13
0.3767022737999337
0.784780778238522
5.644441622957524e-14
1.0285517292159227e-13
0.21027738201952204
0.7928156932168031
0.8764007113066329
2.6997690450039492e-12
4.7871275698399385e-14
0.7310669703829945
1.4986360486466122
4.4566559779278486e-14
0.44690567395437353
0.8051541808764737
0.3169104298479563
0.7378548947324132
