5.634349328768637e-14
2.382825601487606e-13
2.259588163731792e-13
3.615420981818578e-14
1.545986674962853e-13
3.456298114869518e-14
3.78053074590146e-14
4.213704519931767e-14
1.5130087069093725e-12
1.9578796534149535e-14
1.305112025856609
1.0753839840194721e-13
4.566347363796121e-14
1.1108896055851292
1.855916861772006e-14
3.143443080278044e-06
5.743437830192112e-13
1.027340968674395
1.0258851929469755e-13
9.633572513983423e-14
0.4205296038517726
1.3124802108456859e-14
6.005830022844368e-14
9.002571737682663e-13
2.5275196018607437e-14
1.4225458232089488e-13
2.567508654787057e-13
3.855928839796183e-15
1.8644346744315123e-14
3.653650966340525e-14
7.721467623752128e-14
1.1067060841910105e-14
3.745250646606159e-14
0.5624562882623158
1.0422045891549816e-14
1.9923690948996514e-14
9.038840368740971e-13
4.968241954444118e-14
1.2972754207405695e-14
4.467673354933959e-15
0.9079598450770594
3.5476780237723874e-14
3.2024905843572536e-14
4.666098179593828e-14
2.5451020931359358e-14
5.1307667380911454e-14
0.7558814498362394
2.2054794565962405e-13
1.6278856977931808
1.459041413613542e-14
