3.103539470379576e-13
2.949206939933235e-14
1.4275382645828361e-12
8.570714726255857e-14
1.804665281840727e-13
1.1755553578548353e-13
2.995649310936723e-14
5.0719910969999475e-14
1.9335772510999444e-13
4.081028872383426e-14
2.2626837182932943e-14
5.450839650194399e-14
1.1070116842893012e-13
2.1033672846757952e-14
2.2625638408507827e-14
7.664208369147422e-14
1.2840819759581674e-13
2.177061222081304e-13
5.994961659219548e-13
2.899331661620344e-14
1.0453521665852451e-14
1.4800225935511875e-13
4.242754133670947e-14
2.92178256299933e-14
3.4281854354044006e-14
1.9763416845454453e-13
4.998867425942554e-14
1.062363603654269e-14
2.6284869329526082e-14
8.321527056959965e-14
7.892135678997912e-14
1.9221532339269055e-14
1.1121045312647673e-13
2.572482036216258e-13
8.159904875325474e-15
5.701200478220282e-14
7.52037505242443e-14
5.297414412737143e-14
1.0461507266459526e-13
6.594459419587467e-14
5.583360684248661e-14
8.425373459258719e-14
5.924123470020023e-13
6.188956843724336e-14
6.669385623071368e-14
1.373520129613634e-13
1.9611878110588682e-14
9.127082129670676e-14
1.3719061740799251e-05
1.002524413772338e-13
