1.2809457437723054e-13
2.3236098458016754e-13
7.018037296735544e-15
2.8397682766903932e-14
2.224531258421779e-13
2.138093209756021e-13
8.103032408980065e-14
7.844820040203385e-14
8.21358202522751e-14
5.5714670590486036e-14
2.720991233636314e-14
4.2978686204353244e-14
3.275395415174166e-14
2.739747963636421e-14
1.7733185019262418e-15
6.161651424494707e-14
9.074457716157509e-14
1.168365611736246e-14
6.979137671115306e-14
1.9771346896298553e-13
1.4117530877621367e-14
7.225371052282919e-14
7.141566260089525e-14
2.0046557756141046e-14
7.153944667802161e-14
2.0645945066598414e-13
4.72503906239013e-13
7.325022141909602e-14
3.9584150734877113e-13
8.983325401504853e-14
2.8262002198038957e-13
9.106620372404735e-15
1.1524482983931032e-13
1.4163961792158817e-14
3.3912350160902293e-13
4.245385336453107e-13
3.8353200833045636e-14
3.039387623601894e-13
1.587750904951368e-13
1.3801343826363212e-13
7.404012976167603e-14
1.1087853045519881e-13
1.0309238156342073e-12
4.2457115791303476e-14
1.9872489653640274e-14
1.1608357458403242e-13
2.743174163460816e-14
6.288626439650935e-14
5.8707928075977e-14
4.3991683437210156e-14
