2.8767830443551735e-14
1.7727209369308383e-14
1.815444838795034e-14
1.9747901972962137e-14
2.1853923477298483e-14
1.9364441701751783e-14
3.481952802878486e-14
5.890704902414432e-14
5.484426803535745e-15
3.5368503230394334e-14
1.219859046306812e-13
6.794583375218511e-15
6.289051817344376e-14
4.8490531362673e-14
1.4949505649789445e-13
4.6617728836535626e-14
1.2266977750395727e-14
3.169289743386846e-14
8.325413710985343e-14
8.702811332019364e-15
4.636294176958838e-14
2.2076867374391434e-14
1.975517228179772e-14
8.235926365223679e-14
4.261311531223322e-14
1.2431142994031649e-13
4.6812889551135875e-14
1.3549068831217615e-14
1.6660922934423662e-13
8.700682514744008e-15
7.39076674629958e-14
3.712356865607342e-14
5.137980034985694e-15
8.27790041745053e-15
4.189870011879866e-14
5.963245396673812e-14
2.2198344191302964e-14
3.661661455006707e-14
1.0941482725827361e-13
1.4159082567170787e-13
1.2042075604960723e-13
9.349106821675964e-14
4.8790535990512816e-14
9.172590923402844e-14
1.204754314997697e-13
1.810699674807004e-14
1.0772486099726377e-13
1.0578121921057962e-13
7.863530451727854e-14
3.580825188602496e-14
