2.8793530514335413e-15
8.212682505194549e-14
5.70784107709782e-14
1.4692478094667616e-14
2.402447801116019e-14
7.018535476735993e-14
5.173431627639162e-15
2.971653435704666e-14
1.4465602020801877e-14
6.258061619468567e-14
3.676879713174252e-15
2.4892204699556388e-14
1.0470713906774849e-14
6.40839667700013e-14
1.1613392417996223e-14
2.8015241804654098e-14
6.002669319412087e-14
1.1756994886045193e-15
6.201943726919453e-14
2.27931919645258e-14
4.271538158455727e-14
3.753052639788009e-14
4.468960008369203e-15
4.3620797153566463e-14
5.148242903711306e-15
6.552685223316217e-15
8.383764728789362e-15
4.123802110454787e-14
3.938700295833256e-14
5.018280789801111e-14
7.825935871549832e-14
1.0926083303308738e-13
6.143977400552502e-14
5.566893013870052e-14
7.993235687907461e-14
6.640710821060214e-14
4.006074319627383e-15
8.22014662845377e-15
3.299179839194782e-14
1.3187136304016068e-13
1.635379752502501e-14
6.936959773313407e-14
1.3747517151335615e-13
5.0182626155313214e-14
1.0774770321381175e-13
7.594975990303235e-14
4.473945999590717e-15
2.3429607933099072e-14
7.350224691347653e-14
7.359901605686617e-15
