4.79211430427217e-14
1.6078836657294947e-13
1.0514762783371487e-13
7.833147746450273e-14
4.374612778196527e-14
1.1851224101345565e-14
8.434046066841815e-14
4.054522445852839e-14
9.823708218200518e-15
5.493359037336172e-14
7.05870725527823e-14
1.1865999017525315e-13
4.669840737909387e-15
4.20171500322299e-14
1.5107611735212872e-14
7.547437872299287e-14
4.7258602682772415e-14
3.2879209260159446e-14
2.088221588828977e-14
1.3060117651939527e-13
3.6836193606775395e-14
2.1041371749312888e-14
5.473883836005831e-14
1.193052432804088e-13
9.4687925648165e-14
5.1240194242360374e-14
3.610305251636501e-14
5.343011004856259e-14
8.046352710106548e-15
1.653322313857243e-14
8.768966009893673e-15
6.633275308991979e-14
6.392374192837179e-14
1.129241579907195e-13
1.7459535875481238e-13
1.855606199486364e-13
7.958359146401874e-14
6.060111710859094e-14
4.910529076488156e-15
4.0190682651687835e-15
3.182853332011612e-14
2.7017311160113826e-14
6.03299698964509e-14
5.515253070294083e-14
3.120337330831612e-14
2.4260536668309015e-14
8.246309112198069e-14
9.908678134123321e-14
7.478403514676559e-13
5.166766819323778e-14
