5.040947856448908e-15
4.2988796108252275e-14
4.374617828943735e-14
2.6945856004671703e-14
9.212438742813464e-14
1.7816864642860214e-14
3.6723373125838144e-14
1.1108277814834864e-14
4.5355334752408586e-14
2.902345044817062e-13
7.990053487085536e-14
7.104432328816547e-14
4.1418313783815265e-14
3.499699019762577e-13
9.59065178261241e-15
1.0429570376556119e-13
1.3473887196775104e-14
3.617043785169711e-14
2.3370720016486674e-14
3.328980996072129e-14
6.868265122305711e-14
4.237364135761387e-14
3.4997753190503784e-14
5.084038456906872e-14
5.049218225707782e-14
2.7907240028144926e-15
3.362152109530405e-14
1.297872104656902e-13
1.6035393173849573e-14
4.803369263144754e-14
3.1721670093206104e-14
6.284990281525014e-14
5.319282088009989e-14
2.962171451310259e-14
3.961487536601624e-14
3.8090070595023315e-14
2.1615346051803797e-14
3.31996630723331e-14
1.1099036138712926e-14
1.3863681497350977e-14
5.984138443165987e-15
1.8390975309320921e-13
1.2881598084782713e-14
2.564077287636918e-14
5.036582151386509e-14
5.804252550918068e-14
2.5409179205257946e-14
6.132639830297826e-15
3.759445724359017e-14
1.7484721153239103e-14
