0.27673425130737145
0.8658421980915123
0.8792542344402952
0.334736357972711
0.33045120445777576
1.7231095859128853
4.153621758914471e-14
0.30827898223390043
0.4784880129090314
0.9329904405717269
0.16302980440605
0.41291451504556553
1.256888287740353
1.2308960298171425
0.8457191690913882
1.5586800836900527
0.8943269391132607
3.1533451835656377e-14
3.335270693209885e-14
0.9172773189689792
0.7090104313557171
1.0009915487704823e-13
0.3628097362817449
0.8074359860985469
0.6823603975743436
0.5820748522353622
0.5927843038500192
2.4962921344487684e-14
0.34193994467692584
0.39330463322651055
0.42904351526279855
7.170824032070287e-14
1.4114789378137307
0.9659400947594111
0.6740279790474126
0.7080323638211419
1.2232841570688708e-13
4.2565893697911514e-13
0.9289974847689052
0.2476543994796108
1.3064829605234225
0.1971476056766921
1.4019706015183193
1.366918267324828
0.6703291865312937
1.8061786143728165
1.345791363225234
0.8076494144644688
0.5881889993316975
0.5518564044450759
