3.222764620894832e-14
4.880324528171694e-14
9.947407963840327e-15
4.235980666382386e-13
2.4210356575842192e-14
2.1906358018802735e-13
1.2445626884899583e-13
1.0496845941216168e-12
4.807683423080694e-14
1.5364987617133476e-13
7.044714030899418e-15
2.7548688591123033e-14
1.0097969026358208e-13
5.984057001685268e-14
1.0773475819759933e-13
6.695935772962701e-14
4.0772647603107054e-14
1.381723884430511e-14
1.7475547881892507e-14
5.705488542832736e-14
4.414014989731933e-14
1.30927165558678e-14
9.114392882448719e-15
5.976404078902956e-14
3.8121384492164065e-13
9.110604802831775e-14
2.67781149730256e-15
9.223797526398162e-14
2.195278267385371e-13
4.712021833851543e-14
4.9764082374171404e-14
6.993637536195226e-14
2.6098590388462176e-14
6.037659012034649e-14
3.00683453459279e-14
8.134562522943888e-15
4.2726208443492854e-14
7.012707933580619e-14
4.9535574637299424e-14
1.4763581711520074e-14
2.5776916565483575e-14
6.1013081418156155e-15
7.672928667298295e-14
9.401791218841696e-15
1.1407188425231738e-13
1.5123104524343508e-14
1.1960273073912065e-13
1.4639674707411197e-14
2.843944478496614e-14
7.940690727511252e-14
