3.680726631738284e-14
2.0758709279117744e-14
4.239266120099308e-14
7.98411180681031e-15
3.862739771958529e-14
1.696406963609133e-14
4.0443093941208274e-14
8.96704896014407e-15
9.284348667100115e-14
5.992880424101577e-14
1.2443597424158109e-14
4.123208147658142e-14
2.954832880447213e-14
3.871961050619065e-14
7.976504493151529e-14
6.4470169595237364e-15
4.4896305062434856e-14
1.9719564791894223e-14
3.373803503988833e-14
2.8055937092719813e-14
6.000137375909475e-13
1.876266218527579e-14
1.4505187333143786e-13
9.518085733040165e-15
8.283879529184851e-14
5.60922086180345e-14
1.8476698113547181e-13
6.850800148943297e-14
1.5053555045313487e-13
2.1907791553556213e-13
4.4104236298033345e-14
5.254745175876394e-14
2.2729421405172575e-14
1.7360744464987238e-14
2.6916312921384175e-14
1.1896385899085726e-13
6.219562986421083e-14
1.8656728561663283e-14
1.0981069200496097e-12
1.2118353893909279e-14
7.434354269270622e-13
7.340415696634458e-14
3.3824411618343057e-14
5.818711142896058e-14
4.363032442870564e-14
6.791861823814327e-15
5.391023257676071e-14
1.2182454335552557e-14
1.8849895318909065e-13
5.329475463479558e-14
