2.7992829779225993e-14
5.3162343024144595e-15
4.335956631943563e-15
3.371438071688796e-14
2.94431024017329e-14
1.3743202994421125e-13
1.1167581906884234e-13
1.5920456243307188e-13
3.4337752217011163e-14
1.3177717100632914e-13
2.11212824963872e-14
6.731005271986727e-14
4.210990145640249e-14
3.9451020459806105e-14
5.914412524279415e-13
2.7850960496649026e-14
1.2575590857439955e-13
3.814093389281597e-15
1.0957245687081762e-14
6.067490094213505e-14
1.458701568809574e-14
2.354145186968418e-14
3.886758656079734e-14
2.6901044836515947e-14
7.526763783860216e-14
7.012985026030687e-14
1.1189963145933398e-13
2.245655684794782e-14
1.7640893847041594e-13
9.991856967104576e-15
6.107858303098699e-14
1.2167601733355896e-13
3.496675654417753e-14
6.216923506853605e-14
1.2683494448956242e-14
3.149285944092876e-14
3.299191923686195e-13
2.1816450677109276e-14
5.341673003473206e-14
1.5186795598193696e-13
2.4375964015105945e-14
9.859419551887293e-15
1.654106889157004e-13
5.04539667303662e-14
9.147460276466292e-15
5.487709924833378e-14
3.568437703129636e-15
7.742052222824908e-14
9.420157147225285e-14
1.869404873607089e-14
