4.2659545162648905e-14
7.919893411585255e-15
3.908614982208268e-14
1.0269600436233836e-13
6.44519578231158e-13
1.2207365073875412e-13
7.1789306944791e-14
5.538553812581124e-14
2.426063074024081e-13
8.125215446174993e-14
4.238754539402946e-14
2.5283963400730974e-13
4.402793411716457e-14
6.829731557725855e-14
1.0247390314735532
4.514704340697171e-15
1.1445800186302838e-14
3.362475308895284e-05
1.864834674404332e-13
6.61649191963522e-14
1.4104732556707606e-14
6.083338440693673e-13
1.1542295971914e-13
4.5767343510973344e-14
3.3295247630870926e-06
9.379223412703202e-15
1.9828264382820758e-14
1.6855594456388768e-13
1.9489855068633608e-14
7.791117603829091e-14
3.613638903055987e-14
1.3091058034052388e-07
8.164105184811481e-15
3.3278493154566956e-15
8.362459817249082e-15
8.789645047983298e-15
8.788650682675241e-14
9.036711787964354e-14
6.4029237343624e-14
1.987602527872483e-13
0.6575492874896336
4.792330899975959e-14
7.090935143442417e-14
5.221179073225185e-14
4.3807820871418266e-14
1.0253523217613292e-13
1.865920112393023e-14
5.942948159483973e-13
3.402984446228206e-14
3.4890041307367122e-15
