2.933930917746361e-14
7.832854326700331e-14
2.7915900991416602e-14
2.9206577511771725e-13
3.1970563738369013e-12
6.666608663411041e-14
5.411243147881445e-14
4.5111986102303365e-13
1.2071464258111622e-14
1.5831635069809304e-13
1.212453663008093e-13
6.129696087438169e-14
1.162674389163174e-14
5.171735858119871e-14
1.7705766254717446e-14
3.486712588971546e-14
2.245444013995262e-12
6.734518107338439e-14
7.852286444812258e-15
3.996806116046221e-13
6.143942505122086e-15
2.2774036531619693e-13
7.613404906543366e-14
6.439106453010965e-14
1.2474973875896442e-13
4.756962342252046e-14
4.2661417624103895e-12
1.7851221674535806e-13
4.779214873164681e-14
1.7838018209422952e-12
1.8260567326705455e-14
3.987337055051941e-14
2.9130212995129753e-14
8.927447793162885e-14
5.548869998829361e-14
2.4919983641932286e-14
8.712877082383995e-15
5.703668941489975e-15
5.159028265187781e-15
1.1863995074560248e-13
6.8321974195168074e-15
4.58260264338221e-14
3.254410293808068e-14
1.3265874984641995e-14
1.3275620222372097e-13
3.212418163547177e-14
4.1657374506996084e-14
8.332505309319849e-14
2.7753310611087808e-14
4.741685371802126e-14
