6.9368191402028074e-15
1.644261710060612e-14
8.42714132740258e-14
3.949667657528738e-14
2.809155017553051e-14
7.275881427629906e-14
6.833098933472768e-14
8.811954107230642e-14
8.637672297759829e-14
2.368656741556843e-14
1.4205140979628352e-13
1.5279528167377754e-14
4.9170636754937626e-14
1.0743342598029592e-13
4.505498028781825e-14
5.1823781375483214e-14
2.3768691496597774e-14
4.3000457464943284e-13
1.0996429539966111e-13
1.933512988597912e-13
8.741607644921503e-14
2.8532110790811966e-13
1.8322112734273238e-14
1.714838387558642e-13
2.7364700400779984e-14
8.408275014171793e-14
3.433200571991567e-13
2.692337587154382e-13
2.2674170230846743e-14
5.189333464912018e-14
1.3589204251195534e-13
7.317387132708145e-13
1.6121006778789847e-14
6.615400460053567e-13
1.5705100194651334e-13
6.914020075253989e-14
4.905273022784461e-14
1.8392267151175108e-14
4.465332327171595e-14
7.250206610257144e-14
3.824863874666298e-15
2.1449564297318772e-13
1.646350421048308e-13
1.8820465275517053e-13
1.5643366535432195e-13
5.6209766907827e-14
4.0086180012935333e-14
4.6903852081560047e-14
9.886143294540886e-15
8.229134036917074e-14
