0.21428571428571427
0.14285714285714285
1.4285714285714286
1.5714285714285714
1.3571428571428572
0
1.5714285714285714
0.21428571428571427
0
0.07142857142857142
0.07142857142857142
1.7142857142857142
1.7142857142857142
1.3571428571428572
0.35714285714285715
0
0.07142857142857142
0.21428571428571427
0.07142857142857142
1.5714285714285714
1.5714285714285714
1.7142857142857142
0.21428571428571427
0.07142857142857142
0
0
0.2857142857142857
0.07142857142857142
0
0.2857142857142857
1.5
0
0
0.35714285714285715
0.14285714285714285
1.5714285714285714
0.07142857142857142
0.21428571428571427
0.07142857142857142
1.7142857142857142
0
0
0
0.07142857142857142
1.5714285714285714
1.5
0.07142857142857142
0
0.07142857142857142
0.14285714285714285
