        5.000000e-02
        0.000000e+00
        0.000000e+00
        2.500000e-02
        0.000000e+00
        2.500000e-02
        2.500000e-02
        2.500000e-02
        2.500000e-02
        0.000000e+00
        2.500000e-02
        0.000000e+00
        2.500000e-02
        2.500000e-02
        0.000000e+00
        0.000000e+00
        0.000000e+00
        0.000000e+00
        0.000000e+00
        2.500000e-02
        0.000000e+00
        0.000000e+00
        2.500000e-02
        0.000000e+00
        2.500000e-02
        0.000000e+00
        0.000000e+00
        2.500000e-02
        0.000000e+00
        0.000000e+00
        0.000000e+00
        2.500000e-02
        0.000000e+00
        0.000000e+00
        5.000000e-02
        0.000000e+00
        0.000000e+00
        2.500000e-02
        0.000000e+00
        5.000000e-02
        2.500000e-02
        2.500000e-02
        0.000000e+00
        0.000000e+00
        0.000000e+00
        0.000000e+00
        0.000000e+00
        0.000000e+00
        2.500000e-02
        0.000000e+00
