        2.222222e-01
        1.666667e-01
        1.111111e-01
        5.555556e-02
        2.722222e+00
        1.444444e+00
        0.000000e+00
        1.888889e+00
        5.555556e-02
        0.000000e+00
        0.000000e+00
        8.888889e-01
        1.111111e-01
        0.000000e+00
        8.333333e-01
        1.000000e+00
        0.000000e+00
        1.722222e+00
        5.555556e-02
        1.611111e+00
        1.166667e+00
        0.000000e+00
        1.388889e+00
        5.555556e-02
        5.555556e-02
        2.166667e+00
        1.444444e+00
        2.333333e+00
        1.055556e+00
        5.555556e-02
        0.000000e+00
        0.000000e+00
        1.444444e+00
        0.000000e+00
        0.000000e+00
        2.166667e+00
        0.000000e+00
        1.722222e+00
        2.055556e+00
        0.000000e+00
        1.611111e+00
        1.055556e+00
        0.000000e+00
        2.888889e+00
        5.555556e-02
        2.000000e+00
        2.222222e-01
        8.888889e-01
        0.000000e+00
        1.333333e+00
