        8.333333e-02
        0.000000e+00
        0.000000e+00
        1.250000e-01
        0.000000e+00
        0.000000e+00
        0.000000e+00
        0.000000e+00
        0.000000e+00
        0.000000e+00
        8.333333e-02
        0.000000e+00
        0.000000e+00
        0.000000e+00
        4.166667e-02
        8.333333e-02
        4.166667e-02
        0.000000e+00
        4.166667e-02
        0.000000e+00
        0.000000e+00
        0.000000e+00
        4.166667e-02
        0.000000e+00
        4.166667e-02
        0.000000e+00
        1.291667e+00
        0.000000e+00
        4.166667e-02
        1.000000e+00
        0.000000e+00
        0.000000e+00
        8.333333e-02
        4.166667e-02
        4.166667e-02
        8.750000e-01
        4.166667e-02
        0.000000e+00
        8.333333e-02
        0.000000e+00
        0.000000e+00
        1.041667e+00
        0.000000e+00
        0.000000e+00
        8.333333e-02
        4.166667e-02
        8.333333e-02
        8.333333e-02
        8.750000e-01
        4.166667e-02
