        4.500000e+00
        1.300000e+00
        6.200000e+00
        4.400000e+00
        5.600000e+00
        4.100000e+00
        3.400000e+00
        7.600000e+00
        7.200000e+00
        5.800000e+00
        6.000000e+00
        6.500000e+00
        6.300000e+00
        6.300000e+00
        3.600000e+00
        3.900000e+00
        4.500000e+00
        1.400000e+00
        8.000000e-01
        1.000000e-01
        4.100000e+00
        2.300000e+00
        3.300000e+00
        5.700000e+00
        7.900000e+00
        0.000000e+00
        3.400000e+00
        2.800000e+00
        6.500000e+00
        8.100000e+00
        5.500000e+00
        2.300000e+00
        7.800000e+00
        3.300000e+00
        5.100000e+00
        2.000000e+00
        2.200000e+00
        3.700000e+00
        6.500000e+00
        3.700000e+00
        1.700000e+00
        1.400000e+00
        2.800000e+00
        4.600000e+00
        2.300000e+00
        4.400000e+00
        1.000000e+00
        1.700000e+00
        2.500000e+00
        3.600000e+00
