        0.000000e+00
        4.347826e-02
        2.898551e-02
        0.000000e+00
        0.000000e+00
        1.449275e-02
        0.000000e+00
        0.000000e+00
        0.000000e+00
        0.000000e+00
        1.449275e-02
        0.000000e+00
        1.449275e-02
        1.449275e-02
        0.000000e+00
        1.449275e-02
        0.000000e+00
        0.000000e+00
        0.000000e+00
        1.449275e-02
        0.000000e+00
        1.449275e-02
        0.000000e+00
        0.000000e+00
        0.000000e+00
        0.000000e+00
        1.449275e-02
        0.000000e+00
        0.000000e+00
        0.000000e+00
        1.449275e-02
        1.449275e-02
        0.000000e+00
        0.000000e+00
        0.000000e+00
        0.000000e+00
        2.898551e-02
        0.000000e+00
        0.000000e+00
        0.000000e+00
        0.000000e+00
        0.000000e+00
        1.449275e-02
        0.000000e+00
        1.449275e-02
        0.000000e+00
        0.000000e+00
        1.449275e-02
        0.000000e+00
        0.000000e+00
