        4.416667e+00
        3.750000e+00
        2.166667e+00
        1.750000e+00
        1.916667e+00
        5.083333e+00
        1.000000e+00
        5.333333e+00
        1.916667e+00
        2.416667e+00
        4.166667e+00
        1.083333e+00
        1.416667e+00
        3.666667e+00
        4.500000e+00
        2.750000e+00
        2.250000e+00
        8.333333e-02
        2.666667e+00
        3.166667e+00
        1.416667e+00
        2.666667e+00
        1.916667e+00
        3.833333e+00
        1.250000e+00
        1.416667e+00
        2.500000e+00
        3.333333e+00
        2.750000e+00
        1.333333e+00
        2.583333e+00
        2.083333e+00
        9.166667e-01
        2.000000e+00
        2.083333e+00
        3.250000e+00
        2.083333e+00
        5.416667e+00
        3.000000e+00
        1.083333e+00
        1.083333e+00
        1.833333e+00
        1.750000e+00
        4.416667e+00
        2.666667e+00
        2.500000e+00
        8.333333e-01
        5.833333e+00
        2.833333e+00
        1.583333e+00
