        0.000000e+00
        7.142857e-02
        0.000000e+00
        0.000000e+00
        0.000000e+00
        8.928571e-01
        0.000000e+00
        0.000000e+00
        0.000000e+00
        0.000000e+00
        0.000000e+00
        3.571429e-02
        3.571429e-02
        0.000000e+00
        0.000000e+00
        3.571429e-02
        0.000000e+00
        3.571429e-02
        0.000000e+00
        7.142857e-02
        3.214286e-01
        2.857143e-01
        3.571429e-02
        0.000000e+00
        0.000000e+00
        7.142857e-02
        1.071429e-01
        0.000000e+00
        2.857143e-01
        0.000000e+00
        3.571429e-02
        2.142857e-01
        3.571429e-02
        0.000000e+00
        1.428571e-01
        1.107143e+00
        3.571429e-02
        0.000000e+00
        3.571429e-02
        0.000000e+00
        1.428571e-01
        3.571429e-02
        0.000000e+00
        0.000000e+00
        3.571429e-02
        0.000000e+00
        0.000000e+00
        1.071429e-01
        0.000000e+00
        0.000000e+00
