        3.846154e-02
        3.846154e-02
        0.000000e+00
        1.000000e+00
        7.692308e-02
        0.000000e+00
        0.000000e+00
        0.000000e+00
        3.846154e-02
        0.000000e+00
        7.692308e-02
        0.000000e+00
        7.692308e-02
        3.846154e-02
        0.000000e+00
        0.000000e+00
        7.692308e-02
        1.153846e-01
        0.000000e+00
        0.000000e+00
        0.000000e+00
        7.692308e-02
        0.000000e+00
        7.692308e-02
        0.000000e+00
        0.000000e+00
        1.153846e-01
        3.846154e-02
        3.846154e-02
        3.846154e-02
        3.846154e-02
        3.846154e-02
        0.000000e+00
        0.000000e+00
        7.692308e-02
        0.000000e+00
        3.846154e-02
        3.846154e-02
        0.000000e+00
        0.000000e+00
        1.307692e+00
        0.000000e+00
        3.846154e-02
        0.000000e+00
        0.000000e+00
        0.000000e+00
        9.615385e-01
        0.000000e+00
        3.846154e-02
        0.000000e+00
