        0.000000e+00
        0.000000e+00
        0.000000e+00
        0.000000e+00
        0.000000e+00
        4.545455e-02
        0.000000e+00
        9.545455e-01
        1.045455e+00
        1.090909e+00
        9.090909e-02
        2.227273e+00
        4.545455e-02
        1.409091e+00
        9.090909e-02
        1.409091e+00
        9.545455e-01
        9.090909e-02
        4.545455e-02
        9.545455e-01
        1.136364e+00
        4.545455e-02
        1.636364e+00
        9.545455e-01
        1.818182e+00
        4.545455e-02
        1.363636e-01
        0.000000e+00
        1.590909e+00
        4.545455e-02
        4.545455e-02
        0.000000e+00
        0.000000e+00
        4.545455e-02
        4.545455e-02
        0.000000e+00
        2.272727e-01
        1.136364e+00
        1.000000e+00
        8.636364e-01
        4.545455e-02
        0.000000e+00
        0.000000e+00
        9.545455e-01
        4.545455e-02
        4.545455e-02
        1.090909e+00
        9.090909e-02
        0.000000e+00
        2.045455e+00
