        0.000000e+00
        0.000000e+00
        0.000000e+00
        3.333333e-02
        0.000000e+00
        0.000000e+00
        3.333333e-02
        0.000000e+00
        0.000000e+00
        0.000000e+00
        0.000000e+00
        0.000000e+00
        0.000000e+00
        0.000000e+00
        0.000000e+00
        0.000000e+00
        3.333333e-02
        3.333333e-02
        0.000000e+00
        0.000000e+00
        0.000000e+00
        0.000000e+00
        1.333333e-01
        3.333333e-02
        0.000000e+00
        0.000000e+00
        3.333333e-02
        0.000000e+00
        3.333333e-02
        0.000000e+00
        0.000000e+00
        3.333333e-02
        0.000000e+00
        0.000000e+00
        0.000000e+00
        3.333333e-02
        0.000000e+00
        3.333333e-02
        3.333333e-02
        3.333333e-02
        0.000000e+00
        0.000000e+00
        3.333333e-02
        0.000000e+00
        1.233333e+00
        3.333333e-02
        0.000000e+00
        0.000000e+00
        0.000000e+00
        0.000000e+00
