        0.000000e+00
        5.000000e-02
        0.000000e+00
        0.000000e+00
        0.000000e+00
        5.000000e-02
        5.000000e-02
        1.400000e+00
        5.000000e-02
        0.000000e+00
        1.500000e+00
        1.500000e-01
        2.000000e-01
        1.200000e+00
        1.000000e-01
        9.000000e-01
        5.000000e-02
        1.600000e+00
        0.000000e+00
        1.000000e-01
        0.000000e+00
        0.000000e+00
        1.700000e+00
        1.050000e+00
        5.000000e-02
        5.000000e-02
        1.000000e+00
        1.050000e+00
        5.000000e-02
        1.350000e+00
        9.500000e-01
        0.000000e+00
        1.350000e+00
        1.000000e-01
        5.000000e-02
        1.550000e+00
        2.000000e+00
        1.100000e+00
        5.000000e-02
        1.000000e-01
        0.000000e+00
        1.050000e+00
        1.500000e+00
        1.300000e+00
        0.000000e+00
        0.000000e+00
        0.000000e+00
        5.000000e-02
        0.000000e+00
        1.550000e+00
