        1.250000e-02
        0.000000e+00
        0.000000e+00
        0.000000e+00
        1.250000e-02
        0.000000e+00
        0.000000e+00
        0.000000e+00
        1.250000e-02
        0.000000e+00
        0.000000e+00
        1.250000e-02
        0.000000e+00
        1.250000e-02
        0.000000e+00
        0.000000e+00
        0.000000e+00
        0.000000e+00
        0.000000e+00
        0.000000e+00
        2.500000e-02
        0.000000e+00
        0.000000e+00
        0.000000e+00
        0.000000e+00
        0.000000e+00
        0.000000e+00
        0.000000e+00
        0.000000e+00
        0.000000e+00
        0.000000e+00
        0.000000e+00
        0.000000e+00
        1.250000e-02
        0.000000e+00
        0.000000e+00
        0.000000e+00
        0.000000e+00
        0.000000e+00
        1.250000e-02
        0.000000e+00
        0.000000e+00
        0.000000e+00
        0.000000e+00
        1.250000e-02
        0.000000e+00
        0.000000e+00
        0.000000e+00
        0.000000e+00
        1.250000e-02
