        2.800000e+00
        1.666667e+00
        2.200000e+00
        6.666667e-02
        2.333333e+00
        2.733333e+00
        1.800000e+00
        6.666667e-02
        2.000000e-01
        2.000000e+00
        1.333333e-01
        1.266667e+00
        1.400000e+00
        3.466667e+00
        1.666667e+00
        1.333333e-01
        4.000000e+00
        2.200000e+00
        6.666667e-02
        1.666667e+00
        2.666667e+00
        2.466667e+00
        0.000000e+00
        2.733333e+00
        1.466667e+00
        1.266667e+00
        1.866667e+00
        2.133333e+00
        1.866667e+00
        1.066667e+00
        2.133333e+00
        1.866667e+00
        4.000000e-01
        9.333333e-01
        1.133333e+00
        1.333333e+00
        2.200000e+00
        1.066667e+00
        3.666667e+00
        1.333333e+00
        0.000000e+00
        6.666667e-02
        1.866667e+00
        3.600000e+00
        1.600000e+00
        1.333333e+00
        3.466667e+00
        1.666667e+00
        1.200000e+00
        2.533333e+00
