        5.285714e+00
        1.714286e+00
        1.285714e+00
        1.500000e+00
        2.857143e-01
        4.142857e+00
        3.500000e+00
        2.142857e+00
        3.785714e+00
        3.500000e+00
        2.285714e+00
        3.500000e+00
        1.714286e+00
        1.785714e+00
        3.000000e+00
        2.642857e+00
        1.428571e+00
        1.642857e+00
        1.071429e+00
        2.714286e+00
        1.785714e+00
        8.571429e-01
        1.285714e+00
        7.857143e-01
        1.428571e+00
        3.857143e+00
        2.142857e-01
        7.142857e-02
        3.285714e+00
        4.428571e+00
        2.857143e+00
        4.928571e+00
        1.642857e+00
        2.500000e+00
        7.142857e-02
        3.428571e+00
        1.428571e+00
        1.928571e+00
        2.000000e+00
        1.214286e+00
        3.357143e+00
        1.428571e+00
        2.000000e+00
        0.000000e+00
        3.428571e+00
        1.714286e+00
        4.214286e+00
        2.857143e+00
        1.357143e+00
        1.357143e+00
