0
0.06666666666666667
0
0
1.6
0
0
1.7333333333333334
1.2666666666666666
0
0
0.06666666666666667
1.4666666666666666
0
1.6
1.6
0.6666666666666666
0
1.6
0
1.6
0.06666666666666667
0
0
1.5333333333333334
0
0.06666666666666667
1.6
1.6
0
1.3333333333333333
1.7333333333333334
1.5333333333333334
1.6666666666666667
0
1.2666666666666666
0.06666666666666667
0
0.3333333333333333
0.06666666666666667
1.4666666666666666
1.4666666666666666
0
0.26666666666666666
1.6
0
1.3333333333333333
1.6666666666666667
0
1.4666666666666666
