0.07142857142857142
1.7857142857142858
1.6428571428571428
1.5
1.3571428571428572
0.21428571428571427
0
0
1.7142857142857142
0
0
1.4285714285714286
1.2142857142857142
0
1.5
1.6428571428571428
1.4285714285714286
1.4285714285714286
1.6428571428571428
1.5714285714285714
0.07142857142857142
0.21428571428571427
0
1.7142857142857142
1.5
1.6428571428571428
0
0
1.6428571428571428
1.7142857142857142
0
0
1.5
1.5714285714285714
0
0
0.07142857142857142
0
0.07142857142857142
1.7142857142857142
1.4285714285714286
1.4285714285714286
1.2857142857142858
0.42857142857142855
0.07142857142857142
0.07142857142857142
1.3571428571428572
0
0
1.5
