61.30757099999928
61.76715730000039
61.38682630000001
61.18406399999899
61.25282200000006
61.33582140000051
61.2129755000009
61.335623299997025
61.3912647000025
61.388376400001135
61.64556550000058
61.28470530000021
61.30762380000045
61.45415929999819
61.462118899997506
61.43973859999992
61.61708979999753
61.37265149999984
61.348104000000106
61.86062060000047
61.2852319000015
61.4988832999985
61.4003928999995
61.239460199999094
61.38281299999861
61.738413900001824
61.292557100000415
61.32756110000023
61.21231160000241
61.40803469999994
61.26696359999913
61.458278600002124
61.47528640000062
61.38101049999739
61.233142199998376
61.20982070000055
61.243278000002775
61.81686470000009
61.332197900000104
61.80431779999883
61.28605869999719
61.55161940000054
61.126567400002976
61.54570079999862
61.34077470000106
61.433351100001396
61.57640180000138
61.23196349999764
61.549101600001386
61.314508199998826
