61.08882500000261
61.266926800001286
61.00984709999853
61.26776710000028
61.22935789999826
61.496166000000834
61.84394099999705
61.232883099999704
61.250999100002
61.328671900000785
61.09042320000067
61.076007900001954
61.28150439999992
61.16580720000058
61.197788100000416
61.10825960000248
61.25609960000154
61.009459700000114
61.18351110000017
61.40275190000098
61.373824600000496
60.99651620000092
60.54853269999796
61.343645999997314
61.42188909999937
61.20601399999873
61.30993759999947
61.43675160000113
61.409459100000475
61.1914559999987
61.11306479999869
61.189841400003004
61.29247660000116
60.97839889999976
61.3510842000014
61.671196399997456
61.34449700000074
61.24540879999769
61.14999800000041
61.05008950000084
61.30003430000137
61.092122499998275
61.25415960000185
61.15320209999984
61.28508210000259
61.33516829999922
61.26903949999925
61.04988339999933
61.54827009999836
61.338195000001754
