49.966618099999664
6.286315599999904
45.18595360000034
8.846023200000014
43.701295299999806
18.43124109999958
33.2876324999998
57.00871099999989
19.02226980000001
50.57599800000007
18.805242800000105
25.731194300000066
42.64890580000018
63.3445071
14.080904399999868
38.059461300000095
19.014861499999995
27.95406090000002
31.633525900000254
24.3773698000002
10.624529599999937
35.70240519999975
8.063912500000068
60.361409599999824
17.76008849999998
39.44758229999983
10.168856100000017
13.117533399999875
39.66490690000018
36.04793660000023
26.37221960000009
5.827808599999636
9.877179400000012
11.069294100000134
21.36331770000033
39.09203089999995
9.337424500000338
10.087019200000375
60.3509088
8.510794900000079
60.34846649999982
6.988552400000316
5.382203499999736
4.718454600000075
28.602972199999883
14.55390369999969
12.449454700000159
7.454305299999973
8.015603300000253
25.376137699999987
