61.26530290000195
61.16908770000029
61.032488699999725
60.91650620000097
61.0742768000013
61.13806059999799
61.13220660000228
60.995504599997744
61.37534510000168
61.032441699998465
61.34446329999887
61.114353200001325
61.04193400000042
61.019311500001315
61.472723699997886
61.37222840000136
61.58424640000059
61.22276570000062
61.38872389999951
61.41812789999768
60.987892800001255
61.03545860000001
61.54765669999937
61.1484988000003
61.09766249999738
61.236282300000916
61.27767229999968
61.24368369999913
61.1266805999979
61.23373170000309
61.30818259999984
61.207254899998276
61.205990200002105
61.24627950000057
61.28820920000205
60.994996200001275
61.10970919999712
61.14208360000069
61.26655189999788
61.066472200003616
61.29595090000126
61.303375599997814
61.09130479999687
61.30297590000145
61.20515270000139
61.05151839999853
61.14542019999734
61.691666200001464
61.32211200000156
61.28341090000134
