61.043258299999366
60.92572749999971
60.96929940000038
60.66127379999874
61.29162639999978
61.15539149999857
61.12568849999867
61.237752600000185
61.00775130000092
61.3165327000005
61.165766199999645
61.313086700000056
61.01493649999967
61.44662720000026
61.33288200000146
61.4217166999995
61.23572049999961
61.61131319999987
61.13864029999997
61.15148400000106
61.24642349999899
61.08941010000006
61.23525749999942
61.37163609999975
60.94066500000135
61.32192099999958
61.0805100999997
60.98432390000072
61.029791200000666
60.87109860000024
61.1607243999985
61.2779721999999
61.24190249999998
61.353187200000036
61.17146139999931
61.488528899999054
61.081204300000614
61.321106200000095
60.69345819999856
61.1549401000011
61.01932839999963
60.94368639999956
61.19695620000105
61.27895209999928
61.23582780000008
61.153932200000725
61.08574779999957
61.145150799998675
61.01364960000061
60.92522319999894
