61.66898850000064
61.55875649999895
61.550291100003285
61.553487199997605
61.42815000000081
61.45335300000044
61.4928819999956
61.60399739999835
61.61911369999911
61.481306900005166
61.40637340000236
61.5502373999996
61.65385990000228
61.77008150000547
61.70899070000081
61.64154630000059
61.414637399997204
61.494169200004315
61.734725499995925
61.66245300000089
61.516758800004055
61.59382729999393
61.80589309999868
61.655693799999135
61.47547510000432
61.42662880000069
61.616125700000055
61.737671400001325
61.637723699999675
61.52945759999811
61.484364099995624
61.56052269999981
61.547830599999514
61.569389700000166
61.24577660000105
61.677026800003986
61.54988870000042
61.67259820000134
61.742275099997705
61.72616120000074
61.97686379999872
61.26980219999797
61.38540709999838
61.937762499998875
61.69124279999565
61.4448587999964
61.62594829999983
61.79557589999901
61.513676900000085
61.46688459999518
