61.367892700003324
60.58079119999973
61.76344729999794
61.26703330000016
61.316597200002576
61.38067790000266
61.12784849999931
61.2128482999991
61.352256200000014
61.245847099999295
61.331954300002536
61.372556300001676
61.253015499999684
61.695782899998726
61.19688730000292
61.412661900001446
61.7396280000006
61.36123999999772
60.593309300001096
61.5966892000006
61.47062989999846
61.29038230000075
61.693602699997655
61.19150999999716
61.41539700000195
61.25069889999901
61.38913069999796
61.20417479999979
61.41731040000109
61.050438099999425
61.16633859999967
60.532845800000906
61.49834739999912
61.321646199999115
61.11464889999735
61.15539499999838
61.24280669999901
61.33871950000055
61.20190500000163
61.18137300000171
61.3770903999988
61.66993440000154
61.22137369999876
61.09317319999989
61.09022569999926
61.20447190000146
61.55751209999902
61.43691950000032
61.35905329999932
61.584779599998704
