61.51864049999762
61.36898969999771
61.49783670000348
61.45519470000453
61.42620860000382
61.708836600005334
61.355167299998485
61.62244340000449
61.41987589999804
61.471225700002236
61.63455910000142
61.708846700003406
61.36568919999812
61.61630520000582
61.426619400005265
61.327850799998004
61.440340200000094
61.49689520000495
61.28089239999603
61.377127400000454
61.35113379999497
61.34840049999707
61.24533029999514
61.33061390000348
61.536059600004805
61.397524299997826
61.89805690000324
61.462679399996034
61.35825600000098
61.41223189999729
61.404171199998586
61.49234999999706
61.370905200000045
61.168337400003324
61.522346100000696
61.16427369999434
61.69391840000454
61.807841699999855
61.25329950000268
61.31467139999968
61.56599469999869
61.36385149999572
61.45743260000485
61.456390000001086
61.38654150000512
61.46556919999523
61.43775740000557
61.2342346000005
61.64142620000314
61.55867109999911
