60.68510450000155
61.04612419999937
61.35084129999933
61.28194120000054
61.209294700000456
61.15134089999984
61.136419499999725
61.16357509999935
60.780136700000675
60.526078299998716
60.66388870000071
61.031336600000024
60.91111899999873
61.016459500000366
60.89603999999935
61.2353323999997
61.02885579999959
61.00550230000097
61.072724199999364
61.198443899999994
61.04494459999945
61.002288899999016
61.20587320000024
60.991237699998635
60.95264430000004
61.01901199999926
60.80070979999978
60.792614100001366
61.137684699999134
61.09989040000024
61.07887129999998
60.97983689999904
61.05887320000174
60.863641499999694
60.538882600000434
61.592018800000204
61.189331200000794
60.86417090000003
61.16227819999995
61.08944469999849
60.90855739999958
60.953040300000886
60.81869279999856
60.974400600000834
60.87974430000006
61.06572759999978
60.973162400000334
61.00190780000067
60.97130339999993
60.76468899999845
