61.0223849000002
61.14540610000126
61.32335990000136
61.21338290000069
60.93267930000175
61.2252410999998
61.066100299999945
61.08003740000079
61.43571789999865
61.38049030000133
61.315434399998665
61.084636499999604
61.19733380000245
61.34299110000259
61.01810790000033
61.07510249999978
61.07628460000121
60.91570320000186
60.90617310000117
61.41139990000056
61.35315720000193
61.3786433999968
61.835059999999075
61.64984100000035
61.385247899998014
61.1247160000027
61.22783280000021
61.175671500001386
60.74204410000152
61.53385529999937
61.373454699999265
61.34843430000109
61.21928170000071
61.47443439999872
61.26663400000037
60.97533770000028
61.0497772999975
61.136436200000674
61.15868399999958
61.066963199997254
61.114752199998
61.167520999998
61.34775859999942
60.68274270000124
61.183470200001366
61.47771099999921
61.1086911999992
61.14441190000122
60.53267239999788
61.17828110000052
