60.68074900000016
27.40151739999953
60.70918440000018
22.523844300000544
60.677154200000466
60.574617300000384
60.650619999999265
60.56223560000044
60.72130229999977
60.575266200000605
60.79504559999982
51.01862339999996
60.54267299999988
60.53879639999995
29.893437500000193
60.63660389999956
29.28701669999992
60.760325899999664
38.97800369999984
60.51295829999997
15.074722700000649
37.02747459999979
60.581181500000504
60.52161390000016
17.85253610000031
23.839498599999484
60.481284699999975
60.587453099999976
60.48109259999958
60.44530170000055
60.4370426999998
60.42532250000042
60.54203539999961
34.104239699999724
60.49011319999975
60.33969530000023
60.48313510000003
60.382991600000054
60.46053609999917
14.843457599999265
33.89700220000015
60.38448519999995
18.916712099999533
60.45842310000031
60.351848699999884
15.96444520000043
21.718297299999527
60.40262869999997
17.921975500000592
15.29096760000066
