61.37729980000034
61.688975599999445
61.621998700002536
61.48999430000385
61.57908890000349
61.44686440000202
61.69482650000144
61.36459339999637
61.512669199999586
61.835533500004786
61.593148100005145
61.28382280000212
61.202494400000234
61.590856000000144
61.087042499994865
61.42729000000187
61.5945947000027
61.459924500000724
61.60054860000293
61.71854320000025
61.258001599998074
61.50562409999524
61.30516830000436
61.63454759999838
61.56181110000143
61.33947079999473
61.57931200000427
61.621117599997596
61.46852399999813
61.749932599998424
61.48117010000328
61.64257849999974
61.778259100001634
61.54945760000191
61.891449500004
61.47366900000243
61.48993000000177
61.69931649999961
61.13826310000342
61.407049299998384
61.3272139000065
61.62915599999829
61.428343099999644
61.683573499996356
61.330068200000866
61.32137139999916
61.626795600001124
61.48572470000568
61.38795140000216
61.66467020000432
