60.772737799999874
60.42939500000026
60.779787599999906
60.74762970000023
60.60190430000046
60.44416950000018
60.65973650000078
60.62692460000042
60.42246110000027
60.631706199999286
60.463485400000685
60.42969780000003
60.89157460000018
60.40655030000013
50.32360569999976
60.62849079999984
49.25627609999925
32.78423339999938
60.66900319999951
60.66455120000003
60.73495859999954
60.836384200000076
60.6695369000005
60.66930689999943
60.76955279999958
60.435826200000214
60.49456240000045
60.49994449999996
60.653879599999655
60.462203899999594
60.77976989999852
37.302696500000245
60.80130679999907
60.446050399999244
55.14578589999947
60.872475299999444
60.64895230000053
60.66289080000155
60.46415580000133
60.78938749999968
60.734930599999636
60.75143399999931
60.450242899999104
60.75470899999945
60.74820340000104
40.46830640000045
60.785473999999276
60.49592620000058
60.595581299999196
60.7677237000008
