0.6735977999999255
0.569739400000131
0.5157154999996858
0.6015410999997688
0.5910599000001207
0.6822955999998561
0.5084589000001783
0.48267469999998724
0.8842013999996924
0.5427081999997814
0.6343824999999794
0.8589796000000781
0.5949796999999432
0.5593769999999434
0.5191953000000733
0.47693919999977263
0.7051140000000022
0.616721099999868
0.6762932999997173
0.7838514999998533
0.803475199999654
0.629644599999787
0.5283342000002649
0.4632852999998935
0.567072200000027
0.720679500000187
0.8121449999999402
0.6450895999998479
0.6666759999998785
0.5806518999998562
0.7880053000000666
1.0292329999997722
0.6746393000000015
0.6700482000000096
0.652345800000161
0.6266064999999501
0.4729691000003342
0.6317754999999421
0.5584297999997956
0.5081645999996427
0.5747263999999668
0.6096146000001808
0.8788422999998062
0.5339563999997445
0.5404913000001036
0.5307549999998167
0.5350049000001353
0.5486136000003891
0.8436869999999551
0.5872069999999225
