2.001204999999757
2.0702711000003706
2.0391464000000354
2.4417618999997317
2.059814799999741
8.160764499999939
2.0895765000003195
2.6017597999998165
1.6799416999999102
7.126759200000146
9.844755799999655
1.916122999999973
1.8896933999996421
1.7252433999999899
1.9895933000001922
1.548433900000087
2.098729800000239
2.3233419000000515
1.4781833999998921
1.5623800000000039
1.8347336000000052
2.297198800000018
1.83668139999993
6.5092937000002244
1.478895499999992
1.838174299999956
2.363627999999966
1.8945806999998167
1.4653243000000196
1.3700973999996968
3.265200600000313
1.869558000000159
1.8946590999996853
2.38668989999997
1.4665126000000481
6.331547500000227
2.761864499999947
1.8539431999997054
1.8112074000000007
2.78435189999995
2.245485999999829
2.0438774999998337
2.2762209000001024
1.9229964000000515
2.1938191999998873
2.5186748000001686
2.2971762000003486
2.4233699999998315
1.96290349999977
2.1405191000000925
