0.3601791000002139
0.20579660000012462
0.2506991999998416
0.24424639999996245
0.2571138000001333
0.2619512000001356
0.3084699999999616
0.24339410000011888
0.23119369999988537
0.23693779999968978
0.24150669999995075
0.3723937000001431
0.20997270000035456
0.24840310000041452
0.2591143999996619
0.2339405000000727
0.31111120000002473
0.27245530000018703
0.25638899999973375
0.2782658999996229
0.21795499999964574
0.2553941000002734
0.2397110000000594
0.31556080000006903
0.20655539999989614
0.2251091000000204
0.23086839999992712
0.2579686000001261
0.6083906000001754
0.5831291999999327
0.421696600000039
0.2629951000001526
0.317385100000181
0.3232941000000047
0.2620076999999774
0.24745910000010868
0.2841603999998965
0.22991440000007018
0.25779110000004823
0.23793190000022993
0.25731779999991833
0.2886194000000504
0.24229610000019502
0.26776059999977764
0.243165899999862
0.28307410000006455
0.24039080000011176
0.21781799999979323
0.19449569999980104
0.2198645000002593
