61.403547699997524
61.536673499999644
61.45943200000063
61.30306589999941
61.94164150000235
61.36823570000212
61.875857699999614
61.328269899998006
61.81986579999948
61.686240399997764
61.48291759999955
61.269644299999925
61.72001769999872
61.548745799998855
61.38651980000029
61.63245410000126
61.76451179999753
61.47515709999931
61.29670759999824
61.59382619999993
61.536474599999
61.82715510000199
61.6445421999958
61.70425690000512
61.82876549999596
61.483049300001255
61.47752320000121
61.367201200000984
61.62794220000155
61.80608780000133
61.64216739999885
61.48983690000246
61.40618510000097
61.57237570000044
61.60693679999946
61.94690680000312
61.267895899998514
61.543962600000796
61.22913769999702
61.29819300000138
61.516334799995604
61.62631449999917
61.453074400002436
61.42278850000034
61.699910500001465
61.672622599998995
61.829824999997996
61.65094900000189
61.53156339999767
61.62353859999683
