4.114000275664094e-14
3.0969907704849614e-14
1.715932447839665e-14
8.282275594918921e-15
6.067396552065941e-14
7.487304875144972e-14
4.861554336257317e-14
4.977593816076971e-14
8.115919689752396e-15
3.1569712670503093e-15
1.426362175003413e-14
6.5350682480072145e-15
2.269021924501113e-14
4.221044813860065e-14
6.917301623609021e-14
2.262403776312393e-14
3.8464115555639806e-14
2.371385379138859e-14
1.0287686027721695e-13
1.2476554256488633e-14
5.179993275834698e-14
3.100335651216613e-14
1.56431823359577e-13
4.7531838701656975e-14
1.0921080794388755e-14
3.45174919630052e-13
1.6556028597472625e-14
3.010760936528848e-14
2.0307242092106328e-14
2.2134486482675936e-14
3.867035608137755e-14
2.5094764521967766e-13
3.536302399986896e-14
6.839751123979952e-14
1.5742344837030108e-14
3.93015537166234e-14
2.583611098738264e-14
3.669412122301525e-14
7.639240448173311e-14
2.5399024376841672e-14
4.580880240023458e-14
4.2407121065627977e-14
6.764535152221626e-14
2.1139974148292515e-13
9.563184241433243e-14
3.7609212918039744e-14
4.7432971345378597e-14
1.1786542420959347e-13
8.589827376652154e-14
4.399155203204643e-14
4.114000275664094e-14
3.0969907704849614e-14
1.715932447839665e-14
8.282275594918921e-15
6.067396552065941e-14
7.487304875144972e-14
4.861554336257317e-14
4.977593816076971e-14
8.115919689752396e-15
3.1569712670503093e-15
4.114000275664094e-14
3.0969907704849614e-14
1.715932447839665e-14
8.282275594918921e-15
6.067396552065941e-14
7.487304875144972e-14
4.861554336257317e-14
