1.1595912809267035e-13
4.1189354577144575e-14
7.782496933949304e-14
1.450769491839946e-14
2.7723129214408127e-14
2.532238324764569e-14
1.0254983041867068e-13
1.3611160116951368e-13
7.586540005332416e-15
6.481222154712036e-14
1.0888639056311577e-13
7.080688119366166e-14
1.261658442832843e-13
1.6670805811275934e-12
1.0803956595347702e-13
1.2904932307316201e-14
6.609875312735443e-14
8.876714557084088e-14
3.082550432888161e-15
2.9832569457187274e-14
9.547709735727004e-14
5.0786638801226934e-14
2.223477401334889e-14
1.7957546146597108e-13
2.117449225538083e-14
7.157135130279201e-14
1.2734825141823907e-14
6.771021957429402e-14
1.8696513509929935e-13
1.3666781161270865e-13
1.2512119348680188e-13
1.700558073581874e-14
4.767660304753333e-15
1.8768902196898925e-13
1.4172999016270402e-14
1.490811513023214e-14
7.720006122885204e-14
5.5165175119185925e-14
9.976424251508405e-14
1.571003273009206e-14
2.5701176207963948e-14
1.4695025051687595e-14
2.7933942914623466e-14
5.1631048733690805e-14
4.428282873621917e-15
2.846235613272618e-14
1.5707726968474344e-14
7.055869401671871e-13
5.961523307320814e-13
3.50344920428481e-14
