6.984827580740255e-14
7.295112854166225e-14
3.5517881366141366e-13
4.74975695799688e-14
2.175898009100445e-14
6.09572639468316e-14
2.4006392041818947e-13
2.182239189804235e-14
6.379948354913378e-14
2.56248711345058e-14
2.5814885984464327e-13
7.37883273605605e-14
1.9323646199647404e-14
2.7646444482331637e-14
3.736784446915168e-15
6.384417052380882e-14
3.598710690763855e-14
2.282521819744225e-13
3.408186189399994e-14
2.6773901306641534e-14
1.8990553320058068e-14
5.439009271740408e-14
1.2194374988611598e-13
1.6001505600570746e-13
4.1857671292499016e-14
1.331789047296696e-13
4.9985838625136196e-14
8.316707340599666e-14
9.763272206884465e-14
2.7669668777413174e-14
1.8441906576546897e-13
1.2528622377556985e-14
4.4538076786890285e-14
4.149523600691784e-14
1.8060918152096642e-14
2.106494803365513e-14
8.02643401543578e-14
1.9881670492826156e-13
3.941431973126595e-13
6.37706898494695e-14
4.8533055445398795e-14
4.2749476903598976e-14
6.343017173624961e-15
5.547822337013391e-14
1.0135692791160359e-13
1.0229005942966543e-14
2.968607350106918e-14
1.6669664589790386e-14
8.250760408831262e-14
1.7522502438310258e-13
