3.4922516539581597e-14
1.860780315144182e-14
7.459255181504265e-14
1.134599444424678e-14
9.908877914887636e-15
3.253058795813417e-14
7.297766880100701e-14
7.442424327499497e-14
2.325781846530906e-13
6.783694545060834e-15
9.408574697072721e-14
2.5103710926469444e-14
1.3401225870583663e-13
1.2058268670128591e-14
4.220231719151303e-14
1.3966435142251088e-14
5.900238009398988e-14
9.136013610413684e-14
1.793058972889182e-14
9.938369216292005e-14
2.8475187969219415e-14
3.2082176878219244e-14
4.1034237007024753e-14
1.505609761005966e-14
2.9139579153687796e-14
3.743731114137893e-14
4.100752535901135e-14
8.809511930216495e-15
4.0632828143663614e-14
8.893926807658202e-15
3.110126690931985e-15
4.9983065136883147e-14
1.0063634421871153e-14
1.9195119832667763e-13
9.314064147519932e-15
4.326913077811741e-15
1.014298519834499e-13
3.696565979556349e-14
7.332471803828186e-14
8.346683030811126e-14
7.864948100606173e-14
4.267095348196886e-14
3.5611096448412934e-14
4.3292391972125836e-14
1.9600960831286394e-14
1.0120741282865161e-14
2.4359636560120505e-14
2.1301135030597203e-14
2.2152834260576152e-14
2.1628963725742742e-13
