3.0267415477543246e-14
2.0213211926884868e-14
1.1141401540588647e-14
7.770890128972891e-14
6.03384760396481e-14
2.010642568604193e-13
3.796828673015575e-14
8.835087026950103e-14
4.592166793384212e-14
6.228892671463368e-14
5.4203524332539274e-14
6.505988992834897e-15
4.681078362054566e-14
9.906767714805216e-14
7.76317197684672e-15
4.55177283000486e-13
8.689613315510215e-14
1.678494940243255e-13
8.373336247444334e-15
4.1904284755807275e-14
8.471405175362376e-14
6.574968990591776e-14
2.2412544728672915e-14
3.863337645632813e-14
1.2530051850520869e-14
2.871064503699667e-14
4.219001452344198e-14
2.1350993244165782e-14
8.094662863161226e-14
7.612634403030492e-14
4.453494373609049e-14
8.021367628972269e-14
2.3174258212009218e-14
2.4976245314703265e-14
7.62520835269625e-14
1.2769532058707121e-14
2.967160416129344e-14
1.2824319757561881e-14
2.5057746989151645e-13
6.469599107310933e-14
1.546055551937294e-13
1.4324476424738057e-14
1.1107097295671195e-13
8.779683659264332e-15
4.216683929985253e-14
1.254150083612221e-13
4.7921413500439604e-14
1.7746678562153747e-14
4.3840188960237884e-13
1.1544681481965708e-13
