5.203125485386137e-14
3.248954654057829e-14
3.0646542950045156e-13
1.7779161344661184e-14
9.969129552432581e-14
4.6124070849977644e-15
1.1169213207797881e-14
3.795451908994233e-14
1.1079089402464668e-13
2.740980003259103e-13
1.053256972656586e-12
4.6808220748810825e-14
1.7601508389327922e-14
7.46767480875688e-15
7.934374144863897e-14
1.9859779194531957e-13
5.361088725096726e-14
6.605513659035498e-14
3.3763315115310376e-14
2.3139743634126323e-14
4.324218307757843e-14
6.20165512168997e-14
7.171788477805595e-14
4.1046926671310333e-13
1.1993057860770498e-13
7.089083915503812e-14
1.5094313116616186e-13
3.606573133485314e-14
1.2582756733329986e-13
1.1448374410965396e-12
2.667943182970644e-13
7.046408209528086e-13
1.561969953277578e-13
1.0690992449581747e-13
3.934676107287839e-14
4.375506172422309e-14
2.1706910671088075e-14
4.6214602198143865e-14
1.2511749330553428e-13
1.5687295650356464e-13
6.265943350842105e-14
1.721664275710491e-14
3.2099116314766696e-13
3.7026739901398785e-13
1.8785076017231636e-14
1.8299679311304308e-13
3.6917146573485317e-14
2.187578276676983e-14
1.168504394344294e-13
2.4371358063583915e-14
