1.1380749529831213
0.5934422578977744
1.6334425806694723
0.7175757224298369
0.6060888714030246
1.0430340461050873
3.7619397878118216e-14
1.2129284982651989
0.8922306759067282
1.1431818400717306
0.1476966259542529
1.2308747401163747
1.094884857443135
6.084332040921874e-13
0.35637862331665426
0.46208941654267766
0.9761530225287551
0.29943816744381313
0.9099468397219204
1.1997940769912026
0.8771654380887679
1.9363485805537016e-13
0.7310553611899427
1.3481717751347708
3.9696423749049333e-14
0.8500505266394126
0.6332683158382448
0.9015408757340174
0.8469736844285947
1.4133194455141995
1.412340735157697
1.4589449499356157
0.8724498979542624
0.7169195685712677
0.9414750664840729
8.750611308818245e-14
1.1646249997207572
0.33721691745525745
6.866262224308499e-06
1.0421232747147402
0.9923427103159236
0.648997876099773
0.9105075770491765
0.5920830123544337
0.7608194104384205
2.9167127971837587e-14
0.3670841699936044
9.894742885788832e-14
1.6221662082860477
1.170859190868478
