3.4928074824837104e-14
0.9800853628977121
8.153649234658721e-14
4.176716592714873e-14
1.0151871221545999e-13
1.501720438532148e-14
3.440956416303809e-14
1.8948695055691966e-13
1.8818214515155582e-14
1.445412496096152e-14
4.435263578105735e-14
0.703955088160763
4.7547473932994e-14
0.51349785887579
4.6349836368513725e-14
2.1488701174976357e-13
1.3926065493349884e-13
2.3187081590157116e-14
3.5831589330797904e-14
4.424786235897165e-14
0.10886623433430681
3.7385584258476327e-14
2.8270624195579303e-05
1.0346161464434302e-14
3.7046243998043226e-14
2.35795783879707e-14
0.6209461100518813
1.756269499470868e-14
1.4797081505485712e-13
1.2126673670385152e-13
1.067936995913003e-14
8.630933463485206e-15
2.2397224089926637e-14
3.5360181111706566e-14
2.236084661277965e-13
3.2937654295854535e-14
0.1221553629774307
2.471177038677571e-14
1.5802056702979864e-14
0.12390544446031204
1.2540746680519053
1.7271713686044588e-12
2.7172476185739747e-14
9.140661543711352e-14
1.0543924134662953e-13
3.620860184113152e-14
2.179367740436669e-14
3.6655826218851137e-14
4.344605642730019e-14
1.8420989177806402e-14
