1.8208320481590178e-14
4.0199090622537726e-14
8.907008282998506e-14
6.45604909862152e-14
2.721695399978058e-14
9.389531063819263e-15
3.4763804519031094e-14
5.81136126567889e-15
1.948098374328228e-14
1.6221853904721887e-13
3.2894421102828036e-14
1.644422122058607e-14
6.227235619334215e-14
2.418311945730266e-14
3.400018400898988e-14
1.4954514691354687e-14
1.790665921531239e-14
2.897158700818777e-14
4.7231303971988694e-14
6.70469347844838e-14
7.094180875860545e-14
4.32087830674848e-14
1.4162667910548837e-13
4.28059408323467e-14
5.937187139113733e-15
4.8116494599212554e-14
1.3936334279642146e-14
3.048371691267021e-14
4.8452876312928825e-14
2.5126064938960503e-13
5.0929866226359076e-14
3.4102589849555966e-14
7.004121194008289e-14
6.795898155187142e-14
1.4251013713314397e-14
7.162337022970853e-14
7.102378135738494e-14
1.802978305986558e-13
1.141842627592814e-14
2.927698395524869e-14
3.0037961910665066e-13
5.528853261302828e-15
6.196721479857215e-14
4.398358642033573e-14
4.8655844678612067e-14
4.034426525412863e-14
4.1155245765253096e-14
1.1170750053249689e-14
8.799308251744879e-15
4.8750502218761206e-14
