7.101342187047327e-14
8.865369653519557e-15
3.1305158825480985e-14
1.3590478384081471e-14
2.978880540308545e-13
2.628453640127144e-14
7.483158515759523e-15
1.6392304653431257e-13
1.2159455857659927
2.0131589890630796e-14
1.8795108822052152e-14
5.992876215075036e-14
8.313118237190798e-14
5.590229814111542e-14
1.324751497821581e-14
0.5271930399221856
8.324360009288026e-14
6.185768627326678e-14
1.3012617963689146e-14
9.939110852740185e-15
5.968348547654716e-14
2.982381890025209e-14
7.690628295728229e-14
2.6316992347081773e-13
5.48976751129161e-13
7.606238137069357e-14
8.321412575760408e-14
5.656420174390609e-14
4.637292228087733e-14
2.391048723950518e-14
0.8841504815021176
2.313223791062288e-13
3.283060266748378e-14
1.756206105353163e-13
3.507194922410809e-14
2.026751753625336e-14
2.909085546010381e-14
1.1690908337117322e-13
1.9448111310928706e-14
1.3151362865370709e-13
1.2271670221339762e-14
2.915577975953634e-14
2.9439272758305427e-06
4.867079344211275e-13
2.300279569130412e-14
1.147310202337321e-13
1.2574607712554807e-13
3.8908991192277336e-14
2.4765476459919806e-14
1.1545134615319126
