7.115587435318636e-14
2.1479821109434774e-13
3.040886322762991e-14
6.42804630507008e-14
0.41357773088806893
6.574270322721922e-14
3.8956421797049174e-14
1.0931230661922744
0.7387368884275071
5.063076316975719e-14
3.360956871812388e-14
4.0326783949926627e-14
1.208960244492447
4.906102621629143e-14
0.5935832424217968
0.8283262539491202
0.0007116207979226725
4.8687688647438515e-14
0.5491217308032738
1.345122361163623e-13
1.1166795043292999
2.3351230435378798e-14
1.542087919973942e-14
9.463213501172084e-14
1.3213862830532184
5.333262455148092e-14
2.2644615848501675e-14
0.8953799282600841
0.9192217783460648
9.786089142191528e-14
1.593830184952947
0.7732611946470389
0.9279934991916132
0.8864789044085274
1.0348170931511241e-13
1.0779143438363001
1.4108341691524897e-13
8.708401534356583e-14
0.00015421431414834995
1.6648751178245246e-13
1.1946549532282773
0.6531005105558443
2.2699294388730533e-14
2.73968916147471e-06
1.1796493496725724
1.7900564150744627e-14
1.0066389378168648
0.9255768356329716
6.561687677709278e-14
1.0655391403805339
