2.5197554664265063e-14
2.0394105030398412e-14
8.514438089237036e-14
4.7908385317243766e-14
2.3078878499767416e-14
9.307685502256652e-14
1.1448869419347726e-13
2.7584220424816515e-14
3.980906901757588e-14
3.2159860200171264e-14
1.1270917154386454e-13
1.2342266070494961e-14
4.503579261872722e-15
7.867997079496683e-14
3.3016496130144237e-13
4.7260822421303955e-14
9.770228855616208e-14
2.482144251040394e-14
2.7103214555656277e-14
1.7672001618527024e-14
2.5149880986532025e-14
2.9541165190398715e-14
2.7569906383404844e-14
2.068064439239738e-13
6.255275517522087e-14
1.9288049099130745e-14
5.518429206329446e-14
4.096766571362168e-14
1.0581999000322779e-14
6.801995923021681e-14
2.0044372386281733e-13
4.7168491161816794e-14
4.599077862017374e-14
1.8680061125318264e-13
4.255831200154423e-14
3.9178327296825766e-13
1.0848483849226493e-13
1.8600665022793667e-14
2.388644576762665e-14
6.708604648950268e-14
5.579747659897504e-14
3.525230214745827e-14
2.205412076961665e-14
1.2940683277122016e-14
3.897114244721686e-14
9.456001749442348e-14
6.612719071158892e-14
8.307024714847841e-14
7.718415831192245e-15
1.1276586533957589e-12
