0.7489090861135868
5.2272163454733116e-14
3.3303249311649885e-14
1.2058920387650216
6.054553785710832e-14
2.0299196048829104e-14
1.1665084518620334e-13
0.309469409210377
6.783409603646074e-14
1.7896805150829905e-13
1.1124408035095976
3.8471812293049483e-14
2.7441017658710718e-14
0.4720490639470444
7.62731543512481e-14
3.117308747469088e-13
1.002410701448554
5.056859025767159e-14
0.9645330451904707
7.017804905631855e-14
2.4923301935263835e-14
1.3615629518689416e-13
1.7883428456822698e-13
1.2181515812883492e-14
1.1710998584018136e-13
7.625463978665271e-14
1.937467439278085e-14
0.6357519824346627
8.482497267876053e-14
5.0121368419875046e-14
7.870865951158399e-14
1.0680758510673533e-13
2.3588411090867243e-14
3.0266162058924625e-14
5.045491205378175e-14
1.5973400100836395e-14
1.0119674579291869e-13
9.20858837649097e-14
5.4497257446996404e-14
6.937161917120454e-14
8.1412198709095e-14
1.077141374965334e-13
3.462497097221896e-13
5.5480578742297044e-14
4.779502569380955e-14
1.8328316331781847e-13
1.536151909905566e-13
4.366362943754725e-14
1.2205829409551098e-14
6.817634746982334e-14
