3.4735375429655116e-14
0.977820315308189
0.7594029599542301
0.6824684117712175
0.006226339655416415
1.2801528642641338e-06
4.047330358589763e-14
2.105085020635908e-14
0.5721407033772302
3.2016686212175603e-14
3.0513919475194255e-14
1.1303764171577437
0.9223323197633789
5.5337145352725646e-14
0.7866083621394544
0.9485023993702154
0.3926610379862596
0.8505090563324752
0.9332672536383174
0.991906082431296
5.041316547516215e-14
7.925791985189135e-07
1.8746317555572972e-14
0.8500324353088655
0.9304134802494577
1.1491028805914714
6.706119597335115e-14
7.172202380566853e-14
1.1921343500062054
0.4207395420402609
1.393217798415062e-13
5.6147979789725525e-14
0.8456941502338821
0.9069032358419188
8.853329389897291e-14
2.998607783901824e-13
4.42623770750326e-14
3.709808619869181e-14
6.452199852710333e-14
1.025657899240806
0.8796460633374262
0.7619223233331798
0.6007130189936554
2.248292197954609e-05
3.040183740810575e-14
2.7385014703748686e-08
0.12094166252381548
1.0078650872466492e-13
1.6421405784974156e-14
0.5428142108325027
