1.4296203775973413e-13
1.3201432529581245e-13
1.36743800725698e-13
1.2735694384926407e-13
4.6332443840409367e-14
2.396272977790674e-14
2.522463297020549e-14
4.176789370703714e-14
7.727107388132695e-14
1.0403689556544153e-13
2.5668192732524486e-14
2.6726571044979447e-14
5.916445027292357e-14
5.7110969515452e-14
3.695913246744636e-14
3.85262789971025e-15
3.079517053410177e-13
6.820009076419273e-14
8.607891332496382e-15
5.3986402256603316e-14
1.557957178815219e-14
4.627246779194708e-14
9.582585275930379e-14
4.484898379628639e-14
6.72709639824154e-14
4.479608030763897e-14
4.216009142861004e-14
9.888202307591466e-14
2.7048409779137628e-14
9.773044687715347e-15
3.323594670259861e-14
4.629442942628951e-14
1.0625949821435261e-13
2.692991581283342e-14
2.7289951697724457e-14
2.7895386819845002e-14
4.852153457576356e-14
1.5228376193179327e-13
6.146415770862412e-14
9.354669494494763e-14
3.040487295008825e-15
4.069634082863021e-14
5.01017588563409e-15
9.188000870883375e-14
8.4705481113391e-14
4.365543796642539e-14
4.129026482842633e-14
1.5864646909876754e-13
4.6420659843804544e-14
2.6736573461799082e-14
