1.1104395782674361
0.47119155264159585
0.9472235713924624
1.402999046645906
1.092898009379393
0.9656790985922252
0.6799660068789456
0.9151652265109523
1.0149238288019682
1.1754035296182692
5.074708561355019e-14
0.7192237407284734
1.3870452361217287
0.8053414305616292
0.6494075864277374
0.7928911072876664
1.5597523701878753
1.2029629768626429
0.8088375493783033
0.4628198962726329
0.983466115463077
1.3320084605046616
0.822555982908677
0.12364818364100257
0.6663987211871916
1.4282039103900135
1.1849580421076917
2.0533506322669807e-13
1.0482079689868906
1.1930590185122414
0.9662110741791501
1.1897443619078186e-13
8.318204693737113e-14
0.5904068101641926
1.0667041542987301
1.1411663747554104
0.8513694153520704
0.16609083564513968
0.872805424883171
0.3743327835778704
1.0638640116316158
0.3233850063583267
1.2239883041811146
1.0486155977023492
0.49012432857141885
0.7832064851065816
1.0130920464060975
0.9984022082181738
1.245242991694711
0.7950239245333641
