2.964735574740777e-14
9.165596008440769e-15
2.140215323402585e-13
6.219946363165032e-14
7.037686772580318e-14
2.6348632186324944e-14
4.2765257028272175e-14
2.3701091468377932e-14
2.9403020784242414e-14
3.054427665046625e-14
4.819374292511372e-15
1.3944374778680348e-13
2.7456383331739448e-14
2.605032914066181e-14
5.89059597408098e-14
2.430359095089873e-15
6.021590710273852e-15
4.0156892980007185e-14
5.59209804716738e-15
2.4459595557127036e-14
6.552609281459751e-13
1.6080080782667276e-13
1.3617270101937644e-13
7.256684605084554e-14
1.5430135623841668e-13
7.132038308369492e-14
4.664966278292395e-14
1.4541959136320128e-13
1.1619098191816665e-14
1.0019595887993746e-13
3.0356376214385546e-14
9.873423747064695e-14
6.572192121504289e-14
1.4142921381420275e-13
6.055784155448156e-14
5.227639956084084e-14
9.35244991095161e-15
4.5894198102392696e-14
8.767359440478976e-15
1.837127097994651e-13
7.998964600030475e-14
3.8694014009423745e-14
2.2658539924224905e-14
1.8522936477740268e-14
3.4609380536993776e-14
4.5109698485207565e-15
2.820302087555801e-14
5.6545849148020465e-14
2.426328148518678e-14
3.165327449183426e-14
