60.59723400000075
60.0913520000031
60.08753499999875
60.31543600000441
60.65960500000074
60.5594259999998
60.404672999997274
61.047834999997576
60.52168199999869
60.3479359999983
60.341960999998264
60.43344700000307
61.31460099999822
60.53735600000073
60.37752800000453
60.485047999995004
60.07933100000082
60.10682999999699
60.09541100000206
60.08356400000048
60.09389199999714
60.088454000004276
60.50158499999816
61.2228230000037
61.23649099999602
60.0793479999993
61.31375699999626
60.55739899999753
60.46940100000211
60.804792000002635
60.52572800000053
60.65741600000183
60.113860999997996
60.107905999997456
60.11971600000106
60.0930939999962
60.08878900000127
60.41714800000045
60.08085399999982
60.34241699999984
60.1017439999996
60.62391000000207
61.470272999999
61.1773469999971
60.10588299999654
60.086185000000114
60.33363099999406
60.09323800000129
60.67148299999826
60.0900660000043
