60.75057299999753
60.303658999997424
60.30170499999804
60.41900600000008
61.098227999998926
60.09786299999905
61.01122300000134
60.45679899999959
60.34223699999711
60.42173200000252
60.31756099999984
60.291133000002446
60.10026000000289
60.0837640000027
60.345508000002155
60.51907500000016
60.32469800000035
60.58640800000285
60.113594999998895
60.48860599999898
60.08453200000076
60.1104090000008
60.07871800000066
60.07760699999926
60.271788999998535
60.128999000000476
60.0863500000014
60.99052800000209
60.11057299999811
60.07106600000043
60.46782300000268
60.481722999997146
60.083284000000276
61.13568300000043
61.1547610000016
60.28421399999934
60.105883000000176
61.02778100000069
60.578772000000754
60.50193700000091
60.54547900000034
60.48572000000058
60.076317999999446
60.071045000000595
60.36961599999995
60.06992100000207
60.11274299999786
60.120240000000194
60.07151200000226
60.446947000000364
