60.487230000000636
60.87486899999931
60.29757400000017
60.377144000000044
60.07194400000117
60.20286400000077
60.3443929999994
60.27617400000054
60.452094000000216
60.39413799999966
60.41909400000168
60.19324899999992
60.2610480000003
60.231408000001466
60.333920000000944
60.17972000000009
60.89952400000038
60.20895500000006
60.065324999999575
60.21972399999868
60.059596000000965
60.206239000001005
60.31555600000138
60.349991000000955
60.27018300000054
60.52630399999907
60.283675000000585
60.98273899999913
60.08058600000004
60.75589500000024
60.53642899999977
60.467538999999306
60.25858299999891
60.06559300000117
60.06107299999894
60.068600999999035
60.208097999999154
60.319423000000825
60.058891000000585
60.30018100000052
60.08874399999877
60.33099999999831
60.05796499999997
60.3753940000006
60.305044999999154
60.05508699999882
60.411489000000074
60.07279400000152
60.287404000000606
60.071342000001096
