60.44158400000015
60.44333600000027
60.084945999999036
60.52021500000046
60.11441399999967
60.47850699999981
60.080214999998134
60.11024499999985
60.09101399999781
60.08929199999693
60.55700900000011
60.123749000002135
60.1147349999992
60.46349700000064
60.514383000001544
60.08965100000205
60.43054999999731
60.25838999999905
60.08403199999884
60.29567500000121
60.33843700000216
60.079406000000745
60.45105100000001
60.657272000000376
60.37136299999838
60.26760099999956
60.435246000000916
60.85530199999994
60.11985400000049
60.26096899999902
61.317510000000766
60.43280400000003
60.10036300000138
61.18265600000086
60.08374600000025
60.64850899999874
60.39590099999987
60.36875499999951
60.39881400000013
60.47783100000015
60.50152000000162
60.086058000000776
60.11655099999916
60.57130099999995
60.100946000002295
60.898708000000624
60.12455499999851
60.080683000000136
60.43343399999867
60.42739000000074
