60.1455449999994
60.39500799999951
61.25289899999916
60.07816699999967
60.07292400000006
60.09513800000059
60.10700300000099
60.07907999999952
60.06714600000123
60.102631000001566
60.098213000001124
60.622691000000486
60.35462700000062
60.083073000001605
60.110218999998324
60.443616000000475
60.441053000002285
60.3305849999997
60.1278999999995
60.506523000000016
60.289316000002145
60.5408099999986
60.46011699999872
60.53690500000084
60.07009399999879
60.417068999999174
60.62129800000184
60.67663399999947
60.49956899999961
60.104622000002564
60.1242940000011
61.23173699999825
60.12101400000029
60.0722969999988
60.922199000000546
60.71637899999769
60.68278999999893
60.35942799999975
60.43209900000147
60.09707299999718
60.08901799999876
61.262314999999944
60.11802000000171
60.581561000002694
60.65899200000058
61.077400999998645
60.479638000000705
60.695669000000635
60.08636299999853
60.59405600000173
