60.08041399999638
60.07994600000529
60.44101299999602
60.53605000000243
60.57940100000269
60.71399599999859
60.08084399999643
60.43878099999711
60.08733999999822
61.25369099999807
60.591056000004755
60.08951800000068
60.77559199999814
60.092181999993045
60.5268120000037
60.514516000002914
60.09130300000106
60.319548999999824
60.08267600000545
60.07501300000149
60.60972100000072
60.08854599999904
60.39765299999999
61.37971400000242
60.310491999996884
60.683474999998
61.27524899999844
60.395973999999114
60.65934500000003
60.47634900000412
61.21498000000429
61.1806660000002
60.45787100000598
60.37470300000132
61.00130000000354
60.091301000000385
60.50723599999765
60.085949000000255
60.09877499999857
60.09113999999681
61.43845700000384
60.27298300000257
60.09101300000475
60.50168200000189
60.33919199999946
60.08695200000511
60.32542000000103
60.09640899999795
60.36361599999509
60.08998099999735
