60.09429999999702
60.095854999999574
60.08858400000463
60.18232499999431
60.31177700000262
60.08781599999929
60.093041000000085
60.36652100000356
61.44135500000266
60.09596999999485
60.55048499999975
60.09333599999809
60.09714299999905
60.550336999993306
60.57080000000133
60.39598200000182
60.09186100000079
60.55831600000238
60.354758999994374
60.091426999999385
60.09216100000049
60.46368999999686
61.32362099999591
60.48683300000266
60.09995300000446
60.09265800000139
60.07765699999436
60.09351500000048
60.41369099999429
60.42931900000258
60.09466799999791
61.18726600000082
61.36536199999682
61.33379099999729
60.096683000003395
60.0904589999991
60.389397999999346
60.075002999998105
60.557450000000244
60.09928100000252
60.35461799999757
60.088048999998136
60.08835299999919
60.090305999998236
61.32012599999871
60.43109299999924
61.317956999999296
60.61605299999792
60.08269700000528
60.09749400000146
