60.46078200000193
61.265848000002734
60.46088299999974
60.44630600000528
60.70175799999561
60.11826600000495
60.31818000000203
60.09085899999627
60.23101999999926
60.542717000003904
61.29128800000035
60.12150799999654
60.65298199999961
60.54978200000187
61.35987400000158
60.46759200000088
60.30955499999982
60.364346000002115
60.453599000000395
60.099678999999014
60.10080800000287
60.408736000004865
60.0867120000039
61.31985600000189
60.092720000000554
60.50391500000114
60.40502600000036
60.08274800000072
60.376705999995465
60.70822000000044
60.59231600000203
61.468832999998995
60.69403299999976
60.08768399999826
60.091768000005686
60.08770999999979
60.08698600000207
61.248334000003524
60.360931999995955
60.58183200000349
60.079946999998356
60.09098500000255
60.07323600000382
60.54653800000233
60.099858000001404
60.08648399999947
60.29247800000303
60.25376200000028
60.4665079999977
60.097742999998445
