60.61086599999908
60.06862999999976
60.48956799999905
60.08720499999981
61.32847500000025
60.46963700000015
61.116493000001356
60.57710599999882
60.26380599999902
61.10840599999938
61.25742600000012
60.396819000001415
60.614306999999826
60.10337700000309
60.48822999999902
60.36020599999756
61.1915740000004
60.645816000000195
60.536277999999584
60.73952099999951
61.22589700000026
60.37358400000085
60.104418999999325
61.014274999997724
60.078551999999036
60.74374800000078
60.09728199999881
60.11396800000148
60.113117000000784
61.3875220000009
60.1010669999996
60.675264000001334
60.10348800000065
60.20256999999765
60.365467999999964
60.38253099999929
60.43455399999948
60.105892999999924
61.183318999999756
61.10501799999838
60.11855199999991
61.074115000003076
60.105163000000175
60.410139999999956
60.0979640000005
60.66180399999939
60.077602000003026
60.11635800000295
60.10828500000207
60.11553600000116
