60.50718799999959
61.240130000001955
60.41529499999888
60.12706700000126
60.43084599999929
60.08190800000011
61.06037500000093
61.273459
60.09863499999847
61.30914499999926
61.182356999997864
60.54110799999762
60.45914099999936
60.39974500000244
60.34889599999951
60.29068200000256
60.10882000000129
60.29917099999875
60.50980900000286
60.45259800000349
60.13188999999693
60.47838799999954
60.21451900000102
61.240552999999636
60.082806000002165
60.087391000000935
60.44652500000302
60.41610099999889
60.30850900000223
60.076718999996956
60.33764300000257
60.63074899999992
60.11026799999672
61.26261000000159
60.10359299999982
60.38824000000022
60.095078999998805
60.10954599999968
60.48441299999831
60.37709399999949
60.09790499999872
60.077385999997205
60.287529000001086
60.96574899999905
60.08158600000024
60.47294899999906
60.369282999999996
60.469389999998384
60.09657500000321
60.37521800000104
