60.127700999997614
60.117174999999406
60.08883799999967
60.47026200000255
61.233437999999296
60.08454100000017
60.09432499999821
61.36981899999955
60.10471200000029
60.10806500000035
60.43440399999963
60.08171500000026
60.8078310000019
60.30260199999975
60.35256600000139
60.47561599999972
60.33861800000159
60.14460599999802
60.0822610000032
60.091222999999445
60.09619200000088
60.34469199999876
60.56467500000144
61.22889199999918
60.43727199999921
60.41696199999933
60.34187199999724
60.989659999999276
60.45755700000154
60.46775300000445
60.12391199999547
60.27210899999773
60.06720399999904
60.43696099999943
60.25354800000059
60.29881399999431
61.35145100000227
60.30656699999963
60.63036500000453
60.35895300000266
60.47364600000583
60.08203300000605
60.432042000000365
60.65826400000515
60.09463299999334
60.43415499999537
60.441874000003736
60.37872700000298
60.337273999997706
60.6215349999984
