61.385105000001204
60.43079099999886
61.19159700000455
60.076114000003145
60.36589500000264
60.62818900000275
60.08387599999696
60.649076000001514
60.086427000002004
60.093488999998954
60.10341399999743
61.30236100000184
60.397273000002315
60.44679699999688
60.62884099999792
60.459468000000925
60.385245999998006
60.08025400000042
60.08915600000182
60.08564099999785
60.0924490000034
61.34970299999986
60.10378700000001
60.55984299999545
61.297505000002275
60.466089000001375
60.5077700000038
60.09047499999724
60.08697499999835
60.09128200000123
60.100320999998075
60.44651299999532
60.09040399999503
60.37756300000183
60.62760300000082
60.59630499999912
60.1005060000025
60.07476100000349
60.082368000003044
60.5772649999999
60.393723000001046
60.07147399999667
60.10283299999719
60.09576699999889
60.09551200000715
60.09868699999788
60.45953600000212
60.08940699999948
60.44038100000034
60.54800400000386
