60.32955899999979
60.24428099999932
60.28788900000018
60.05514499999936
60.0763909999996
60.05515999999989
60.05699999999979
60.6399449999999
60.05349899999965
60.20186399999966
60.31354199999987
60.26753000000008
60.58822700000019
60.06353299999955
60.394030000000384
60.5361640000001
60.35311900000033
60.07299400000011
60.06825300000037
60.31872899999962
60.68863499999952
60.047420000000784
60.0522030000011
60.06004500000017
60.05979599999955
60.54905300000064
60.33005899999989
60.07204600000114
60.24286199999915
60.18696600000112
60.34142200000133
60.08062400000017
60.08029600000009
60.07032900000013
60.05619800000022
60.0605859999996
60.4014559999996
60.28315299999849
60.052999999999884
60.05995900000016
60.05304999999862
60.0555860000004
60.290853000000425
60.25580400000035
60.207266999999774
60.054487999999765
60.26240599999983
60.07674000000043
60.05992900000092
60.06713800000034
