0.2768210000003819
0.2877560000001722
0.25009899999986374
0.33592799999996714
0.21764200000006895
0.24849799999992683
0.2855669999999009
0.352643000000171
0.1883109999998851
0.25681699999995544
0.25151599999981045
0.4700559999996585
0.22296899999992092
0.2222420000002785
0.2802470000001449
0.41279500000018743
0.3192290000001776
0.21900300000015704
0.34789199999977427
0.2230350000004364
0.32542000000012195
0.28768700000000536
0.37055099999997765
0.3321359999999913
0.30704800000012256
0.29042900000013105
0.6018149999999878
0.4301719999998568
0.4231890000000931
0.3270910000001095
0.4102079999997841
0.6986980000001495
0.43136799999956565
0.4487939999999071
0.35833999999977095
0.41407600000002276
0.3535029999998187
0.3791120000000774
0.35738999999966836
0.2824310000000878
0.34724999999980355
0.4839200000001256
0.3431630000000041
0.463474999999562
0.3771950000000288
0.4034929999997985
0.43768500000032873
0.2606100000002698
0.35189200000013443
0.3573110000002089
