61.07375800000045
60.40791800000079
60.36433600000055
60.284277999999176
60.30208800000037
60.49182699999983
60.346544999998514
60.8981760000006
60.110220999999
61.05521399999998
60.06758799999989
60.077682999999524
60.07275800000025
60.322862999999415
60.270730000000185
60.63416599999982
61.09328500000083
60.50352000000021
60.696326999999656
60.09705600000052
60.418908999999985
60.35408499999903
60.392821999999796
60.460987999998906
60.24505399999907
60.30518200000006
61.12971599999946
60.083739000001515
60.15853999999854
60.09333699999843
61.134790000000066
61.006632000000536
60.34861599999931
61.09306300000026
60.240562000000864
61.125324000000546
60.09082599999965
60.09821099999863
60.44872699999905
60.12585599999875
60.098996999999144
61.00285499999882
60.64026999999987
60.47651399999995
60.644307999999
61.167725000001155
60.36697099999947
60.084257000000434
60.36965400000008
60.11636999999973
