27.999655000000075
24.16608099999985
60.04663299999993
6.859300000000076
8.379217999999582
5.766771999999946
31.889689999999973
54.525392999999895
8.235173999999915
41.785041999999976
37.91551699999991
48.79008299999987
19.490570999999818
5.930359999999837
45.128365999999914
42.924594999999954
51.41285300000027
56.24606799999992
3.435878999999659
4.449153999999908
43.02703500000007
42.65894799999978
6.0840079999998125
7.501287999999931
8.033942000000025
45.225124999999935
24.181469000000106
14.965808999999808
55.163708999999926
5.963295000000016
11.996731000000182
27.517699999999877
58.031731000000036
24.934319999999843
18.723402999999962
6.111834000000272
27.194081000000097
39.41567199999963
4.542929000000186
49.89859299999989
57.53290700000025
3.5593269999999393
33.40445200000022
51.56679099999974
21.934363999999732
53.80955700000004
60.03063699999984
14.051370000000134
60.032510999999886
50.8833010000003
21.16105499999999
24.54387
60.04673899999999
6.133258000000012
1.5460890000000234
3.1562450000000126
19.708023999999995
56.93970600000003
8.507143999999982
25.647354000000007
28.000574999999998
24.72399700000001
58.914569
6.969907000000006
8.489395000000002
5.9483869999999825
0.5327829999999949
