60.13074899999992
60.05950699999994
60.06039899999996
60.06042800000023
60.04501600000003
60.149061000000074
60.2955120000006
60.05506299999979
60.07233199999973
60.155611999999564
60.107106000000385
60.05012600000009
60.19613299999946
60.04450799999995
60.04792600000019
60.0356240000001
60.04058200000054
60.04932499999995
60.24189800000022
60.04746400000022
60.22807600000033
60.05003399999987
60.04376299999967
60.12386499999957
60.198255000000245
60.22650700000031
60.17321600000014
60.04785300000003
60.04635199999939
60.18504100000064
60.14996599999995
60.04953999999998
60.039716999999655
60.148017999999865
60.16751600000043
60.04338899999948
60.1200630000003
60.31912300000022
60.05166000000008
60.140488000000005
60.15056899999945
60.045257000000674
60.05006900000035
60.04850499999975
60.26286400000026
60.31222699999944
60.255709000000024
60.16545700000006
60.24066599999969
60.04236000000037
