        1.029691e+00
        2.620128e-01
        2.331988e-01
        2.406276e-01
        2.131067e-01
        2.137712e-01
        2.760588e-01
        4.540314e-01
        3.616277e-01
        2.989388e-01
        2.478098e-01
        2.536105e-01
        2.190099e-01
        2.239537e-01
        3.015948e-01
        3.616976e-01
        4.123094e-01
        4.388618e-01
        4.057640e-01
        4.616016e-01
        3.036953e-01
        2.956768e-01
        2.687607e-01
        2.781855e-01
        2.677838e-01
        2.948241e-01
        3.005925e-01
        2.996596e-01
        2.831666e-01
        2.919413e-01
        2.668688e-01
        2.628734e-01
        3.065227e-01
        2.919713e-01
        3.042390e-01
        2.879698e-01
        3.019197e-01
        2.695898e-01
        3.088603e-01
        2.784116e-01
        3.048956e-01
        3.628588e-01
        2.971207e-01
        2.644746e-01
        2.422710e-01
        2.546793e-01
        2.727687e-01
        2.810813e-01
        3.490156e-01
        3.587437e-01
