        9.752304e-01
        9.221623e-01
        8.338693e-01
        8.778902e-01
        7.121372e-01
        8.827686e-01
        7.472960e-01
        7.860236e-01
        8.345712e-01
        8.165263e-01
        9.578180e-01
        9.351443e-01
        8.667312e-01
        8.927611e-01
        8.713913e-01
        8.028416e-01
        8.703558e-01
        9.336672e-01
        9.488631e-01
        7.117404e-01
        8.604844e-01
        7.660963e-01
        8.072253e-01
        7.351650e-01
        8.293114e-01
        7.242956e-01
        8.291226e-01
        8.250054e-01
        9.425154e-01
        8.196234e-01
        7.441495e-01
        8.102845e-01
        7.407751e-01
        7.993052e-01
        7.363054e-01
        8.540501e-01
        8.026423e-01
        7.905292e-01
        8.352606e-01
        8.640596e-01
        7.389029e-01
        7.939352e-01
        7.235306e-01
        8.256662e-01
        7.187270e-01
        8.395326e-01
        8.124820e-01
        7.052401e-01
        7.942745e-01
        7.068615e-01
