        7.506670e-01
        8.241569e-01
        7.224274e-01
        8.403156e-01
        7.618125e-01
        8.398760e-01
        8.426846e-01
        8.247745e-01
        8.986053e-01
        8.263916e-01
        8.775580e-01
        7.163150e-01
        1.150785e+00
        1.194302e+00
        8.849528e-01
        8.133082e-01
        8.608296e-01
        8.101881e-01
        7.168477e-01
        8.612083e-01
        7.567478e-01
        8.538381e-01
        1.162177e+00
        9.071480e-01
        7.600525e-01
        7.944103e-01
        7.638114e-01
        8.359539e-01
        7.152188e-01
        8.005856e-01
        9.677380e-01
        8.458529e-01
        7.341443e-01
        8.045999e-01
        9.005965e-01
        7.697519e-01
        1.022593e+00
        8.111924e-01
        9.043060e-01
        8.046867e-01
        8.472791e-01
        7.463155e-01
        8.128347e-01
        8.039638e-01
        6.175969e-01
        7.031983e-01
        7.233671e-01
        8.122259e-01
        7.528848e-01
        7.373508e-01
