        6.900522e-01
        1.005886e+00
        5.930655e-01
        7.462112e-01
        5.874184e-01
        7.862534e-01
        8.547265e-01
        3.424091e-01
        3.820019e-01
        5.609215e-01
        5.216239e-01
        5.304024e-01
        5.199795e-01
        5.264827e-01
        8.096194e-01
        8.705186e-01
        7.079629e-01
        1.035069e+00
        1.051658e+00
        1.002358e+00
        8.011850e-01
        9.500545e-01
        1.193944e+00
        5.757637e-01
        2.862032e-01
        1.001357e+00
        1.271784e+00
        1.390914e+00
        7.524079e-01
        4.626209e-01
        8.915676e-01
        1.374847e+00
        4.684525e-01
        7.862622e-01
        5.218995e-01
        8.949718e-01
        1.043913e+00
        7.381356e-01
        4.526941e-01
        7.755105e-01
        9.844704e-01
        1.050220e+00
        9.400918e-01
        6.780666e-01
        9.189607e-01
        1.239495e+00
        1.700836e+00
        1.130226e+00
        1.324524e+00
        1.193325e+00
