        6.518145e-01
        6.924786e-01
        9.360684e-01
        9.669403e-01
        9.476577e-01
        5.436524e-01
        1.032976e+00
        4.983060e-01
        9.820152e-01
        8.945396e-01
        6.892285e-01
        1.257278e+00
        1.761419e+00
        1.213880e+00
        9.547535e-01
        1.248621e+00
        1.080241e+00
        8.643840e-01
        7.480130e-01
        7.491007e-01
        9.669325e-01
        8.881171e-01
        9.696093e-01
        7.324206e-01
        1.051213e+00
        1.191199e+00
        1.112403e+00
        7.759738e-01
        8.912492e-01
        1.166728e+00
        1.287043e+00
        1.082480e+00
        1.056946e+00
        9.966393e-01
        9.851510e-01
        7.774356e-01
        9.076656e-01
        4.892491e-01
        8.266993e-01
        1.060878e+00
        1.163692e+00
        1.017937e+00
        1.021277e+00
        6.324283e-01
        8.935109e-01
        9.495924e-01
        1.181829e+00
        4.366889e-01
        8.329182e-01
        9.745406e-01
