        6.314800e-01
        7.085027e-01
        6.587171e-01
        6.755785e-01
        7.278226e-01
        7.005840e-01
        7.025203e-01
        7.001980e-01
        7.071126e-01
        7.200721e-01
        7.170239e-01
        7.225918e-01
        7.076855e-01
        7.009640e-01
        8.049391e-01
        7.294327e-01
        7.799272e-01
        7.398835e-01
        7.509978e-01
        7.663844e-01
        7.541708e-01
        7.257244e-01
        7.474825e-01
        7.430490e-01
        7.149868e-01
        7.636555e-01
        8.058337e-01
        7.520687e-01
        7.109347e-01
        7.023890e-01
        7.335151e-01
        7.122094e-01
        7.024152e-01
        7.090390e-01
        6.957234e-01
        7.345632e-01
        7.253783e-01
        7.155714e-01
        7.359779e-01
        7.066559e-01
        7.199760e-01
        7.167362e-01
        7.336837e-01
        7.244709e-01
        7.146547e-01
        6.616667e-01
        6.726237e-01
        7.004580e-01
        6.954504e-01
        7.003081e-01
