        8.747423e-01
        7.616006e-01
        7.879713e-01
        8.394345e-01
        9.093475e-01
        8.175976e-01
        7.415151e-01
        8.144584e-01
        7.361244e-01
        8.298454e-01
        7.410747e-01
        9.179513e-01
        8.907474e-01
        8.256385e-01
        8.675922e-01
        9.165352e-01
        7.939262e-01
        8.708608e-01
        7.811474e-01
        8.576608e-01
        8.704942e-01
        8.387525e-01
        7.184899e-01
        8.626305e-01
        7.321365e-01
        8.075370e-01
        7.609928e-01
        8.419038e-01
        7.264811e-01
        8.078030e-01
        8.162602e-01
        7.968277e-01
        7.594235e-01
        8.013800e-01
        7.414567e-01
        8.200339e-01
        6.788842e-01
        8.675851e-01
        7.363695e-01
        8.156423e-01
        7.484029e-01
        1.100337e+00
        8.411086e-01
        8.856111e-01
        1.050564e+00
        1.068067e+00
        9.142049e-01
        7.668508e-01
        8.509837e-01
        8.796783e-01
