        6.886355e-01
        8.378828e-01
        7.444664e-01
        7.417425e-01
        6.113101e-01
        7.426105e-01
        8.474803e-01
        7.998449e-01
        8.811690e-01
        7.890086e-01
        9.047565e-01
        7.602472e-01
        9.773430e-01
        5.505933e-01
        8.223944e-01
        8.857176e-01
        1.706106e+00
        1.357445e+00
        1.654217e+00
        1.596281e+00
        1.139044e+00
        1.151197e+00
        1.235403e+00
        1.351092e+00
        1.352292e+00
        1.231284e+00
        9.604703e-01
        7.909998e-01
        8.175068e-01
        9.436459e-01
        8.126353e-01
        7.943213e-01
        9.711514e-01
        9.775687e-01
        9.408296e-01
        9.012325e-01
        9.091651e-01
        8.255496e-01
        7.337538e-01
        8.342386e-01
        7.382758e-01
        8.869393e-01
        7.393080e-01
        8.219321e-01
        7.986322e-01
        8.320686e-01
        7.609717e-01
        8.484523e-01
        7.894384e-01
        7.948542e-01
