        8.551229e-01
        7.961388e-01
        8.728494e-01
        8.036649e-01
        9.796172e-01
        9.874123e-01
        8.119570e-01
        6.840613e-01
        7.986250e-01
        6.878416e-01
        6.304047e-01
        9.134493e-01
        6.146412e-01
        7.795234e-01
        8.056111e-01
        7.042347e-01
        7.943450e-01
        6.737321e-01
        6.497418e-01
        7.386628e-01
        5.995883e-01
        7.244929e-01
        7.352123e-01
        7.142036e-01
        8.273098e-01
        7.749250e-01
        8.817259e-01
        9.822622e-01
        8.808265e-01
        8.870185e-01
        9.323445e-01
        7.617274e-01
        9.310686e-01
        9.578851e-01
        9.645965e-01
        1.016787e+00
        9.432418e-01
        9.755956e-01
        9.783830e-01
        9.109901e-01
        1.010977e+00
        9.570317e-01
        8.420378e-01
        9.408669e-01
        9.073998e-01
        9.685786e-01
        9.449657e-01
        1.078699e+00
        9.876752e-01
        9.871562e-01
