        7.081540e-01
        8.067146e-01
        8.027005e-01
        8.205724e-01
        8.798579e-01
        6.670201e-01
        6.858522e-01
        7.230094e-01
        6.126272e-01
        7.702310e-01
        8.633231e-01
        7.493060e-01
        8.162612e-01
        7.209972e-01
        7.753002e-01
        9.175511e-01
        9.094251e-01
        7.338582e-01
        7.786156e-01
        8.194910e-01
        8.050491e-01
        8.020245e-01
        7.810216e-01
        7.989859e-01
        9.149001e-01
        9.114336e-01
        8.491786e-01
        8.772965e-01
        7.601003e-01
        8.275945e-01
        7.366092e-01
        7.808048e-01
        8.660027e-01
        7.281227e-01
        8.054743e-01
        8.378696e-01
        7.666937e-01
        7.620146e-01
        6.969898e-01
        7.719937e-01
        7.847966e-01
        7.081577e-01
        9.223582e-01
        8.918910e-01
        9.567910e-01
        7.607231e-01
        8.012755e-01
        8.093310e-01
        1.095713e+00
        8.655761e-01
