        4.034301e-01
        1.047848e+00
        9.710160e-01
        9.576632e-01
        9.681613e-01
        5.808049e-01
        7.549137e-01
        9.320214e-01
        7.470924e-01
        7.412829e-01
        8.886797e-01
        7.227935e-01
        9.169793e-01
        9.020341e-01
        7.578242e-01
        8.029281e-01
        9.700071e-01
        9.356171e-01
        9.791943e-01
        8.081838e-01
        9.297063e-01
        1.014816e+00
        9.784560e-01
        1.015309e+00
        9.899385e-01
        6.543162e-01
        9.691051e-01
        9.916434e-01
        7.151702e-01
        5.413985e-01
        7.839269e-01
        4.702751e-01
        9.476100e-01
        8.290227e-01
        1.030904e+00
        7.052510e-01
        9.631289e-01
        9.264340e-01
        8.979711e-01
        9.728448e-01
        7.072791e-01
        9.715045e-01
        9.416598e-01
        1.111995e+00
        7.335143e-01
        8.819853e-01
        5.612632e-01
        7.521448e-01
        9.825829e-01
        9.839143e-01
