        8.024904e-01
        8.466993e-01
        7.713621e-01
        9.804980e-01
        6.719988e-01
        8.452823e-01
        8.016805e-01
        7.957599e-01
        7.398463e-01
        9.905293e-01
        1.121372e+00
        9.538264e-01
        7.917208e-01
        8.259212e-01
        7.749905e-01
        8.856448e-01
        7.471058e-01
        7.946291e-01
        7.468793e-01
        8.256672e-01
        7.542365e-01
        8.333303e-01
        1.014374e+00
        8.309152e-01
        9.079384e-01
        7.662284e-01
        8.661657e-01
        7.223847e-01
        8.616910e-01
        7.908058e-01
        8.756199e-01
        8.154662e-01
        8.366868e-01
        7.361065e-01
        8.480289e-01
        7.203873e-01
        8.476699e-01
        8.407815e-01
        7.854919e-01
        8.207038e-01
        8.777554e-01
        9.035703e-01
        7.747814e-01
        6.354366e-01
        9.027697e-01
        6.911328e-01
        8.355975e-01
        7.680708e-01
        9.423469e-01
        9.251361e-01
