        5.334470e-01
        5.251146e-01
        5.952357e-01
        5.810795e-01
        5.414412e-01
        5.301439e-01
        6.336018e-01
        7.425271e-01
        5.708267e-01
        5.999470e-01
        5.733056e-01
        7.599746e-01
        6.756806e-01
        7.321220e-01
        5.808169e-01
        5.409195e-01
        6.317171e-01
        5.764503e-01
        5.691525e-01
        7.100980e-01
        4.784780e-01
        4.550600e-01
        4.576222e-01
        6.496161e-01
        5.526663e-01
        5.960435e-01
        5.139647e-01
        5.700493e-01
        5.344011e-01
        4.958557e-01
        5.069276e-01
        6.250509e-01
        6.033078e-01
        6.566516e-01
        8.137877e-01
        6.883188e-01
        6.154342e-01
        5.651894e-01
        5.936702e-01
        5.900707e-01
        4.426023e-01
        4.974580e-01
        6.847262e-01
        6.021759e-01
        5.253741e-01
        5.292867e-01
        5.253156e-01
        6.542362e-01
        4.840811e-01
        6.135610e-01
