        7.858160e-01
        8.280775e-01
        7.161951e-01
        8.276530e-01
        7.291152e-01
        8.109497e-01
        7.189207e-01
        8.052603e-01
        7.115223e-01
        8.201287e-01
        7.176272e-01
        8.010599e-01
        7.231909e-01
        7.980269e-01
        8.179843e-01
        6.684886e-01
        6.815808e-01
        7.456502e-01
        9.019537e-01
        9.174573e-01
        7.292371e-01
        8.094776e-01
        7.246639e-01
        7.993060e-01
        7.933880e-01
        8.200194e-01
        7.102314e-01
        8.268781e-01
        7.638000e-01
        7.678064e-01
        7.596074e-01
        7.769982e-01
        7.748761e-01
        8.429537e-01
        7.291281e-01
        8.304099e-01
        7.669555e-01
        9.457151e-01
        7.158036e-01
        8.122082e-01
        7.637078e-01
        7.956951e-01
        7.116906e-01
        7.959996e-01
        7.230389e-01
        8.432612e-01
        7.834348e-01
        8.172257e-01
        7.093437e-01
        8.562083e-01
