        5.845847e-01
        8.717306e-01
        8.247265e-01
        8.660009e-01
        7.247453e-01
        8.406602e-01
        8.404776e-01
        7.763740e-01
        9.294400e-01
        7.126920e-01
        8.399143e-01
        1.013654e+00
        1.114058e+00
        6.178828e-01
        8.467319e-01
        7.841199e-01
        5.412002e-01
        1.181535e+00
        1.204277e+00
        8.489088e-01
        8.475084e-01
        7.972137e-01
        9.588689e-01
        8.010493e-01
        1.090030e+00
        8.529361e-01
        9.216038e-01
        9.517764e-01
        9.197281e-01
        9.483588e-01
        7.801154e-01
        8.579696e-01
        8.984849e-01
        1.045551e+00
        9.209456e-01
        9.252266e-01
        7.532945e-01
        9.415239e-01
        6.405854e-01
        9.662531e-01
        1.353564e+00
        9.806585e-01
        9.974083e-01
        6.407116e-01
        1.029458e+00
        8.726475e-01
        7.032134e-01
        9.810258e-01
        9.501488e-01
        8.657991e-01
