        1.176199e+00
        1.192179e+00
        1.237142e+00
        1.204661e+00
        1.167537e+00
        1.277563e+00
        1.471168e+00
        1.444418e+00
        1.312208e+00
        1.188624e+00
        1.044544e+00
        1.279685e+00
        1.297951e+00
        1.383962e+00
        1.188028e+00
        1.130809e+00
        1.229490e+00
        1.238264e+00
        1.112304e+00
        1.118043e+00
        1.236958e+00
        1.366612e+00
        1.223958e+00
        1.115159e+00
        1.037915e+00
        1.114976e+00
        1.278797e+00
        1.184464e+00
        1.184457e+00
        1.033355e+00
        1.147590e+00
        1.702089e+00
