        6.033554e-01
        6.328772e-01
        6.207055e-01
        6.273346e-01
        5.983851e-01
        6.128915e-01
        6.109205e-01
        5.981202e-01
        6.113787e-01
        6.128560e-01
        6.733677e-01
        6.391934e-01
        5.850013e-01
        5.991445e-01
        5.892702e-01
        5.852996e-01
        5.922187e-01
        5.937066e-01
        5.918728e-01
        6.233660e-01
        6.151704e-01
        5.980335e-01
        6.396968e-01
        6.065159e-01
        5.942741e-01
        5.925093e-01
        6.288259e-01
        6.137921e-01
        6.176957e-01
        6.439335e-01
        8.107254e-01
        6.088803e-01
        6.861070e-01
        5.947664e-01
        6.021777e-01
        5.902283e-01
        5.953438e-01
        5.964664e-01
        6.098900e-01
        6.315743e-01
        6.184646e-01
        6.773290e-01
        6.957916e-01
        6.826754e-01
        6.320153e-01
        7.029880e-01
        5.999335e-01
        6.507012e-01
        6.911790e-01
        8.328108e-01
