3.815360156676536e-14
4.7233098564571236e-14
5.390508110931084e-14
4.344400649306164e-14
2.6889100839060176e-13
9.114538951535888e-14
2.4780541203167463e-14
3.376196673418831e-14
5.265127545475395e-14
1.4111696959625583e-13
2.6263928107368393e-13
1.0299160882987926e-12
7.368887350835468e-14
1.807630441826544e-14
1.2868270365122345e-13
1.8172890117117354e-13
9.785594832207758e-14
2.1415697415666633e-13
2.3812012296245586e-13
1.4047974150534027e-14
1.0570525218367584e-14
1.3726016710135238e-13
1.4328351282111665e-13
3.4070356864943035e-13
1.313896323904668e-13
1.1694609419243557e-13
2.241844450266188e-14
1.5783410559612371e-13
9.446640591654891e-14
7.412416001612479e-13
4.7090818243366715e-14
3.1555359265588457e-13
2.1642053216636204e-13
7.721151382383745e-14
3.516902367717179e-14
1.6435202042949098e-13
2.170691062028581e-14
1.9568869304524815e-14
5.869608411097912e-06
9.76288720018198e-15
4.8720977748920506e-14
4.7476156374260366e-14
1.6804919526218693e-12
8.726323713881665e-14
2.1510257780422968e-13
2.136142675535394e-14
9.509022566525283e-14
3.511965361933073e-14
1.476583136661227e-15
8.762309524975027e-14
