9.058805279921167e-13
5.0121982904958507e-14
6.448506748561761e-14
0.6666262412302355
6.899198644786954e-14
0.733148626490921
0.6564311489078659
0.9487373444169255
9.57076977202338e-15
2.862871651530742e-14
5.136220926443538e-14
4.4393886799061193e-13
3.027927673553093e-14
6.361384940563229e-15
0.7797752038283985
3.816181111201828e-14
1.0430969730316946
1.456044006700504e-14
1.127810923560912
6.05817523428895e-13
5.014164299228318e-14
1.0635045791404138e-14
3.58033988871725e-14
1.243843664881127e-13
6.568919837661867e-14
0.8369617079000828
0.6247775190590863
5.962365354084129e-14
7.948698087139534e-14
2.063519350829711e-14
0.7888767364831748
1.3826681948238375e-13
2.1265252237606927e-13
4.5199819315215773e-14
0.8329487188624111
7.702162868292458e-13
0.29021797569117325
0.7111529695531797
1.141498998229302e-13
6.717869281426029e-14
0.966991781933534
0.7107229295647524
0.5216811375969177
3.1675617096851556e-14
1.7274271668144602e-12
0.5919684992300589
3.043390398397906e-14
1.3246951146891107e-13
1.3805763316571675
1.172451804957374e-13
