8.731347324742164e-14
3.336228139274613e-14
2.2438237281574594e-13
1.9355576053804113e-14
6.651755042741612e-13
6.278358969014954e-14
6.14242895039502e-14
2.528807417229519e-14
5.544522880225809e-14
1.9777185236021933e-14
1.1244941744233939e-13
6.782803548139486e-14
4.419234280993585e-14
1.9129332192143232e-14
3.7127915728081e-14
7.923876842514735e-14
1.601738223265236e-14
9.567713974896282e-13
6.102309054458736e-14
2.6316065043533684e-14
8.012155371255206e-14
4.2161873472189536e-14
6.431968105330001e-14
1.7845805943466323e-14
1.0347498944758772e-13
1.7090217767876302e-13
1.3406381359585374e-14
6.52034233050082e-15
5.506051596824511e-14
1.8931393790629326e-13
3.933123587148997e-15
3.907265355851191e-14
1.8675860508316452e-14
7.206800727985112e-14
5.708774097347519e-14
4.416573892979137e-14
8.882367516123938e-14
4.1261221309358386e-14
1.5666475232888968e-13
6.438352847942464e-15
1.6964775576662774e-14
1.2287083124840103e-13
5.98595140762467e-13
6.685723879260571e-14
5.928846159214036e-14
2.0541027894463177e-13
4.197616179131989e-14
1.1326080886615602e-14
1.4289884780158205e-13
9.990505277605508e-14
