8.988017622501534e-14
7.585557295618335e-14
8.018266907142633e-14
2.251839262052868e-14
3.9147470346928983e-13
1.9053719605902366e-12
4.319225042118342e-14
2.0736478080084118e-13
7.691516695533679e-14
5.017260686595854e-14
1.632706563251452e-14
7.008260553555895e-14
3.420026188743594e-14
4.1314615282873636e-14
2.169938754759339e-14
8.813863106826067e-15
1.3269027164143443
4.4692532807530594e-14
1.1170897903746352e-13
3.9334470859388277e-13
4.3429168333759396e-13
3.847777284324742e-15
6.639454850459398e-14
9.655223507952109e-14
5.826774570985016e-14
3.5699390517223536e-14
3.261050803471057e-14
2.5801787991576573e-14
1.3285021206324963e-13
5.996773152152395e-14
3.342622368873894e-14
2.91052320578745e-14
5.096216070084931e-14
4.005888523601479e-13
1.6830944901897302e-14
1.527951361744178e-14
7.769508832808038e-14
1.4327815395352626e-13
1.4469446113181872e-13
2.5001573557318954e-13
3.0545606860339923e-15
8.561806880649351e-14
7.388395937985827e-13
8.324149569728677e-14
5.409653574411731e-14
5.58934857149969e-14
5.026614364652533e-15
2.952979087957528e-14
1.9680693474671187e-14
1.44262518774348
