6.0915993027451925e-15
0.4353741761701519
2.5795698511577114e-14
3.073739969967997e-14
1.4644804700792724e-14
2.4355304611026454e-14
7.974085684481411e-14
1.577469766971939e-13
3.440726516816343e-14
4.456355533821265e-14
3.389270562426547e-13
5.745829263304198e-14
4.824634571309448e-15
2.5853165126694444e-15
4.2558390909121876e-14
3.59186001282461e-14
1.4312357152068586e-13
4.258158836550569e-14
7.82580550666823e-14
1.1831614522653402e-13
6.648596869463936e-14
5.1510154886158786e-14
1.1988650774693678e-06
1.5957817801702893e-14
7.148905779706842e-15
2.1554663525056983e-14
5.1938268918440397e-14
6.906048372096931e-14
2.9861555944749384e-14
2.609390027794357e-15
1.6561322705865115e-05
3.3712161502113433e-13
4.1950335948734583e-14
1.5811018995438188e-14
4.6625874520354025e-14
5.4657887939264355e-15
1.2942580528656548e-13
0.20267714526046124
9.324145598241177e-06
2.533264930004366e-14
3.4688921684516626e-14
7.366379590333263e-14
2.969959126105862e-14
5.3234391190695994e-14
8.72162958084802e-13
7.281175638931093e-14
1.5170996860604195e-14
4.0592226544624196e-14
2.4149131861359998e-14
2.6772688189372716e-14
