0.3641493848556297
5.859525069825923e-14
0.7442912677001885
0.12331050854875422
0.5231784740980892
1.974133360976218e-13
4.30658986776671e-13
1.2962889082018758e-13
0.8512590236159511
0.7114486447870891
1.5819916798023066e-14
5.288464643058139e-13
1.4921183285218569
0.2811428289101808
0.4384670288555548
0.6063890599991061
0.9755809512472406
0.6036763477026564
0.4839120471781921
0.7261895039696844
6.589910526372103e-14
2.546465169626546e-13
2.4007296296780524e-14
1.1050517146046497e-15
1.2163797454125526e-13
0.7561139114388112
1.400333107260944
0.26291805650582356
0.41285346791806316
8.96633210854127e-14
6.872499748031142e-13
2.950711878975066e-13
0.8703063717367453
0.34015551146524564
0.36370232606959996
0.8121626405905729
0.21026093668363935
0.21137661243261968
0.5147730625827747
6.767333772186404e-14
0.49004136672749266
4.896325372444849e-06
0.11948375822812554
0.5417137921691738
3.683450719201855e-13
8.132797467452482e-14
0.9019180696760676
0.8716314058800351
0.23222549582294533
0.08716421778270012
