4.71345379360367e-15
1.0887914250485082e-13
1.4089827070684253e-14
1.383053055156997e-13
4.577379797941396e-14
1.2064845750562031e-14
2.035500971107208e-14
1.9554069714677693e-14
1.2633487370056365e-14
4.603758352428631e-14
1.9147261128235373e-15
4.1417714248121856e-14
5.4972380986299946e-14
1.7521799995651658e-14
7.145844027354357e-14
2.191426763651054e-14
2.6949509530014726e-14
6.872485863911827e-14
5.101769166731242e-13
5.690127399173747e-14
3.970689281496447e-14
2.5043875377246597e-14
4.5604040944807815e-14
2.812606485220235e-14
4.411298648905618e-14
1.786650197977269e-14
1.8814764495641295e-14
3.3572579468713286e-14
1.5294811021471556e-14
1.910133551470712e-14
3.609783153534407e-14
1.819672199393671e-14
2.432622167584079e-14
1.54959529793414e-14
1.3637446326742828e-13
4.0880044202013227e-14
1.036910967177209e-13
4.206940974974153e-14
3.6245866219769394e-14
3.454144794934821e-14
5.277847790704523e-14
2.4306606498802283e-14
8.078309235121048e-14
4.38226718983152e-14
2.6388914771460936e-14
3.0538884491655925e-14
3.937399722868713e-14
9.003290106790444e-14
1.5280449522773196e-14
2.1763767076886347e-14
