0.505007300310326
1.3153098211805745
0.826265015617119
0.4318551005733181
0.8253341446183416
0.6968706013143356
0.22997850728640873
1.0963448565868428
1.2532481851024477e-13
0.4682245363909904
4.7180229747061296e-14
4.96068841338108e-14
1.980040678128268e-14
0.1927640038447003
1.1928724211655047e-13
6.31018522058141e-14
2.869876061872581e-14
5.758708422266902e-14
0.6521744359832898
1.0465201081675526
7.648003350166634e-14
8.824728795641728e-14
5.437121107943468e-14
1.4007897386999693
3.761605227970328e-14
3.6497205159794127e-14
6.432944435200367e-15
2.6989036842247607e-14
2.559900917826653e-14
1.3294525184215003
3.494256597780758e-14
0.3770447624467471
6.232495061041316e-14
0.5858917010690846
2.99153624451368e-14
2.21926229607618e-13
0.8346661221249249
1.0690865745968634e-13
1.4197687470684627e-13
0.7673934771760906
8.118075080221864e-13
0.7150673156691673
1.701349181608874e-13
0.7221712032797913
1.2440186703289882
4.9977104698836676e-14
0.4474428283141458
1.2094741561367302e-13
0.7071293636051702
1.1431385465627881
