1.4011457849041857e-14
1.3544798080354354e-13
9.286664885354862e-14
2.8376871789095888e-14
3.356137310100989e-14
1.0970593628596475e-13
1.6419321601734043e-14
5.162287580439626e-14
2.2224824576300547e-14
3.089679675782478e-14
2.832994630158585e-14
1.5840331326595325e-13
3.3474220757505116e-14
7.102647402737498e-14
1.060270437016227e-14
3.5316674236367485e-14
3.778786163062544e-14
1.8011566179144404e-14
2.7000805541196123e-14
2.1917670398262896e-14
4.350828099370255e-14
4.24452618262178e-14
7.893647362526419e-14
5.720230608480785e-14
1.1786994206126082e-14
8.687638956059771e-14
3.8147111457496294e-14
1.7541912724209485e-14
2.027462932932469e-14
1.0883469703724102e-14
2.427817672571163e-14
1.819010168484447e-14
9.726908763991772e-14
3.3902222737988064e-14
1.861146336689495e-14
1.7948451660873057e-14
1.3864539225844795e-14
6.804797732831827e-14
9.181121012714773e-14
1.5908283840078506e-13
2.158990378473127e-14
4.8538594565379313e-14
2.010682522430539e-14
5.1304733556950426e-15
7.60203276821243e-14
1.786368676175321e-15
2.4642870264334352e-14
3.1741245626039474e-14
1.0194527942350125e-13
5.420681202773417e-13
