7.039392487794254e-14
1.5311442764342104e-14
1.1694768392747416e-13
1.0085935019649935e-13
1.4746672027824976e-14
9.11483476386307e-14
1.1163078842186765e-13
3.0142549621368405e-14
2.4791980908001755e-14
3.7568672636745397e-14
4.038761654622442e-13
9.177930002443412e-14
1.0576018536220322e-05
2.7788554820510673e-14
7.222388371499516e-14
1.11350166469458e-14
1.7041840462322786e-13
6.571674506093877e-14
2.8312706810169764e-14
1.6831927467084532e-14
9.257895062486996e-14
3.2182147045173034e-14
1.0033441079467052e-13
1.600150560998304e-13
4.0940047717282574e-14
5.064873064995176e-14
2.273425510258447e-14
1.448939646237905e-14
2.9027072665072545e-13
1.0339908769651353e-13
1.4139448861025887e-14
5.860032808829987e-14
8.633649017595813e-14
7.227725092791637e-15
2.0988574065026684e-13
2.2933493007454255e-14
7.501154491590021e-14
1.4299325496826599e-13
2.7730695311522294e-13
1.6804912509528895e-14
5.751498782637422e-14
5.015504630265232e-14
4.558983544240141e-14
6.237556558675308e-14
1.5774100328232645e-13
5.114482733082529e-14
7.384760165882986e-14
5.0164087186268185e-14
7.86192188018071e-14
1.3650513621441925e-14
