2.0327258679673593e-14
3.048700418058545e-14
8.36787403583815e-14
3.5322397800756226e-15
3.562629835660939e-14
2.0113253904855726e-14
3.031418319431768e-14
1.5377078555430724e-14
4.9538672847847754e-14
8.074349448836415e-14
3.029802989675922e-14
2.338713392906369e-13
8.810874735425091e-14
4.829110539996675e-14
5.3269831863939216e-14
4.7178585064030763e-14
1.0413279701170833e-13
7.165046027869239e-14
3.175075907181373e-14
5.458452746585484e-14
1.8034729364499424e-13
6.942462757759746e-14
6.838493007362953e-14
6.917783510909811e-14
1.4035996211902726e-13
2.969005962904157e-14
3.8695979620148467e-14
1.5863892934362564e-13
2.84906901992955e-14
3.314762068415669e-14
4.2811821617907606e-14
1.6725216356531046e-14
3.239550118906017e-14
7.840072673811716e-14
5.775951892265325e-14
1.4033636279040424e-13
1.990541890842285e-14
1.2145272213248491e-13
3.1470692173768147e-13
3.156436298630537e-15
5.318521125873181e-14
3.459470139901967e-14
5.837198809117098e-14
1.837651531115462e-14
7.614438093005119e-14
2.8208663930127205e-14
3.905574438808509e-14
1.2875798555645224e-13
1.123488124233836e-13
6.600047814041771e-14
