1.0716363321210281e-13
3.8023866984289554e-14
6.558267425661829e-13
7.285033159336122e-14
0.9517382027275447
2.3603902009577026e-13
0.8728751459426668
2.3203490455068103e-14
1.1224934262574795
1.055489329084964
2.6277016904889818e-14
7.315598909661398e-15
1.2057177267165837
8.971376351023653e-14
3.534240069860677e-14
3.061197194322604e-14
5.6638851865064507e-14
5.5299869898526215e-14
3.2031946738395e-14
2.2798905582587182e-14
0.8126095577251208
1.3827577397940602
1.6989244769425208e-14
2.4710790952834996e-13
0.3023210351318889
2.6124602491396915e-14
1.0003767944552061e-13
3.7977369544783965e-14
1.549001556676312e-14
3.779334104815196e-14
1.8334048648349735e-14
3.227160912930397e-14
4.2363735823684796e-14
0.7628731948126765
9.13563482819366e-14
0.8533914977679755
4.5424694656752606e-13
3.000175227573035e-14
9.921481413061343e-05
1.265071861659761e-13
1.1648374963642713e-13
2.986241275431642e-13
1.443947263027164e-14
2.919703631945076e-14
2.020678105132593e-13
4.1400497696494385e-14
0.7158187672536507
0.23431672550512167
5.689118797279794e-14
1.0146327749927887e-13
