8.364817549160326e-14
1.799862541871911e-14
1.4997860242361836e-14
4.081299860898468e-14
2.8268760489051827e-14
4.538080758983979e-14
9.227119611845687e-14
2.0763596513588758e-14
2.910429995827647e-14
2.2710760184030236e-13
5.429982055635877e-14
3.206418048104176e-14
1.7311091454169387e-14
2.991539790899574e-13
9.866244929625967e-14
9.503576267620915e-14
2.0981048184943745e-13
1.617035938305115e-05
1.7318670526340588e-14
9.065006469105843e-14
8.403725942141968e-14
4.841589649003705e-14
1.7435121982658146e-14
1.3720771110862987e-14
5.309498929490102e-14
1.2891271876784974e-14
9.740579252526316e-14
5.207083877718506e-14
2.1020402750001007e-14
7.288058938185123e-14
6.343877334574971e-14
9.241125366243365e-15
3.895667891446358e-13
1.799290943320945e-13
7.673891014988224e-14
2.562509742302663e-14
1.3961262880882034e-14
6.102247251859333e-14
1.4138870612529334e-13
2.2376584434865255e-14
5.578081797130718e-14
1.333193688715731e-14
1.0868517286580403e-13
5.3426959661108054e-14
4.7294941995091657e-14
1.1663201029134734e-14
7.016702719069242e-14
2.1127391953047456e-14
3.677501112985542e-15
2.5372940520067335e-14
