1.749650938052231e-14
5.638411753008483e-14
1.428083927851867e-14
7.810418580640854e-15
2.2530397156222928e-13
1.5623111656980653e-14
3.144710116197199e-14
2.5482278998739093e-14
1.3345437816435008e-13
1.825063957950237e-14
1.2279217494877725e-13
2.2114040174464534e-13
1.0294055216317644e-13
5.024510983491518e-14
2.1718060183754833e-14
1.3083349900292655e-13
4.442667632386013e-14
5.852677084822592e-14
2.8828909962291366e-14
9.675397451584765e-14
8.352823125860924e-14
5.038664899923052e-14
9.80197199587041e-14
1.0001017186818465e-13
3.369230930091622e-14
2.5053248600848023e-13
6.448561702554862e-14
1.5387398620824078e-13
5.580290934814384e-15
1.9115680822277186e-13
2.0780867603462684e-13
7.742059548984116e-14
2.4136686957686557e-14
6.684492197068164e-14
1.605465205819021e-13
5.4035383679398466e-14
7.713658196898969e-14
1.6022063715793935e-13
7.520275752424173e-15
1.7262713265078768e-13
1.4100622573251984e-14
5.838947309435848e-14
1.0334749604338486e-13
1.5976204613174448e-14
2.2723238158982047e-13
8.493075655910642e-14
7.612508011781036e-14
1.2229951985780943e-14
4.124974064556233e-13
1.028420069155242e-13
