1.537078056097102e-13
9.108973205168445e-15
1.2164862409682634e-13
6.825369284353061e-14
1.0161109515771273e-14
5.958608688802259e-14
1.0382580186823443e-14
6.222317334883508e-14
4.922082351350799e-14
9.790353744034408e-14
3.4255995403974514e-14
4.357343518322476e-14
1.8664214818894274e-14
2.242933438021681e-14
4.7281050297893027e-14
1.3646231169865004e-14
2.902472909617811e-13
5.961032719543669e-14
2.4626493749732283e-14
2.9905048344051237e-14
7.451834014193284e-14
1.8073485257515656e-14
4.992669605555294e-14
5.876511494363013e-14
5.421672820066178e-14
2.1960167158703495e-14
2.544169834011656e-14
2.2736950002785404e-13
1.3963072693971621e-14
8.72344498483309e-14
3.8072919592947293e-14
1.1010264626363987e-13
1.6155416504267973e-13
1.1251167562705909e-14
2.3410540659155722e-14
1.2935008408662938e-13
5.5636543087514475e-14
1.5035812469210593e-13
6.942117178927313e-14
3.458398751842075e-14
1.7147842981641984e-14
2.6359241584493552e-14
2.0186869979333358e-14
3.197657729967138e-13
2.187400672141418e-14
5.249491503115953e-14
7.654034780419235e-14
1.0953205919767162e-14
1.6077477299167644e-14
2.15494477435009e-13
