3.9238172795329684e-14
8.617410711465336e-14
3.505141438150481e-14
7.873413432870761e-14
1.8810074082375462e-14
9.569890137783692e-14
5.571878985051738e-14
4.6366551986438394e-14
5.012382566981043e-14
1.1026020407989931e-13
1.0573357914622351e-13
5.6811151662126754e-14
3.47843347886477e-15
3.668976164102418e-14
8.080305518543068e-14
6.268570479945175e-14
7.986937547422879e-14
6.986674937339358e-14
8.78132988395472e-14
5.414052857551036e-13
3.7345329076810485e-14
1.1566847805506455e-14
3.984056656610537e-13
6.390774153480659e-15
3.723852755016795e-14
1.120061216929081e-13
1.3180867383568242e-14
1.722983195671781e-13
2.3692452247397425e-14
9.304727862180073e-13
9.953167422229027e-14
6.85203458635247e-14
6.210846211126036e-14
2.6677391708361202e-14
1.030426020596401e-12
4.7496940978984e-15
6.847739962133665e-14
8.735135621755775e-14
3.348790947749884e-13
1.478952111746831e-13
1.4979706411338082e-14
9.7637502541019e-15
7.441719366585899e-14
9.632724588839485e-14
4.920209936301608e-14
1.0338364002740608e-14
1.6059310450258026e-14
1.7937479931307018e-14
3.0782279463594703e-16
8.774601749096128e-14
