8.202213082596234e-14
2.5702032814695554e-14
2.545211377884642e-14
2.6329615374564022e-14
1.0668086581543727e-14
3.924449782328254e-14
5.935625345618021e-14
3.2769944737817597e-14
2.950276452760295e-14
1.409079083940983e-14
3.149979411276408e-14
3.016465578734441e-14
6.064998501148485e-14
4.598269880955781e-14
5.703289035055614e-14
3.78542398916371e-14
4.637522648635934e-14
1.408798121060065e-13
2.2434537900621035e-14
7.745338866204444e-14
4.615737430139031e-13
2.1180081468620822e-14
5.196220639798179e-14
2.3097581795703116e-14
2.0252840425483093e-14
7.261241103851058e-14
9.531931419074869e-15
1.081252445680076e-13
2.093877098730423e-14
5.882748235386763e-14
4.429984154429885e-15
8.216641950271485e-14
2.530771301021057e-14
1.4873947200260067e-13
4.981713321101355e-14
9.19536178511551e-14
1.9207992511712293e-14
1.697207791511964e-14
1.738754513402208e-14
2.90769720670587e-14
1.4223018848093596e-13
1.5977989278880405e-14
5.378247255474471e-14
1.2874329674182684e-16
3.6699686131599736e-14
4.691091439915574e-14
5.143654778771732e-14
5.1451038725647564e-15
3.732066219370207e-14
8.30847736956609e-15
