0.44709579999378346
0.23822959998881388
0.4323586000065267
0.2340042199990761
0.20934184999996647
0.18410563000051317
0.21610074000393484
0.25770660999814016
0.3136139000090096
0.27803619999746865
0.22838932001033024
0.28971197999911896
0.23754521998870026
0.2041076700084527
0.20293540000999868
0.2587043999948815
0.220354949997993
0.21091849999739232
0.23442996999963772
0.23090055999679066
0.23896638999689312
0.21833510000410433
0.24419159000423007
0.2598106699958239
0.2137159499928903
0.2685115399986021
0.17900143000802426
0.22153370000824218
0.17658316000394414
0.21793345000565034
0.21761269000358557
0.24943456999101182
0.20421012001280198
0.29778467000212716
0.2505003899965187
0.27007055000081115
0.3119502599937667
0.20711547000246242
0.21591237999459928
0.23040597999926798
0.20534918000130853
0.2416267999888791
0.2163890299942761
0.20490232000585334
0.2748372999978384
0.252934030005818
0.2236846400011679
0.2824437500000056
0.2681840199868535
0.2117392499963576
