5.901932999998607
12.255891400000488
7.997824799998457
4.53485030000434
5.449138800008499
9.499146499999354
7.054407599994792
16.851242000006
3.8472134999945444
11.563061900005716
4.569997799989243
11.544192799992478
5.449355500006273
5.152432599999561
36.33788750000543
7.1435711000006
6.285071899999437
2.475889999993263
5.942896599996789
11.409123500002975
5.760251599991204
13.861668700004474
5.179570700003464
15.293827099995886
7.955142599994824
8.831492999996545
14.240625300008809
32.016482800007786
26.739529500000426
28.103738099996576
25.564988700001322
29.362482999998768
10.30409300000435
33.28185550001068
3.421149799990008
10.79090819999606
23.429957199996274
32.54847199998843
2.905788699993334
5.846754400006678
6.370382699998981
15.402122599991637
36.847234600003226
24.131690700011156
7.169448599999383
27.00899600000253
20.48718650000098
5.638892399996279
6.4213628000045
30.63531380000265
