60.43942130000049
60.75321810000485
60.449292200002276
60.73357899999366
60.88502519999526
60.89603350000733
60.793645299992924
60.739300399988764
60.90644590000024
60.86656320000582
60.413564900000964
60.80533909999402
60.966964200003915
60.90274250000087
60.4412128999877
60.691033600002214
60.60973239998896
60.969583100008364
60.77160159999463
61.003500599999946
60.43468510001044
60.65512289999501
60.858716299991194
60.39682030000691
60.77048469999653
60.78097449999975
60.90460019999657
60.8606406000023
60.50691710000514
60.96699560000123
60.48251169998878
60.9569077000081
60.44678940000064
60.81442380000182
61.046365899999316
60.6880808000021
60.47659650000165
60.87113090000523
60.91407349999597
60.896262100003156
60.87827329999065
60.929589100005
60.88980539999979
60.72156050000058
60.44307560000943
60.667320499999754
60.430250200002796
60.91510869999965
60.923429899999036
60.780293499999544
