58.950914799993434
60.413005000009825
60.33059020001237
60.31570669999934
60.42514379999612
60.327434399995596
46.71266640000626
60.372437499994994
60.34835060000869
60.35798419999984
60.41670649999495
60.332669700001624
60.422356600004434
60.33371570000283
50.696980399997855
60.35968880001352
43.78543339999007
45.03727709999714
60.41526589999122
60.38547859999758
60.319960099995164
36.417315999991835
60.31802029999769
39.38232779999413
41.49349640000353
60.40329929998866
60.40470600000688
32.6217906000055
60.32078660000628
48.980166600011046
60.32147639999686
60.37950099999423
60.419407999995975
60.32194460000045
60.34610610001041
60.36079120000186
60.38786710000013
60.369957899991064
60.346219899991276
53.87937990000469
60.463482900012984
60.345597599995074
13.862033899995522
60.37303840000144
39.587714500006236
60.39473800001146
60.33096070000081
60.40550169999549
60.44744710001176
60.377858300002224
