60.34373640000107
60.627326100001
60.73796349999547
60.36764299999251
60.56496130000371
60.349826499991494
60.585893600002464
60.33850980000305
60.72610489999808
60.58854269999637
38.165049700000694
60.68951469999865
60.60815010000179
60.55036969998876
60.35967140000574
60.53773370000849
60.36245900001327
60.549018399992086
60.69337869999872
48.00957090000735
60.7070541999908
60.53842030001039
60.670337000003435
60.37112169999281
35.776155600007996
60.534997100012326
60.63321300001318
60.55234570000496
60.66269090000552
60.48790959999585
60.39559899999688
60.38057339999279
60.568256800004995
60.70110799999986
60.381953900006046
60.37405389999647
60.67966689999964
60.36410100000756
60.75102750000788
60.3745578000057
44.60521580000585
60.520152599997466
60.622678099994474
60.61690180000304
60.3685328000105
53.01371709998711
60.369644000001784
60.50361319999694
60.58093850000332
60.56856410000045
