61.53300719999969
61.918417699998166
61.55387449999618
61.264842899989645
61.94913889999778
61.437953600011525
61.91053449999521
61.29701669999754
61.68236439999922
61.59117970000449
61.43087380000191
61.272775400004825
60.636298999992015
61.552039700010376
61.35699129999356
61.70118159999481
62.08305549999815
61.93227799999991
61.51962830000562
61.39480250000153
61.41269320001295
61.336401700004664
61.4374799000023
61.710693600012966
61.28931709999833
61.07363139999989
61.98127509999668
61.714977799991836
60.582362699998576
60.61618019999922
61.14571770000613
61.43783800000195
61.499316200005396
61.43977050000025
61.54503429998745
60.98222539999505
61.37076599999932
61.05420649999011
61.47560089999777
61.676110200002654
61.811276899999605
61.391216500005484
61.78964610000723
61.01432389999362
61.11123880000556
61.50027330000211
61.48686200000578
61.806439499989644
61.361598299996054
61.22238930000664
