60.981164399994256
61.24199980001143
61.077685699998625
61.26194619999832
61.24441369999969
61.064989700002556
61.56869109998794
61.06493970001149
61.133677299997956
61.230957000009624
61.469158700005785
61.222398699991714
60.5158380999945
61.039752799994105
61.11568510000341
61.68340319999106
61.23809250000347
60.87341079999022
60.56458590000464
61.26809069999752
61.193746999997245
61.26789719998807
60.931671199997496
61.17937559999909
60.96110940000153
61.11273650000721
60.94090109999063
61.41043790000492
61.09155380000205
61.14111850000025
61.20389690000809
61.2551168999939
60.92705079999076
60.95329079999155
61.31471010000106
60.58436379999968
61.052657899994315
60.93976760000255
61.122476299992776
61.09918159999655
60.901906000003244
61.0010322000089
61.09535189999938
61.24563709999624
61.27052640000515
61.12433519999728
60.57224200000968
61.561683300000766
61.40294689999777
61.18096810000472
