61.39442229999742
61.16560439999927
61.572909499998175
62.11891480000621
61.364385900001764
61.526159599995346
61.55432520000941
61.50180729999773
61.971682700003974
61.4974341999964
61.588390399994935
61.52512979999747
61.28918339999436
61.930436800007286
62.01520559999316
61.446609899999565
61.670579099998776
61.69029799999517
61.844247700009376
61.35909280000031
61.89877190000029
61.727859200005476
61.84269330000062
61.377329299989064
61.4529078000064
61.60148050000467
61.23643379999
61.44915269999093
61.824491100005694
61.209767799997195
61.97850210000262
62.07526519999681
61.58631860000276
61.530767799998436
61.79038239999399
61.444931300000434
62.109569999996296
61.47737219999306
61.570876099992844
61.415464699995724
61.661970899988205
61.18231720000105
61.301623800007775
62.02682350000932
61.669921099998255
61.56275010000206
61.9748137999914
61.86454350001218
60.63130480000561
61.1782085000041
