61.31807030000287
61.48089889999686
61.58849969999645
61.29475830000525
61.34696850000019
61.20189100001024
61.6470489000128
61.86033929999906
61.434770199992485
61.499220300005774
61.763247399993936
61.79328370000073
61.60617569998976
61.30844369999544
61.844718200008685
61.54108129999448
61.58960549999782
61.27676190000094
61.206844099989105
62.2964683999906
61.80604919998901
61.682609899998724
61.631319199992845
61.47682430000085
61.533788899995365
61.355145500007175
61.25100779999897
61.528336800000154
61.495434399993655
61.33780399998778
61.540699899996824
61.44817480000408
61.27216260000139
61.39660980000501
61.9668647000006
61.676537799995614
61.53554510000218
61.442122799989136
61.34832800000182
61.67147550000408
61.48346259999799
61.34362330000806
61.3356472999955
61.657048000001716
61.6159505000111
61.63712009999813
61.20693310000167
61.324726699995786
61.258913300007606
61.5379842000085
