61.817038200006664
61.3736889000093
61.6289666999921
61.302966600002065
61.26944519999893
61.32332590000768
61.17266519999374
61.02309430000462
60.98028230000246
61.33187860000094
60.57300439999614
61.244933600006235
61.34374539999119
61.09185509999882
61.44988589999206
61.124887100002155
61.104591800001884
61.47626999998846
60.574646200005624
61.024044900008406
61.26378100000034
61.08986850000846
61.611940299991325
61.12171310000713
61.40213819999994
60.99761099999787
61.00296559999575
61.31941659999992
61.27298290000001
61.20107559999619
61.53296550000492
61.37835040000332
61.34360000000539
61.31796759999646
61.14995349998851
61.37190370000037
61.47847059999304
61.27402990001256
61.081159799999774
61.309581600003646
61.01681419999975
61.24790739999125
61.60768599999357
61.48781010000353
61.37079999999977
61.143118099993586
61.16341620000613
61.431057900004674
61.388351299993694
61.408270500007056
