61.4914506999997
61.25207790000041
60.50605899999004
61.98130500000537
61.2484869000044
60.56571909999635
61.29010109999905
61.535541700008686
60.5232525000054
61.60269289999914
61.24461060000292
61.4537775999967
61.26233149999793
61.313655799997505
60.50144570000318
61.05894600001021
61.96584159999384
61.24068560000216
61.213306600002205
61.4530893999956
61.22090069999929
61.22103049999866
61.90910920000443
61.403038899989085
61.47138559999023
61.267216600009036
61.138713900008405
61.329237200002005
61.64477969999475
60.93216060001014
61.15108440000148
61.174270900008054
61.75616900000748
61.66532860000221
61.819688200010994
61.13667079999845
61.35300350000707
61.536142499999485
61.56844249999948
61.74176040000471
62.08251019999402
61.63198080000318
61.386151499989836
61.212263300000764
61.04315070000564
61.50167549999588
61.16965489999554
61.130832900007995
61.74639570000072
61.27145440001
