61.298685199995845
61.199174199988946
60.56916640000319
61.20756119999592
61.38050339999683
60.98639219999859
61.19995069999141
61.60498849999177
61.112000399999474
61.460146099998234
61.35611339999976
60.54263550001052
61.644885199995926
61.19741869999227
61.241398000002704
61.67526139999469
61.28907559999426
61.21004380000653
61.32901999999023
61.49612160001107
61.028473699995594
61.06466080000499
61.344603599990656
61.10628209999146
61.54420109999805
61.13675049999852
61.34272140001335
61.51069729999611
61.04546029999994
61.24128099998797
61.106844299992204
61.51527769999867
61.63175790001015
61.32069810000167
61.38876460000772
61.38672890000481
61.360433300003535
61.1789930000026
61.68857130000298
61.42175920000256
61.08774440000264
60.95120949999953
61.18879209999802
61.62030660000068
61.31944610000725
61.598763900010695
61.672396900005616
61.2529073000037
61.6982191999924
61.44956230000864
