61.71804680000629
61.6898614000048
61.403267200002055
61.05602999999275
61.52606130000793
61.240785499995965
61.81822599999583
61.35081669999955
61.4691396000086
61.57857329999619
61.09886530001149
61.237372500004895
61.385796500000374
61.62038850000604
61.06252479999909
61.31426909999436
61.69741770000101
61.67033320000122
61.378536500000386
60.52680710000566
61.36160670000395
61.452856100003814
61.4579355999936
61.40839719998898
61.16366860001208
61.45480430000831
61.30654710000163
61.61586589999787
61.31927389999864
61.29309630000168
60.58321519999764
61.37160529999135
61.31489479999663
60.97812400000332
61.47622170000101
61.23704869999831
61.24326269999088
60.57518199999932
61.42942200000515
61.16031769999768
61.25225640000494
61.448999800004806
61.53075029999903
61.16765489999874
61.57128100000741
61.623558700000295
61.29113309999355
61.48201790000344
61.28990849999276
61.407165300000365
