1.3011313000014864
1.1132332999990027
0.5731064999974892
1.4163637999967749
1.5241427000022445
1.680866499996271
1.4922936000120168
1.1446067000015674
0.6006508999926164
1.0279549000022845
0.6246486000002729
0.5407004999890783
1.4744559999970608
1.5780787999952028
1.3502249999904203
0.7144065000034607
0.8113927999973495
1.1180489999953378
1.784840899997613
1.1566955000100219
0.8193875999962477
1.3825828000025853
1.613121300002605
1.011812600001262
0.8767860999999181
0.980050300007188
1.0416812999987026
0.599052399997885
0.6753861000022976
0.754051499995403
0.8055981999929601
1.1785869999996852
0.7914441000032624
0.5813254999911907
1.4701854000024475
0.8135674000031842
1.7233604000005653
0.9141235000032392
0.8917015000031162
0.956633500012124
0.9134013000113221
0.7269301999987279
0.7271215999966864
1.3828275000055181
0.5426634000056653
1.4316779000042086
1.0242099999939893
1.149546499993788
0.7371828999997765
0.917912600010754
