61.31106509999143
60.982884299992726
60.508894799994835
61.302681099996306
61.35493280000279
61.30671600001158
61.04472809999083
60.98626569999676
61.111265300000866
61.3469404999904
61.07224980000443
61.07051270000174
61.38539040000189
61.27014910000814
61.06315270000215
61.13683999999742
61.224259800006124
61.15282119999508
61.149927400008984
61.293427400000134
61.20523839998751
61.21032320001036
61.13705379999254
60.97749339999672
61.122087300007834
61.45550579999116
61.31437629999329
61.28422879999589
61.229957400003045
61.260091999997144
61.09445639999596
61.161923299989496
61.095551099999014
61.30504700000633
60.929375300005304
61.20001779999345
61.02904629999906
61.43288819999278
61.237316699998395
61.050934599998236
61.06990170000498
61.33562909999446
61.376640999995224
61.211889899991505
61.24137469999969
61.445315700001046
61.48010099999893
61.15535879999773
61.10829309999684
61.08808749999909
