61.63158730000448
61.69544449999915
61.96981869999987
62.02917560000432
62.043613599991694
62.105907199996366
61.84012530001119
61.55404200000157
61.35378940000739
61.93240730001071
61.97494699999736
61.68502150000054
61.47486749999636
61.65057719999272
61.39713450000062
61.94496630000243
61.2648422999929
61.33399450001176
61.691072700005485
61.501632700008976
61.703024499998534
61.53907370000155
61.436276300005225
61.53411669999842
61.74369659999946
61.852547400001505
61.4768716999931
61.70043819999669
62.01443980001097
61.40006559999741
61.48335970000424
61.431048300003106
60.700319799997416
61.729236699996754
61.53894449999714
61.399195999993445
61.37578650000707
61.60237819998991
61.400445500003215
61.50958639999448
61.868039100003834
62.02738139999881
61.343356400008574
61.95883610000746
61.59075370000689
62.039738699989925
61.72792770000368
61.37861999999733
61.467159499994565
61.82092540000629
