60.50446649999328
60.79375319999385
61.25654149999834
60.99204300000366
61.03344560000273
61.09040150000597
60.857281300001375
60.99220509999786
60.85012899999733
61.23883939998926
61.12700089999756
61.04646049999064
60.811016499996114
61.073632099996836
61.450409699994424
61.09215139999651
61.019077700000906
61.269580700001754
61.165662600003124
61.003292900010166
60.93768229999099
60.79657290000442
61.24441090000452
60.97215730000896
61.1119968000005
60.94134390000858
61.36494029999802
61.20240129999418
61.076203400007806
60.95637789999436
61.207611499996055
61.32343050000572
61.14037520000016
61.22948359999611
61.00127159999038
61.074696100006385
60.95181700000528
60.99359109999913
60.55302659999569
61.268402499996576
60.52520850000767
61.15525879999635
61.030225699995945
61.13092519998806
61.38736090000358
61.296223499999904
61.16019179999949
61.125197699994914
60.99727170000067
61.222134600002775
